mode: atomic
github.com/corvusHold/guard/internal/applications/service/service.go:19.43,21.2 1 7
github.com/corvusHold/guard/internal/applications/service/service.go:23.101,25.16 2 4
github.com/corvusHold/guard/internal/applications/service/service.go:25.16,27.3 1 1
github.com/corvusHold/guard/internal/applications/service/service.go:28.2,40.32 2 3
github.com/corvusHold/guard/internal/applications/service/service.go:43.90,45.2 1 1
github.com/corvusHold/guard/internal/applications/service/service.go:47.125,49.2 1 0
github.com/corvusHold/guard/internal/applications/service/service.go:51.115,53.2 1 0
github.com/corvusHold/guard/internal/applications/service/service.go:55.67,57.2 1 2
github.com/corvusHold/guard/internal/auth/sso/domain/errors.go:10.45,12.2 1 0
github.com/corvusHold/guard/internal/auth/sso/domain/errors.go:19.45,21.2 1 0
github.com/corvusHold/guard/internal/auth/sso/domain/errors.go:30.45,32.2 1 0
github.com/corvusHold/guard/internal/auth/sso/domain/errors.go:39.43,41.2 1 0
github.com/corvusHold/guard/internal/auth/sso/domain/errors.go:46.41,48.2 1 0
github.com/corvusHold/guard/internal/auth/sso/domain/errors.go:55.51,57.2 1 0
github.com/corvusHold/guard/internal/auth/sso/domain/errors.go:65.45,67.2 1 0
github.com/corvusHold/guard/internal/auth/sso/domain/errors.go:74.42,76.2 1 0
github.com/corvusHold/guard/internal/auth/sso/domain/errors.go:94.45,95.18 1 0
github.com/corvusHold/guard/internal/auth/sso/domain/errors.go:96.33,97.125 1 0
github.com/corvusHold/guard/internal/auth/sso/domain/errors.go:98.37,99.115 1 0
github.com/corvusHold/guard/internal/auth/sso/domain/errors.go:100.10,101.59 1 0
github.com/corvusHold/guard/internal/auth/sso/domain/types.go:45.39,46.11 1 0
github.com/corvusHold/guard/internal/auth/sso/domain/types.go:47.75,48.14 1 0
github.com/corvusHold/guard/internal/auth/sso/domain/types.go:49.10,50.15 1 0
github.com/corvusHold/guard/internal/auth/sso/domain/types.go:297.52,306.2 1 9
github.com/corvusHold/guard/internal/auth/sso/domain/types.go:309.75,310.20 1 10
github.com/corvusHold/guard/internal/auth/sso/domain/types.go:310.20,312.3 1 8
github.com/corvusHold/guard/internal/auth/sso/domain/types.go:315.2,315.46 1 10
github.com/corvusHold/guard/internal/auth/sso/domain/types.go:315.46,316.28 1 51
github.com/corvusHold/guard/internal/auth/sso/domain/types.go:316.28,317.63 1 163
github.com/corvusHold/guard/internal/auth/sso/domain/types.go:317.63,319.5 1 12
github.com/corvusHold/guard/internal/auth/sso/domain/types.go:321.3,321.13 1 39
github.com/corvusHold/guard/internal/auth/sso/domain/types.go:325.2,325.43 1 10
github.com/corvusHold/guard/internal/auth/sso/domain/types.go:325.43,326.17 1 43
github.com/corvusHold/guard/internal/auth/sso/domain/types.go:326.17,328.4 1 34
github.com/corvusHold/guard/internal/auth/sso/domain/types.go:329.3,329.32 1 9
github.com/corvusHold/guard/internal/auth/sso/domain/types.go:329.32,331.4 1 8
github.com/corvusHold/guard/internal/auth/sso/domain/types.go:332.3,332.12 1 1
github.com/corvusHold/guard/internal/auth/sso/domain/types.go:336.2,336.50 1 10
github.com/corvusHold/guard/internal/auth/sso/domain/types.go:336.50,337.17 1 8
github.com/corvusHold/guard/internal/auth/sso/domain/types.go:337.17,339.4 1 5
github.com/corvusHold/guard/internal/auth/sso/domain/types.go:340.3,340.26 1 3
github.com/corvusHold/guard/internal/auth/sso/domain/types.go:341.17,342.12 1 1
github.com/corvusHold/guard/internal/auth/sso/domain/types.go:343.22,345.27 2 1
github.com/corvusHold/guard/internal/auth/sso/domain/types.go:345.27,346.35 1 3
github.com/corvusHold/guard/internal/auth/sso/domain/types.go:346.35,348.6 1 3
github.com/corvusHold/guard/internal/auth/sso/domain/types.go:350.4,350.17 1 1
github.com/corvusHold/guard/internal/auth/sso/domain/types.go:351.15,352.22 1 1
github.com/corvusHold/guard/internal/auth/sso/domain/types.go:353.11,354.14 1 0
github.com/corvusHold/guard/internal/auth/sso/domain/types.go:359.2,359.25 1 10
github.com/corvusHold/guard/internal/auth/sso/domain/types.go:359.25,360.39 1 9
github.com/corvusHold/guard/internal/auth/sso/domain/types.go:360.39,362.4 1 9
github.com/corvusHold/guard/internal/auth/sso/domain/types.go:364.2,364.29 1 10
github.com/corvusHold/guard/internal/auth/sso/domain/types.go:364.29,365.44 1 9
github.com/corvusHold/guard/internal/auth/sso/domain/types.go:365.44,367.4 1 8
github.com/corvusHold/guard/internal/auth/sso/domain/types.go:369.2,369.28 1 10
github.com/corvusHold/guard/internal/auth/sso/domain/types.go:369.28,370.43 1 10
github.com/corvusHold/guard/internal/auth/sso/domain/types.go:370.43,372.4 1 9
github.com/corvusHold/guard/internal/auth/sso/domain/types.go:374.2,374.24 1 10
github.com/corvusHold/guard/internal/auth/sso/domain/types.go:374.24,375.38 1 10
github.com/corvusHold/guard/internal/auth/sso/domain/types.go:375.38,377.4 1 9
github.com/corvusHold/guard/internal/auth/sso/domain/types.go:379.2,379.27 1 10
github.com/corvusHold/guard/internal/auth/sso/domain/types.go:379.27,380.41 1 10
github.com/corvusHold/guard/internal/auth/sso/domain/types.go:380.41,382.4 1 8
github.com/corvusHold/guard/internal/auth/sso/domain/types.go:384.2,384.30 1 10
github.com/corvusHold/guard/internal/auth/sso/domain/types.go:384.30,385.40 1 10
github.com/corvusHold/guard/internal/auth/sso/domain/types.go:385.40,387.4 1 8
github.com/corvusHold/guard/internal/auth/sso/domain/validation.go:12.46,13.16 1 0
github.com/corvusHold/guard/internal/auth/sso/domain/validation.go:13.16,15.3 1 0
github.com/corvusHold/guard/internal/auth/sso/domain/validation.go:17.2,18.14 2 0
github.com/corvusHold/guard/internal/auth/sso/domain/validation.go:18.14,20.3 1 0
github.com/corvusHold/guard/internal/auth/sso/domain/validation.go:21.2,21.20 1 0
github.com/corvusHold/guard/internal/auth/sso/domain/validation.go:21.20,23.3 1 0
github.com/corvusHold/guard/internal/auth/sso/domain/validation.go:24.2,24.12 1 0
github.com/corvusHold/guard/internal/auth/sso/domain/validation.go:28.39,29.18 1 0
github.com/corvusHold/guard/internal/auth/sso/domain/validation.go:29.18,31.3 1 0
github.com/corvusHold/guard/internal/auth/sso/domain/validation.go:32.2,33.16 2 0
github.com/corvusHold/guard/internal/auth/sso/domain/validation.go:33.16,35.3 1 0
github.com/corvusHold/guard/internal/auth/sso/domain/validation.go:36.2,36.57 1 0
github.com/corvusHold/guard/internal/auth/sso/domain/validation.go:36.57,38.3 1 0
github.com/corvusHold/guard/internal/auth/sso/domain/validation.go:39.2,39.12 1 0
github.com/corvusHold/guard/internal/auth/sso/domain/validation.go:43.40,45.35 1 0
github.com/corvusHold/guard/internal/auth/sso/domain/validation.go:45.35,47.3 1 0
github.com/corvusHold/guard/internal/auth/sso/domain/validation.go:48.2,48.22 1 0
github.com/corvusHold/guard/internal/auth/sso/domain/validation.go:48.22,50.3 1 0
github.com/corvusHold/guard/internal/auth/sso/domain/validation.go:51.2,51.12 1 0
github.com/corvusHold/guard/internal/auth/sso/domain/validation.go:55.46,57.21 2 0
github.com/corvusHold/guard/internal/auth/sso/domain/validation.go:57.21,59.3 1 0
github.com/corvusHold/guard/internal/auth/sso/domain/validation.go:60.2,60.34 1 0
github.com/corvusHold/guard/internal/auth/sso/domain/validation.go:65.71,66.30 1 0
github.com/corvusHold/guard/internal/auth/sso/domain/validation.go:66.30,68.3 1 0
github.com/corvusHold/guard/internal/auth/sso/domain/validation.go:70.2,71.18 2 0
github.com/corvusHold/guard/internal/auth/sso/domain/validation.go:71.18,73.3 1 0
github.com/corvusHold/guard/internal/auth/sso/domain/validation.go:75.2,75.41 1 0
github.com/corvusHold/guard/internal/auth/sso/domain/validation.go:75.41,76.41 1 0
github.com/corvusHold/guard/internal/auth/sso/domain/validation.go:76.41,78.4 1 0
github.com/corvusHold/guard/internal/auth/sso/domain/validation.go:81.2,81.14 1 0
github.com/corvusHold/guard/internal/auth/keys/keys.go:31.81,37.45 2 9
github.com/corvusHold/guard/internal/auth/keys/keys.go:37.45,40.3 2 1
github.com/corvusHold/guard/internal/auth/keys/keys.go:42.2,42.26 1 8
github.com/corvusHold/guard/internal/auth/keys/keys.go:42.26,44.3 1 1
github.com/corvusHold/guard/internal/auth/keys/keys.go:46.2,46.26 1 7
github.com/corvusHold/guard/internal/auth/keys/keys.go:46.26,48.17 2 1
github.com/corvusHold/guard/internal/auth/keys/keys.go:48.17,50.4 1 0
github.com/corvusHold/guard/internal/auth/keys/keys.go:51.3,52.17 2 1
github.com/corvusHold/guard/internal/auth/keys/keys.go:52.17,54.4 1 0
github.com/corvusHold/guard/internal/auth/keys/keys.go:55.3,56.31 2 1
github.com/corvusHold/guard/internal/auth/keys/keys.go:57.8,60.17 2 6
github.com/corvusHold/guard/internal/auth/keys/keys.go:60.17,62.4 1 0
github.com/corvusHold/guard/internal/auth/keys/keys.go:63.3,64.31 2 6
github.com/corvusHold/guard/internal/auth/keys/keys.go:68.2,70.15 2 7
github.com/corvusHold/guard/internal/auth/keys/keys.go:74.38,76.2 1 1
github.com/corvusHold/guard/internal/auth/keys/keys.go:79.39,81.2 1 9
github.com/corvusHold/guard/internal/auth/keys/keys.go:84.53,85.28 1 1
github.com/corvusHold/guard/internal/auth/keys/keys.go:85.28,87.3 1 0
github.com/corvusHold/guard/internal/auth/keys/keys.go:88.2,88.31 1 1
github.com/corvusHold/guard/internal/auth/keys/keys.go:94.63,95.51 1 1
github.com/corvusHold/guard/internal/auth/keys/keys.go:95.51,97.3 1 0
github.com/corvusHold/guard/internal/auth/keys/keys.go:99.2,99.24 1 1
github.com/corvusHold/guard/internal/auth/keys/keys.go:99.24,101.3 1 0
github.com/corvusHold/guard/internal/auth/keys/keys.go:102.2,102.29 1 1
github.com/corvusHold/guard/internal/auth/keys/keys.go:108.68,109.50 1 1
github.com/corvusHold/guard/internal/auth/keys/keys.go:109.50,111.3 1 0
github.com/corvusHold/guard/internal/auth/keys/keys.go:112.2,112.24 1 1
github.com/corvusHold/guard/internal/auth/keys/keys.go:112.24,114.3 1 1
github.com/corvusHold/guard/internal/auth/keys/keys.go:115.2,115.29 1 0
github.com/corvusHold/guard/internal/auth/keys/keys.go:119.34,121.2 1 11
github.com/corvusHold/guard/internal/auth/keys/keys.go:125.46,126.45 1 5
github.com/corvusHold/guard/internal/auth/keys/keys.go:126.45,128.3 1 2
github.com/corvusHold/guard/internal/auth/keys/keys.go:130.2,142.3 3 3
github.com/corvusHold/guard/internal/auth/keys/keys.go:146.47,148.17 2 3
github.com/corvusHold/guard/internal/auth/keys/keys.go:148.17,150.3 1 1
github.com/corvusHold/guard/internal/auth/keys/keys.go:151.2,151.27 1 2
github.com/corvusHold/guard/internal/auth/keys/keys.go:155.46,162.2 5 14
github.com/corvusHold/guard/internal/auth/keys/rotation.go:49.74,57.2 2 13
github.com/corvusHold/guard/internal/auth/keys/rotation.go:60.85,64.21 3 3
github.com/corvusHold/guard/internal/auth/keys/rotation.go:64.21,67.3 2 1
github.com/corvusHold/guard/internal/auth/keys/rotation.go:67.8,69.3 1 2
github.com/corvusHold/guard/internal/auth/keys/rotation.go:70.2,73.16 3 3
github.com/corvusHold/guard/internal/auth/keys/rotation.go:73.16,75.3 1 1
github.com/corvusHold/guard/internal/auth/keys/rotation.go:76.2,82.18 5 2
github.com/corvusHold/guard/internal/auth/keys/rotation.go:82.18,86.130 4 3
github.com/corvusHold/guard/internal/auth/keys/rotation.go:86.130,88.4 1 1
github.com/corvusHold/guard/internal/auth/keys/rotation.go:89.3,93.17 4 2
github.com/corvusHold/guard/internal/auth/keys/rotation.go:93.17,94.12 1 1
github.com/corvusHold/guard/internal/auth/keys/rotation.go:96.3,98.12 3 1
github.com/corvusHold/guard/internal/auth/keys/rotation.go:98.12,101.4 2 1
github.com/corvusHold/guard/internal/auth/keys/rotation.go:103.2,103.19 1 1
github.com/corvusHold/guard/internal/auth/keys/rotation.go:108.53,111.44 3 1
github.com/corvusHold/guard/internal/auth/keys/rotation.go:111.44,113.3 1 0
github.com/corvusHold/guard/internal/auth/keys/rotation.go:114.2,114.20 1 1
github.com/corvusHold/guard/internal/auth/keys/rotation.go:118.62,121.35 3 2
github.com/corvusHold/guard/internal/auth/keys/rotation.go:121.35,123.3 1 1
github.com/corvusHold/guard/internal/auth/keys/rotation.go:124.2,124.20 1 1
github.com/corvusHold/guard/internal/auth/keys/rotation.go:128.56,133.32 4 2
github.com/corvusHold/guard/internal/auth/keys/rotation.go:133.32,134.23 1 0
github.com/corvusHold/guard/internal/auth/keys/rotation.go:134.23,136.18 2 0
github.com/corvusHold/guard/internal/auth/keys/rotation.go:136.18,137.13 1 0
github.com/corvusHold/guard/internal/auth/keys/rotation.go:139.4,142.54 2 0
github.com/corvusHold/guard/internal/auth/keys/rotation.go:142.54,143.13 1 0
github.com/corvusHold/guard/internal/auth/keys/rotation.go:145.4,145.43 1 0
github.com/corvusHold/guard/internal/auth/keys/rotation.go:149.2,149.54 1 2
github.com/corvusHold/guard/internal/auth/keys/rotation.go:149.54,150.75 1 1
github.com/corvusHold/guard/internal/auth/keys/rotation.go:150.75,152.18 2 1
github.com/corvusHold/guard/internal/auth/keys/rotation.go:152.18,156.55 2 1
github.com/corvusHold/guard/internal/auth/keys/rotation.go:156.55,158.6 1 1
github.com/corvusHold/guard/internal/auth/keys/rotation.go:163.2,163.62 1 2
github.com/corvusHold/guard/internal/auth/keys/rotation.go:167.114,169.16 2 2
github.com/corvusHold/guard/internal/auth/keys/rotation.go:169.16,171.3 1 0
github.com/corvusHold/guard/internal/auth/keys/rotation.go:173.2,174.16 2 2
github.com/corvusHold/guard/internal/auth/keys/rotation.go:174.16,176.3 1 0
github.com/corvusHold/guard/internal/auth/keys/rotation.go:177.2,180.16 3 2
github.com/corvusHold/guard/internal/auth/keys/rotation.go:180.16,182.3 1 0
github.com/corvusHold/guard/internal/auth/keys/rotation.go:184.2,199.16 3 2
github.com/corvusHold/guard/internal/auth/keys/rotation.go:199.16,201.3 1 1
github.com/corvusHold/guard/internal/auth/keys/rotation.go:203.2,209.17 6 1
github.com/corvusHold/guard/internal/auth/keys/rotation.go:213.77,219.16 3 3
github.com/corvusHold/guard/internal/auth/keys/rotation.go:219.16,221.3 1 1
github.com/corvusHold/guard/internal/auth/keys/rotation.go:223.2,226.25 4 2
github.com/corvusHold/guard/internal/auth/keys/rotation.go:226.25,230.37 3 2
github.com/corvusHold/guard/internal/auth/keys/rotation.go:230.37,231.27 1 1
github.com/corvusHold/guard/internal/auth/keys/rotation.go:231.27,234.5 2 1
github.com/corvusHold/guard/internal/auth/keys/rotation.go:237.2,238.12 2 2
github.com/corvusHold/guard/internal/auth/keys/rotation.go:242.73,244.18 2 14
github.com/corvusHold/guard/internal/auth/keys/rotation.go:244.18,246.3 1 2
github.com/corvusHold/guard/internal/auth/keys/rotation.go:247.2,248.16 2 12
github.com/corvusHold/guard/internal/auth/keys/rotation.go:248.16,250.3 1 1
github.com/corvusHold/guard/internal/auth/keys/rotation.go:251.2,256.15 2 11
github.com/corvusHold/guard/internal/auth/keys/rotation.go:256.15,258.3 1 6
github.com/corvusHold/guard/internal/auth/keys/rotation.go:258.8,260.3 1 5
github.com/corvusHold/guard/internal/auth/keys/rotation.go:261.2,261.15 1 11
github.com/corvusHold/guard/internal/auth/issuer/issuer.go:22.72,24.16 2 3
github.com/corvusHold/guard/internal/auth/issuer/issuer.go:24.16,26.3 1 0
github.com/corvusHold/guard/internal/auth/issuer/issuer.go:28.2,29.16 2 3
github.com/corvusHold/guard/internal/auth/issuer/issuer.go:29.16,31.3 1 0
github.com/corvusHold/guard/internal/auth/issuer/issuer.go:33.2,33.27 1 3
github.com/corvusHold/guard/internal/auth/issuer/issuer.go:33.27,35.17 2 1
github.com/corvusHold/guard/internal/auth/issuer/issuer.go:35.17,37.62 2 1
github.com/corvusHold/guard/internal/auth/issuer/issuer.go:37.62,44.5 6 1
github.com/corvusHold/guard/internal/auth/issuer/issuer.go:48.2,49.18 2 2
github.com/corvusHold/guard/internal/auth/issuer/issuer.go:49.18,51.3 1 0
github.com/corvusHold/guard/internal/auth/issuer/issuer.go:52.2,52.37 1 2
github.com/corvusHold/guard/internal/auth/issuer/issuer.go:52.37,54.3 1 0
github.com/corvusHold/guard/internal/auth/issuer/issuer.go:56.2,57.16 2 2
github.com/corvusHold/guard/internal/auth/issuer/issuer.go:57.16,59.3 1 0
github.com/corvusHold/guard/internal/auth/issuer/issuer.go:60.2,63.43 4 2
github.com/corvusHold/guard/internal/auth/issuer/issuer.go:67.67,69.46 2 1
github.com/corvusHold/guard/internal/auth/issuer/issuer.go:69.46,71.3 1 0
github.com/corvusHold/guard/internal/auth/issuer/issuer.go:72.2,72.44 1 1
github.com/corvusHold/guard/internal/auth/issuer/issuer.go:76.68,78.15 2 1
github.com/corvusHold/guard/internal/auth/issuer/issuer.go:78.15,80.3 1 0
github.com/corvusHold/guard/internal/auth/issuer/issuer.go:81.2,81.39 1 1
github.com/corvusHold/guard/internal/auth/middleware/apikey.go:32.67,33.54 1 4
github.com/corvusHold/guard/internal/auth/middleware/apikey.go:33.54,34.37 1 4
github.com/corvusHold/guard/internal/auth/middleware/apikey.go:34.37,41.20 3 4
github.com/corvusHold/guard/internal/auth/middleware/apikey.go:41.20,43.46 2 2
github.com/corvusHold/guard/internal/auth/middleware/apikey.go:43.46,45.6 1 1
github.com/corvusHold/guard/internal/auth/middleware/apikey.go:48.4,48.20 1 4
github.com/corvusHold/guard/internal/auth/middleware/apikey.go:48.20,50.5 1 1
github.com/corvusHold/guard/internal/auth/middleware/apikey.go:52.4,53.18 2 3
github.com/corvusHold/guard/internal/auth/middleware/apikey.go:53.18,55.5 1 1
github.com/corvusHold/guard/internal/auth/middleware/apikey.go:58.4,62.18 4 2
github.com/corvusHold/guard/internal/auth/middleware/apikey.go:68.67,71.2 2 13
github.com/corvusHold/guard/internal/auth/middleware/apikey.go:74.60,76.9 2 2
github.com/corvusHold/guard/internal/auth/middleware/apikey.go:76.9,78.3 1 1
github.com/corvusHold/guard/internal/auth/middleware/apikey.go:79.2,79.27 1 1
github.com/corvusHold/guard/internal/auth/middleware/apikey.go:83.61,85.9 2 6
github.com/corvusHold/guard/internal/auth/middleware/apikey.go:85.9,87.3 1 1
github.com/corvusHold/guard/internal/auth/middleware/apikey.go:88.2,88.31 1 5
github.com/corvusHold/guard/internal/auth/middleware/apikey.go:88.31,89.29 1 6
github.com/corvusHold/guard/internal/auth/middleware/apikey.go:89.29,91.4 1 3
github.com/corvusHold/guard/internal/auth/middleware/apikey.go:93.2,93.14 1 2
github.com/corvusHold/guard/internal/auth/middleware/apikey.go:99.58,100.54 1 3
github.com/corvusHold/guard/internal/auth/middleware/apikey.go:100.54,101.37 1 3
github.com/corvusHold/guard/internal/auth/middleware/apikey.go:101.37,103.17 2 3
github.com/corvusHold/guard/internal/auth/middleware/apikey.go:103.17,105.5 1 1
github.com/corvusHold/guard/internal/auth/middleware/apikey.go:106.4,106.33 1 2
github.com/corvusHold/guard/internal/auth/middleware/apikey.go:106.33,107.54 1 2
github.com/corvusHold/guard/internal/auth/middleware/apikey.go:107.54,112.6 1 1
github.com/corvusHold/guard/internal/auth/middleware/apikey.go:114.4,114.18 1 1
github.com/corvusHold/guard/internal/auth/middleware/jwt.go:29.52,32.40 2 0
github.com/corvusHold/guard/internal/auth/middleware/jwt.go:32.40,34.3 1 0
github.com/corvusHold/guard/internal/auth/middleware/jwt.go:35.2,35.33 1 0
github.com/corvusHold/guard/internal/auth/middleware/jwt.go:35.33,37.3 1 0
github.com/corvusHold/guard/internal/auth/middleware/jwt.go:38.2,39.16 2 0
github.com/corvusHold/guard/internal/auth/middleware/jwt.go:39.16,41.3 1 0
github.com/corvusHold/guard/internal/auth/middleware/jwt.go:42.2,43.38 2 0
github.com/corvusHold/guard/internal/auth/middleware/jwt.go:46.73,47.54 1 5
github.com/corvusHold/guard/internal/auth/middleware/jwt.go:47.54,48.37 1 5
github.com/corvusHold/guard/internal/auth/middleware/jwt.go:48.37,52.18 2 6
github.com/corvusHold/guard/internal/auth/middleware/jwt.go:52.18,53.109 1 2
github.com/corvusHold/guard/internal/auth/middleware/jwt.go:53.109,55.6 1 1
github.com/corvusHold/guard/internal/auth/middleware/jwt.go:58.4,58.57 1 6
github.com/corvusHold/guard/internal/auth/middleware/jwt.go:58.57,60.5 1 1
github.com/corvusHold/guard/internal/auth/middleware/jwt.go:61.4,63.70 2 5
github.com/corvusHold/guard/internal/auth/middleware/jwt.go:63.70,64.61 1 4
github.com/corvusHold/guard/internal/auth/middleware/jwt.go:64.61,66.6 1 0
github.com/corvusHold/guard/internal/auth/middleware/jwt.go:67.5,67.24 1 4
github.com/corvusHold/guard/internal/auth/middleware/jwt.go:67.24,69.6 1 1
github.com/corvusHold/guard/internal/auth/middleware/jwt.go:70.5,70.25 1 3
github.com/corvusHold/guard/internal/auth/middleware/jwt.go:72.4,72.32 1 5
github.com/corvusHold/guard/internal/auth/middleware/jwt.go:72.32,74.5 1 2
github.com/corvusHold/guard/internal/auth/middleware/jwt.go:76.4,77.11 2 3
github.com/corvusHold/guard/internal/auth/middleware/jwt.go:77.11,79.5 1 0
github.com/corvusHold/guard/internal/auth/middleware/jwt.go:80.4,84.34 5 3
github.com/corvusHold/guard/internal/auth/middleware/jwt.go:84.34,86.5 1 1
github.com/corvusHold/guard/internal/auth/middleware/jwt.go:88.4,90.18 3 2
github.com/corvusHold/guard/internal/auth/middleware/jwt.go:96.61,98.16 2 7
github.com/corvusHold/guard/internal/auth/middleware/jwt.go:98.16,100.3 1 1
github.com/corvusHold/guard/internal/auth/middleware/jwt.go:101.2,102.18 2 6
github.com/corvusHold/guard/internal/auth/middleware/jwt.go:102.18,104.3 1 1
github.com/corvusHold/guard/internal/auth/middleware/jwt.go:105.2,105.20 1 5
github.com/corvusHold/guard/internal/auth/middleware/jwt.go:106.24,108.17 2 1
github.com/corvusHold/guard/internal/auth/middleware/jwt.go:108.17,110.4 1 0
github.com/corvusHold/guard/internal/auth/middleware/jwt.go:111.3,111.33 1 1
github.com/corvusHold/guard/internal/auth/middleware/jwt.go:112.21,114.17 2 2
github.com/corvusHold/guard/internal/auth/middleware/jwt.go:114.17,116.4 1 0
github.com/corvusHold/guard/internal/auth/middleware/jwt.go:117.3,118.10 2 2
github.com/corvusHold/guard/internal/auth/middleware/jwt.go:118.10,120.4 1 1
github.com/corvusHold/guard/internal/auth/middleware/jwt.go:121.3,121.31 1 1
github.com/corvusHold/guard/internal/auth/middleware/jwt.go:122.20,124.17 2 1
github.com/corvusHold/guard/internal/auth/middleware/jwt.go:124.17,126.4 1 0
github.com/corvusHold/guard/internal/auth/middleware/jwt.go:127.3,128.10 2 1
github.com/corvusHold/guard/internal/auth/middleware/jwt.go:128.10,130.4 1 0
github.com/corvusHold/guard/internal/auth/middleware/jwt.go:131.3,131.21 1 1
github.com/corvusHold/guard/internal/auth/middleware/jwt.go:132.10,133.122 1 1
github.com/corvusHold/guard/internal/auth/middleware/jwt.go:138.47,140.14 2 3
github.com/corvusHold/guard/internal/auth/middleware/jwt.go:140.14,142.3 1 1
github.com/corvusHold/guard/internal/auth/middleware/jwt.go:143.2,144.15 2 2
github.com/corvusHold/guard/internal/auth/middleware/jwt.go:148.49,150.14 2 3
github.com/corvusHold/guard/internal/auth/middleware/jwt.go:150.14,152.3 1 1
github.com/corvusHold/guard/internal/auth/middleware/jwt.go:153.2,154.15 2 2
github.com/corvusHold/guard/internal/auth/sso/state/state_manager.go:70.43,72.40 2 3
github.com/corvusHold/guard/internal/auth/sso/state/state_manager.go:72.40,74.3 1 0
github.com/corvusHold/guard/internal/auth/sso/state/state_manager.go:75.2,75.53 1 3
github.com/corvusHold/guard/internal/auth/sso/state/state_manager.go:86.112,87.21 1 0
github.com/corvusHold/guard/internal/auth/sso/state/state_manager.go:87.21,89.3 1 0
github.com/corvusHold/guard/internal/auth/sso/state/state_manager.go:90.2,90.21 1 0
github.com/corvusHold/guard/internal/auth/sso/state/state_manager.go:90.21,92.3 1 0
github.com/corvusHold/guard/internal/auth/sso/state/state_manager.go:93.2,97.3 1 0
github.com/corvusHold/guard/internal/auth/sso/state/state_manager.go:101.82,102.23 1 0
github.com/corvusHold/guard/internal/auth/sso/state/state_manager.go:102.23,104.3 1 0
github.com/corvusHold/guard/internal/auth/sso/state/state_manager.go:105.2,105.34 1 0
github.com/corvusHold/guard/internal/auth/sso/state/state_manager.go:105.34,107.3 1 0
github.com/corvusHold/guard/internal/auth/sso/state/state_manager.go:108.2,108.32 1 0
github.com/corvusHold/guard/internal/auth/sso/state/state_manager.go:108.32,110.3 1 0
github.com/corvusHold/guard/internal/auth/sso/state/state_manager.go:113.2,119.16 5 0
github.com/corvusHold/guard/internal/auth/sso/state/state_manager.go:119.16,121.3 1 0
github.com/corvusHold/guard/internal/auth/sso/state/state_manager.go:124.2,125.73 2 0
github.com/corvusHold/guard/internal/auth/sso/state/state_manager.go:125.73,127.3 1 0
github.com/corvusHold/guard/internal/auth/sso/state/state_manager.go:129.2,129.12 1 0
github.com/corvusHold/guard/internal/auth/sso/state/state_manager.go:133.94,134.22 1 0
github.com/corvusHold/guard/internal/auth/sso/state/state_manager.go:134.22,136.3 1 0
github.com/corvusHold/guard/internal/auth/sso/state/state_manager.go:138.2,140.22 3 0
github.com/corvusHold/guard/internal/auth/sso/state/state_manager.go:140.22,142.3 1 0
github.com/corvusHold/guard/internal/auth/sso/state/state_manager.go:143.2,143.16 1 0
github.com/corvusHold/guard/internal/auth/sso/state/state_manager.go:143.16,145.3 1 0
github.com/corvusHold/guard/internal/auth/sso/state/state_manager.go:147.2,148.53 2 0
github.com/corvusHold/guard/internal/auth/sso/state/state_manager.go:148.53,150.3 1 0
github.com/corvusHold/guard/internal/auth/sso/state/state_manager.go:153.2,153.39 1 0
github.com/corvusHold/guard/internal/auth/sso/state/state_manager.go:153.39,156.3 2 0
github.com/corvusHold/guard/internal/auth/sso/state/state_manager.go:158.2,158.20 1 0
github.com/corvusHold/guard/internal/auth/sso/state/state_manager.go:162.87,163.22 1 0
github.com/corvusHold/guard/internal/auth/sso/state/state_manager.go:163.22,165.3 1 0
github.com/corvusHold/guard/internal/auth/sso/state/state_manager.go:167.2,168.53 2 0
github.com/corvusHold/guard/internal/auth/sso/state/state_manager.go:168.53,170.3 1 0
github.com/corvusHold/guard/internal/auth/sso/state/state_manager.go:172.2,172.12 1 0
github.com/corvusHold/guard/internal/auth/sso/state/state_manager.go:177.98,178.22 1 0
github.com/corvusHold/guard/internal/auth/sso/state/state_manager.go:178.22,180.3 1 0
github.com/corvusHold/guard/internal/auth/sso/state/state_manager.go:182.2,196.39 4 0
github.com/corvusHold/guard/internal/auth/sso/state/state_manager.go:196.39,198.3 1 0
github.com/corvusHold/guard/internal/auth/sso/state/state_manager.go:199.2,199.16 1 0
github.com/corvusHold/guard/internal/auth/sso/state/state_manager.go:199.16,201.3 1 0
github.com/corvusHold/guard/internal/auth/sso/state/state_manager.go:204.2,205.9 2 0
github.com/corvusHold/guard/internal/auth/sso/state/state_manager.go:205.9,207.3 1 0
github.com/corvusHold/guard/internal/auth/sso/state/state_manager.go:209.2,210.61 2 0
github.com/corvusHold/guard/internal/auth/sso/state/state_manager.go:210.61,212.3 1 0
github.com/corvusHold/guard/internal/auth/sso/state/state_manager.go:215.2,215.39 1 0
github.com/corvusHold/guard/internal/auth/sso/state/state_manager.go:215.39,217.3 1 0
github.com/corvusHold/guard/internal/auth/sso/state/state_manager.go:219.2,219.20 1 0
github.com/corvusHold/guard/internal/auth/sso/provider/oidc.go:29.89,30.51 1 3
github.com/corvusHold/guard/internal/auth/sso/provider/oidc.go:30.51,32.3 1 0
github.com/corvusHold/guard/internal/auth/sso/provider/oidc.go:35.2,36.16 2 3
github.com/corvusHold/guard/internal/auth/sso/provider/oidc.go:36.16,38.3 1 0
github.com/corvusHold/guard/internal/auth/sso/provider/oidc.go:41.2,49.35 2 3
github.com/corvusHold/guard/internal/auth/sso/provider/oidc.go:49.35,51.3 1 1
github.com/corvusHold/guard/internal/auth/sso/provider/oidc.go:54.2,63.8 2 3
github.com/corvusHold/guard/internal/auth/sso/provider/oidc.go:67.51,69.2 1 1
github.com/corvusHold/guard/internal/auth/sso/provider/oidc.go:72.47,74.2 1 2
github.com/corvusHold/guard/internal/auth/sso/provider/oidc.go:77.54,78.19 1 10
github.com/corvusHold/guard/internal/auth/sso/provider/oidc.go:78.19,80.3 1 1
github.com/corvusHold/guard/internal/auth/sso/provider/oidc.go:81.2,81.25 1 9
github.com/corvusHold/guard/internal/auth/sso/provider/oidc.go:81.25,83.3 1 2
github.com/corvusHold/guard/internal/auth/sso/provider/oidc.go:84.2,84.27 1 7
github.com/corvusHold/guard/internal/auth/sso/provider/oidc.go:84.27,86.3 1 1
github.com/corvusHold/guard/internal/auth/sso/provider/oidc.go:87.2,87.31 1 6
github.com/corvusHold/guard/internal/auth/sso/provider/oidc.go:87.31,89.3 1 1
github.com/corvusHold/guard/internal/auth/sso/provider/oidc.go:90.2,90.12 1 5
github.com/corvusHold/guard/internal/auth/sso/provider/oidc.go:96.106,99.16 2 5
github.com/corvusHold/guard/internal/auth/sso/provider/oidc.go:99.16,101.3 1 0
github.com/corvusHold/guard/internal/auth/sso/provider/oidc.go:104.2,105.16 2 5
github.com/corvusHold/guard/internal/auth/sso/provider/oidc.go:105.16,107.3 1 0
github.com/corvusHold/guard/internal/auth/sso/provider/oidc.go:108.2,112.17 3 5
github.com/corvusHold/guard/internal/auth/sso/provider/oidc.go:112.17,114.17 2 4
github.com/corvusHold/guard/internal/auth/sso/provider/oidc.go:114.17,116.4 1 0
github.com/corvusHold/guard/internal/auth/sso/provider/oidc.go:120.2,127.21 2 5
github.com/corvusHold/guard/internal/auth/sso/provider/oidc.go:127.21,129.3 1 1
github.com/corvusHold/guard/internal/auth/sso/provider/oidc.go:130.2,130.26 1 5
github.com/corvusHold/guard/internal/auth/sso/provider/oidc.go:130.26,132.3 1 1
github.com/corvusHold/guard/internal/auth/sso/provider/oidc.go:135.2,136.26 2 5
github.com/corvusHold/guard/internal/auth/sso/provider/oidc.go:136.26,138.3 1 1
github.com/corvusHold/guard/internal/auth/sso/provider/oidc.go:141.2,152.8 5 5
github.com/corvusHold/guard/internal/auth/sso/provider/oidc.go:158.107,159.20 1 3
github.com/corvusHold/guard/internal/auth/sso/provider/oidc.go:159.20,161.3 1 1
github.com/corvusHold/guard/internal/auth/sso/provider/oidc.go:162.2,162.28 1 2
github.com/corvusHold/guard/internal/auth/sso/provider/oidc.go:162.28,164.3 1 1
github.com/corvusHold/guard/internal/auth/sso/provider/oidc.go:165.2,165.21 1 1
github.com/corvusHold/guard/internal/auth/sso/provider/oidc.go:165.21,167.3 1 1
github.com/corvusHold/guard/internal/auth/sso/provider/oidc.go:170.2,178.16 4 0
github.com/corvusHold/guard/internal/auth/sso/provider/oidc.go:178.16,180.3 1 0
github.com/corvusHold/guard/internal/auth/sso/provider/oidc.go:183.2,184.9 2 0
github.com/corvusHold/guard/internal/auth/sso/provider/oidc.go:184.9,186.3 1 0
github.com/corvusHold/guard/internal/auth/sso/provider/oidc.go:189.2,190.16 2 0
github.com/corvusHold/guard/internal/auth/sso/provider/oidc.go:190.16,192.3 1 0
github.com/corvusHold/guard/internal/auth/sso/provider/oidc.go:195.2,195.32 1 0
github.com/corvusHold/guard/internal/auth/sso/provider/oidc.go:195.32,197.3 1 0
github.com/corvusHold/guard/internal/auth/sso/provider/oidc.go:200.2,201.48 2 0
github.com/corvusHold/guard/internal/auth/sso/provider/oidc.go:201.48,203.3 1 0
github.com/corvusHold/guard/internal/auth/sso/provider/oidc.go:206.2,214.29 2 0
github.com/corvusHold/guard/internal/auth/sso/provider/oidc.go:214.29,216.3 1 0
github.com/corvusHold/guard/internal/auth/sso/provider/oidc.go:219.2,219.47 1 0
github.com/corvusHold/guard/internal/auth/sso/provider/oidc.go:219.47,221.3 1 0
github.com/corvusHold/guard/internal/auth/sso/provider/oidc.go:222.2,222.62 1 0
github.com/corvusHold/guard/internal/auth/sso/provider/oidc.go:222.62,224.3 1 0
github.com/corvusHold/guard/internal/auth/sso/provider/oidc.go:225.2,225.56 1 0
github.com/corvusHold/guard/internal/auth/sso/provider/oidc.go:225.56,227.3 1 0
github.com/corvusHold/guard/internal/auth/sso/provider/oidc.go:228.2,228.58 1 0
github.com/corvusHold/guard/internal/auth/sso/provider/oidc.go:228.58,230.3 1 0
github.com/corvusHold/guard/internal/auth/sso/provider/oidc.go:231.2,231.45 1 0
github.com/corvusHold/guard/internal/auth/sso/provider/oidc.go:231.45,233.3 1 0
github.com/corvusHold/guard/internal/auth/sso/provider/oidc.go:234.2,234.51 1 0
github.com/corvusHold/guard/internal/auth/sso/provider/oidc.go:234.51,236.3 1 0
github.com/corvusHold/guard/internal/auth/sso/provider/oidc.go:237.2,237.49 1 0
github.com/corvusHold/guard/internal/auth/sso/provider/oidc.go:237.49,239.3 1 0
github.com/corvusHold/guard/internal/auth/sso/provider/oidc.go:242.2,242.56 1 0
github.com/corvusHold/guard/internal/auth/sso/provider/oidc.go:242.56,244.28 2 0
github.com/corvusHold/guard/internal/auth/sso/provider/oidc.go:244.28,245.38 1 0
github.com/corvusHold/guard/internal/auth/sso/provider/oidc.go:245.38,247.5 1 0
github.com/corvusHold/guard/internal/auth/sso/provider/oidc.go:252.2,252.40 1 0
github.com/corvusHold/guard/internal/auth/sso/provider/oidc.go:252.40,254.3 1 0
github.com/corvusHold/guard/internal/auth/sso/provider/oidc.go:256.2,256.21 1 0
github.com/corvusHold/guard/internal/auth/sso/provider/oidc.go:260.83,278.2 4 0
github.com/corvusHold/guard/internal/auth/sso/provider/oidc.go:282.38,284.55 2 105
github.com/corvusHold/guard/internal/auth/sso/provider/oidc.go:284.55,286.3 1 0
github.com/corvusHold/guard/internal/auth/sso/provider/oidc.go:287.2,287.50 1 105
github.com/corvusHold/guard/internal/auth/sso/provider/oidc.go:292.38,294.55 2 108
github.com/corvusHold/guard/internal/auth/sso/provider/oidc.go:294.55,296.3 1 0
github.com/corvusHold/guard/internal/auth/sso/provider/oidc.go:297.2,297.50 1 108
github.com/corvusHold/guard/internal/auth/sso/provider/oidc.go:302.45,304.55 2 105
github.com/corvusHold/guard/internal/auth/sso/provider/oidc.go:304.55,306.3 1 0
github.com/corvusHold/guard/internal/auth/sso/provider/oidc.go:307.2,307.80 1 105
github.com/corvusHold/guard/internal/auth/sso/provider/oidc.go:312.52,316.2 3 8
github.com/corvusHold/guard/internal/auth/sso/provider/oidc.go:320.111,324.16 2 0
github.com/corvusHold/guard/internal/auth/sso/provider/oidc.go:324.16,326.3 1 0
github.com/corvusHold/guard/internal/auth/sso/provider/oidc.go:328.2,329.49 2 0
github.com/corvusHold/guard/internal/auth/sso/provider/oidc.go:329.49,331.3 1 0
github.com/corvusHold/guard/internal/auth/sso/provider/oidc.go:333.2,333.20 1 0
github.com/corvusHold/guard/internal/auth/sso/provider/oidc.go:337.59,339.2 1 1
github.com/corvusHold/guard/internal/auth/sso/provider/oidc.go:342.59,344.54 2 1
github.com/corvusHold/guard/internal/auth/sso/provider/oidc.go:344.54,346.3 1 0
github.com/corvusHold/guard/internal/auth/sso/provider/oidc.go:347.2,347.21 1 1
github.com/corvusHold/guard/internal/auth/sso/provider/saml.go:55.89,56.51 1 14
github.com/corvusHold/guard/internal/auth/sso/provider/saml.go:56.51,58.3 1 2
github.com/corvusHold/guard/internal/auth/sso/provider/saml.go:61.2,62.16 2 12
github.com/corvusHold/guard/internal/auth/sso/provider/saml.go:62.16,64.3 1 0
github.com/corvusHold/guard/internal/auth/sso/provider/saml.go:67.2,68.16 2 12
github.com/corvusHold/guard/internal/auth/sso/provider/saml.go:68.16,70.3 1 0
github.com/corvusHold/guard/internal/auth/sso/provider/saml.go:73.2,73.70 1 12
github.com/corvusHold/guard/internal/auth/sso/provider/saml.go:73.70,75.3 1 0
github.com/corvusHold/guard/internal/auth/sso/provider/saml.go:78.2,79.16 2 12
github.com/corvusHold/guard/internal/auth/sso/provider/saml.go:79.16,81.3 1 0
github.com/corvusHold/guard/internal/auth/sso/provider/saml.go:83.2,84.9 2 12
github.com/corvusHold/guard/internal/auth/sso/provider/saml.go:84.9,86.3 1 0
github.com/corvusHold/guard/internal/auth/sso/provider/saml.go:89.2,103.25 2 12
github.com/corvusHold/guard/internal/auth/sso/provider/saml.go:103.25,105.17 2 12
github.com/corvusHold/guard/internal/auth/sso/provider/saml.go:105.17,107.4 1 0
github.com/corvusHold/guard/internal/auth/sso/provider/saml.go:108.3,108.22 1 12
github.com/corvusHold/guard/internal/auth/sso/provider/saml.go:111.2,118.8 1 12
github.com/corvusHold/guard/internal/auth/sso/provider/saml.go:122.54,124.2 1 0
github.com/corvusHold/guard/internal/auth/sso/provider/saml.go:127.51,129.2 1 1
github.com/corvusHold/guard/internal/auth/sso/provider/saml.go:132.47,134.2 1 1
github.com/corvusHold/guard/internal/auth/sso/provider/saml.go:137.54,138.19 1 20
github.com/corvusHold/guard/internal/auth/sso/provider/saml.go:138.19,140.3 1 2
github.com/corvusHold/guard/internal/auth/sso/provider/saml.go:141.2,141.27 1 18
github.com/corvusHold/guard/internal/auth/sso/provider/saml.go:141.27,143.3 1 2
github.com/corvusHold/guard/internal/auth/sso/provider/saml.go:144.2,144.25 1 16
github.com/corvusHold/guard/internal/auth/sso/provider/saml.go:144.25,146.3 1 1
github.com/corvusHold/guard/internal/auth/sso/provider/saml.go:147.2,147.64 1 15
github.com/corvusHold/guard/internal/auth/sso/provider/saml.go:147.64,149.3 1 1
github.com/corvusHold/guard/internal/auth/sso/provider/saml.go:150.2,150.12 1 14
github.com/corvusHold/guard/internal/auth/sso/provider/saml.go:153.59,154.53 1 8
github.com/corvusHold/guard/internal/auth/sso/provider/saml.go:154.53,156.3 1 0
github.com/corvusHold/guard/internal/auth/sso/provider/saml.go:157.2,157.57 1 8
github.com/corvusHold/guard/internal/auth/sso/provider/saml.go:157.57,159.3 1 5
github.com/corvusHold/guard/internal/auth/sso/provider/saml.go:160.2,161.62 2 3
github.com/corvusHold/guard/internal/auth/sso/provider/saml.go:161.62,162.29 1 3
github.com/corvusHold/guard/internal/auth/sso/provider/saml.go:162.29,164.4 1 3
github.com/corvusHold/guard/internal/auth/sso/provider/saml.go:166.2,166.25 1 3
github.com/corvusHold/guard/internal/auth/sso/provider/saml.go:166.25,168.3 1 0
github.com/corvusHold/guard/internal/auth/sso/provider/saml.go:169.2,169.38 1 3
github.com/corvusHold/guard/internal/auth/sso/provider/saml.go:175.106,178.22 2 5
github.com/corvusHold/guard/internal/auth/sso/provider/saml.go:178.22,181.17 3 4
github.com/corvusHold/guard/internal/auth/sso/provider/saml.go:181.17,183.4 1 0
github.com/corvusHold/guard/internal/auth/sso/provider/saml.go:187.2,192.16 2 5
github.com/corvusHold/guard/internal/auth/sso/provider/saml.go:192.16,194.3 1 0
github.com/corvusHold/guard/internal/auth/sso/provider/saml.go:197.2,197.44 1 5
github.com/corvusHold/guard/internal/auth/sso/provider/saml.go:197.44,199.3 1 1
github.com/corvusHold/guard/internal/auth/sso/provider/saml.go:202.2,202.26 1 5
github.com/corvusHold/guard/internal/auth/sso/provider/saml.go:202.26,209.3 1 1
github.com/corvusHold/guard/internal/auth/sso/provider/saml.go:212.2,213.16 2 5
github.com/corvusHold/guard/internal/auth/sso/provider/saml.go:213.16,215.3 1 0
github.com/corvusHold/guard/internal/auth/sso/provider/saml.go:218.2,219.16 2 5
github.com/corvusHold/guard/internal/auth/sso/provider/saml.go:219.16,221.3 1 0
github.com/corvusHold/guard/internal/auth/sso/provider/saml.go:223.2,234.8 2 5
github.com/corvusHold/guard/internal/auth/sso/provider/saml.go:240.107,241.28 1 4
github.com/corvusHold/guard/internal/auth/sso/provider/saml.go:241.28,243.3 1 1
github.com/corvusHold/guard/internal/auth/sso/provider/saml.go:246.2,247.16 2 3
github.com/corvusHold/guard/internal/auth/sso/provider/saml.go:247.16,249.3 1 1
github.com/corvusHold/guard/internal/auth/sso/provider/saml.go:251.2,261.67 3 2
github.com/corvusHold/guard/internal/auth/sso/provider/saml.go:261.67,264.17 2 1
github.com/corvusHold/guard/internal/auth/sso/provider/saml.go:264.17,266.4 1 1
github.com/corvusHold/guard/internal/auth/sso/provider/saml.go:267.8,269.17 2 1
github.com/corvusHold/guard/internal/auth/sso/provider/saml.go:269.17,271.4 1 1
github.com/corvusHold/guard/internal/auth/sso/provider/saml.go:274.2,274.22 1 0
github.com/corvusHold/guard/internal/auth/sso/provider/saml.go:274.22,279.3 2 0
github.com/corvusHold/guard/internal/auth/sso/provider/saml.go:281.2,282.65 2 0
github.com/corvusHold/guard/internal/auth/sso/provider/saml.go:282.65,284.3 1 0
github.com/corvusHold/guard/internal/auth/sso/provider/saml.go:285.2,286.33 2 0
github.com/corvusHold/guard/internal/auth/sso/provider/saml.go:286.33,289.3 2 0
github.com/corvusHold/guard/internal/auth/sso/provider/saml.go:290.2,302.66 2 0
github.com/corvusHold/guard/internal/auth/sso/provider/saml.go:302.66,310.3 2 0
github.com/corvusHold/guard/internal/auth/sso/provider/saml.go:313.2,313.65 1 0
github.com/corvusHold/guard/internal/auth/sso/provider/saml.go:313.65,320.3 2 0
github.com/corvusHold/guard/internal/auth/sso/provider/saml.go:323.2,323.55 1 0
github.com/corvusHold/guard/internal/auth/sso/provider/saml.go:323.55,330.3 2 0
github.com/corvusHold/guard/internal/auth/sso/provider/saml.go:333.2,334.16 2 0
github.com/corvusHold/guard/internal/auth/sso/provider/saml.go:334.16,341.3 2 0
github.com/corvusHold/guard/internal/auth/sso/provider/saml.go:343.2,352.40 2 0
github.com/corvusHold/guard/internal/auth/sso/provider/saml.go:352.40,354.3 1 0
github.com/corvusHold/guard/internal/auth/sso/provider/saml.go:356.2,356.21 1 0
github.com/corvusHold/guard/internal/auth/sso/provider/saml.go:360.83,366.16 3 1
github.com/corvusHold/guard/internal/auth/sso/provider/saml.go:366.16,368.3 1 0
github.com/corvusHold/guard/internal/auth/sso/provider/saml.go:371.2,372.26 2 1
github.com/corvusHold/guard/internal/auth/sso/provider/saml.go:372.26,374.3 1 1
github.com/corvusHold/guard/internal/auth/sso/provider/saml.go:377.2,390.8 2 1
github.com/corvusHold/guard/internal/auth/sso/provider/saml.go:396.73,397.68 1 11
github.com/corvusHold/guard/internal/auth/sso/provider/saml.go:397.68,399.3 1 1
github.com/corvusHold/guard/internal/auth/sso/provider/saml.go:401.2,417.58 5 10
github.com/corvusHold/guard/internal/auth/sso/provider/saml.go:417.58,419.3 1 0
github.com/corvusHold/guard/internal/auth/sso/provider/saml.go:421.2,424.36 4 10
github.com/corvusHold/guard/internal/auth/sso/provider/saml.go:424.36,425.25 1 6
github.com/corvusHold/guard/internal/auth/sso/provider/saml.go:425.25,427.9 2 3
github.com/corvusHold/guard/internal/auth/sso/provider/saml.go:432.2,432.67 1 10
github.com/corvusHold/guard/internal/auth/sso/provider/saml.go:432.67,433.22 1 2
github.com/corvusHold/guard/internal/auth/sso/provider/saml.go:433.22,435.4 1 1
github.com/corvusHold/guard/internal/auth/sso/provider/saml.go:436.3,436.13 1 1
github.com/corvusHold/guard/internal/auth/sso/provider/saml.go:442.2,442.67 1 8
github.com/corvusHold/guard/internal/auth/sso/provider/saml.go:442.67,443.54 1 3
github.com/corvusHold/guard/internal/auth/sso/provider/saml.go:443.54,445.4 1 1
github.com/corvusHold/guard/internal/auth/sso/provider/saml.go:446.3,446.13 1 2
github.com/corvusHold/guard/internal/auth/sso/provider/saml.go:454.2,455.42 2 5
github.com/corvusHold/guard/internal/auth/sso/provider/saml.go:455.42,457.3 1 4
github.com/corvusHold/guard/internal/auth/sso/provider/saml.go:459.2,459.101 1 1
github.com/corvusHold/guard/internal/auth/sso/provider/saml.go:463.85,467.33 3 7
github.com/corvusHold/guard/internal/auth/sso/provider/saml.go:467.33,470.3 2 7
github.com/corvusHold/guard/internal/auth/sso/provider/saml.go:471.2,479.33 2 7
github.com/corvusHold/guard/internal/auth/sso/provider/saml.go:479.33,484.3 2 0
github.com/corvusHold/guard/internal/auth/sso/provider/saml.go:487.2,487.91 1 7
github.com/corvusHold/guard/internal/auth/sso/provider/saml.go:487.91,495.3 2 1
github.com/corvusHold/guard/internal/auth/sso/provider/saml.go:498.2,498.98 1 6
github.com/corvusHold/guard/internal/auth/sso/provider/saml.go:498.98,506.3 2 1
github.com/corvusHold/guard/internal/auth/sso/provider/saml.go:509.2,509.56 1 5
github.com/corvusHold/guard/internal/auth/sso/provider/saml.go:509.56,511.73 2 2
github.com/corvusHold/guard/internal/auth/sso/provider/saml.go:511.73,512.55 1 2
github.com/corvusHold/guard/internal/auth/sso/provider/saml.go:512.55,514.10 2 1
github.com/corvusHold/guard/internal/auth/sso/provider/saml.go:517.3,517.21 1 2
github.com/corvusHold/guard/internal/auth/sso/provider/saml.go:517.21,524.4 2 1
github.com/corvusHold/guard/internal/auth/sso/provider/saml.go:528.2,528.130 1 4
github.com/corvusHold/guard/internal/auth/sso/provider/saml.go:528.130,529.71 1 3
github.com/corvusHold/guard/internal/auth/sso/provider/saml.go:529.71,530.51 1 3
github.com/corvusHold/guard/internal/auth/sso/provider/saml.go:530.51,535.5 2 1
github.com/corvusHold/guard/internal/auth/sso/provider/saml.go:536.4,536.132 1 2
github.com/corvusHold/guard/internal/auth/sso/provider/saml.go:536.132,543.5 2 0
github.com/corvusHold/guard/internal/auth/sso/provider/saml.go:544.4,544.129 1 2
github.com/corvusHold/guard/internal/auth/sso/provider/saml.go:544.129,552.5 2 1
github.com/corvusHold/guard/internal/auth/sso/provider/saml.go:556.2,556.12 1 2
github.com/corvusHold/guard/internal/auth/sso/provider/saml.go:560.75,562.23 2 4
github.com/corvusHold/guard/internal/auth/sso/provider/saml.go:562.23,564.3 1 1
github.com/corvusHold/guard/internal/auth/sso/provider/saml.go:567.2,571.54 3 3
github.com/corvusHold/guard/internal/auth/sso/provider/saml.go:571.54,573.3 1 1
github.com/corvusHold/guard/internal/auth/sso/provider/saml.go:577.2,578.80 2 2
github.com/corvusHold/guard/internal/auth/sso/provider/saml.go:578.80,580.3 1 2
github.com/corvusHold/guard/internal/auth/sso/provider/saml.go:580.8,583.3 1 0
github.com/corvusHold/guard/internal/auth/sso/provider/saml.go:584.2,590.12 3 2
github.com/corvusHold/guard/internal/auth/sso/provider/saml.go:595.53,597.41 2 3
github.com/corvusHold/guard/internal/auth/sso/provider/saml.go:597.41,598.25 1 7
github.com/corvusHold/guard/internal/auth/sso/provider/saml.go:598.25,600.4 1 2
github.com/corvusHold/guard/internal/auth/sso/provider/saml.go:605.86,611.16 2 1
github.com/corvusHold/guard/internal/auth/sso/provider/saml.go:611.16,613.3 1 1
github.com/corvusHold/guard/internal/auth/sso/provider/saml.go:615.2,615.23 1 0
github.com/corvusHold/guard/internal/auth/sso/provider/saml.go:619.91,625.65 2 5
github.com/corvusHold/guard/internal/auth/sso/provider/saml.go:625.65,629.87 2 4
github.com/corvusHold/guard/internal/auth/sso/provider/saml.go:629.87,632.4 2 3
github.com/corvusHold/guard/internal/auth/sso/provider/saml.go:636.2,636.53 1 5
github.com/corvusHold/guard/internal/auth/sso/provider/saml.go:636.53,637.40 1 3
github.com/corvusHold/guard/internal/auth/sso/provider/saml.go:637.40,642.38 3 6
github.com/corvusHold/guard/internal/auth/sso/provider/saml.go:642.38,644.5 1 8
github.com/corvusHold/guard/internal/auth/sso/provider/saml.go:647.4,647.24 1 6
github.com/corvusHold/guard/internal/auth/sso/provider/saml.go:647.24,651.5 2 4
github.com/corvusHold/guard/internal/auth/sso/provider/saml.go:651.10,651.30 1 2
github.com/corvusHold/guard/internal/auth/sso/provider/saml.go:651.30,654.5 2 2
github.com/corvusHold/guard/internal/auth/sso/provider/saml.go:657.4,657.31 1 6
github.com/corvusHold/guard/internal/auth/sso/provider/saml.go:657.31,658.25 1 4
github.com/corvusHold/guard/internal/auth/sso/provider/saml.go:658.25,661.6 2 4
github.com/corvusHold/guard/internal/auth/sso/provider/saml.go:661.11,661.31 1 0
github.com/corvusHold/guard/internal/auth/sso/provider/saml.go:661.31,664.6 2 0
github.com/corvusHold/guard/internal/auth/sso/provider/saml.go:668.4,668.37 1 6
github.com/corvusHold/guard/internal/auth/sso/provider/saml.go:669.41,670.24 1 2
github.com/corvusHold/guard/internal/auth/sso/provider/saml.go:670.24,672.6 1 1
github.com/corvusHold/guard/internal/auth/sso/provider/saml.go:673.5,673.25 1 1
github.com/corvusHold/guard/internal/auth/sso/provider/saml.go:673.25,676.6 2 1
github.com/corvusHold/guard/internal/auth/sso/provider/saml.go:677.48,678.24 1 1
github.com/corvusHold/guard/internal/auth/sso/provider/saml.go:678.24,680.6 1 1
github.com/corvusHold/guard/internal/auth/sso/provider/saml.go:681.52,682.24 1 1
github.com/corvusHold/guard/internal/auth/sso/provider/saml.go:682.24,684.6 1 1
github.com/corvusHold/guard/internal/auth/sso/provider/saml.go:685.37,686.24 1 1
github.com/corvusHold/guard/internal/auth/sso/provider/saml.go:686.24,688.6 1 1
github.com/corvusHold/guard/internal/auth/sso/provider/saml.go:689.30,690.28 1 1
github.com/corvusHold/guard/internal/auth/sso/provider/saml.go:696.2,696.79 1 4
github.com/corvusHold/guard/internal/auth/sso/provider/saml.go:696.79,698.3 1 0
github.com/corvusHold/guard/internal/auth/sso/provider/saml.go:701.2,701.27 1 4
github.com/corvusHold/guard/internal/auth/sso/provider/saml.go:701.27,703.3 1 1
github.com/corvusHold/guard/internal/auth/sso/provider/saml.go:705.2,705.21 1 3
github.com/corvusHold/guard/internal/auth/sso/provider/saml.go:709.100,713.33 3 15
github.com/corvusHold/guard/internal/auth/sso/provider/saml.go:713.33,716.17 2 0
github.com/corvusHold/guard/internal/auth/sso/provider/saml.go:716.17,718.4 1 0
github.com/corvusHold/guard/internal/auth/sso/provider/saml.go:719.8,719.40 1 15
github.com/corvusHold/guard/internal/auth/sso/provider/saml.go:719.40,722.3 1 14
github.com/corvusHold/guard/internal/auth/sso/provider/saml.go:722.8,724.3 1 1
github.com/corvusHold/guard/internal/auth/sso/provider/saml.go:727.2,728.62 2 14
github.com/corvusHold/guard/internal/auth/sso/provider/saml.go:728.62,730.3 1 1
github.com/corvusHold/guard/internal/auth/sso/provider/saml.go:732.2,732.23 1 13
github.com/corvusHold/guard/internal/auth/sso/provider/saml.go:736.84,738.16 2 0
github.com/corvusHold/guard/internal/auth/sso/provider/saml.go:738.16,740.3 1 0
github.com/corvusHold/guard/internal/auth/sso/provider/saml.go:742.2,747.16 3 0
github.com/corvusHold/guard/internal/auth/sso/provider/saml.go:747.16,749.3 1 0
github.com/corvusHold/guard/internal/auth/sso/provider/saml.go:750.2,750.15 1 0
github.com/corvusHold/guard/internal/auth/sso/provider/saml.go:750.15,751.45 1 0
github.com/corvusHold/guard/internal/auth/sso/provider/saml.go:751.45,754.4 1 0
github.com/corvusHold/guard/internal/auth/sso/provider/saml.go:757.2,757.38 1 0
github.com/corvusHold/guard/internal/auth/sso/provider/saml.go:757.38,759.3 1 0
github.com/corvusHold/guard/internal/auth/sso/provider/saml.go:761.2,762.16 2 0
github.com/corvusHold/guard/internal/auth/sso/provider/saml.go:762.16,764.3 1 0
github.com/corvusHold/guard/internal/auth/sso/provider/saml.go:766.2,766.25 1 0
github.com/corvusHold/guard/internal/auth/sso/provider/saml.go:770.93,772.30 1 13
github.com/corvusHold/guard/internal/auth/sso/provider/saml.go:772.30,774.3 1 13
github.com/corvusHold/guard/internal/auth/sso/provider/saml.go:777.2,777.42 1 13
github.com/corvusHold/guard/internal/auth/sso/provider/saml.go:777.42,779.3 1 0
github.com/corvusHold/guard/internal/auth/sso/provider/saml.go:781.2,784.50 2 13
github.com/corvusHold/guard/internal/auth/sso/provider/saml.go:784.50,785.85 1 13
github.com/corvusHold/guard/internal/auth/sso/provider/saml.go:785.85,786.30 1 13
github.com/corvusHold/guard/internal/auth/sso/provider/saml.go:786.30,788.5 1 13
github.com/corvusHold/guard/internal/auth/sso/provider/saml.go:789.4,789.9 1 13
github.com/corvusHold/guard/internal/auth/sso/provider/saml.go:794.2,794.50 1 13
github.com/corvusHold/guard/internal/auth/sso/provider/saml.go:794.50,795.85 1 13
github.com/corvusHold/guard/internal/auth/sso/provider/saml.go:795.85,796.30 1 13
github.com/corvusHold/guard/internal/auth/sso/provider/saml.go:796.30,798.5 1 13
github.com/corvusHold/guard/internal/auth/sso/provider/saml.go:799.4,799.9 1 13
github.com/corvusHold/guard/internal/auth/sso/provider/saml.go:804.2,804.36 1 13
github.com/corvusHold/guard/internal/auth/sso/provider/saml.go:804.36,805.55 1 13
github.com/corvusHold/guard/internal/auth/sso/provider/saml.go:805.55,806.65 1 13
github.com/corvusHold/guard/internal/auth/sso/provider/saml.go:806.65,807.65 1 13
github.com/corvusHold/guard/internal/auth/sso/provider/saml.go:807.65,808.37 1 13
github.com/corvusHold/guard/internal/auth/sso/provider/saml.go:808.37,812.7 2 13
github.com/corvusHold/guard/internal/auth/sso/provider/saml.go:813.6,813.11 1 13
github.com/corvusHold/guard/internal/auth/sso/provider/saml.go:819.2,819.12 1 13
github.com/corvusHold/guard/internal/auth/sso/provider/saml.go:823.80,825.61 1 14
github.com/corvusHold/guard/internal/auth/sso/provider/saml.go:825.61,827.17 2 1
github.com/corvusHold/guard/internal/auth/sso/provider/saml.go:827.17,829.4 1 0
github.com/corvusHold/guard/internal/auth/sso/provider/saml.go:832.3,832.23 1 1
github.com/corvusHold/guard/internal/auth/sso/provider/saml.go:832.23,834.18 2 0
github.com/corvusHold/guard/internal/auth/sso/provider/saml.go:834.18,836.5 1 0
github.com/corvusHold/guard/internal/auth/sso/provider/saml.go:840.3,840.23 1 1
github.com/corvusHold/guard/internal/auth/sso/provider/saml.go:840.23,842.4 1 1
github.com/corvusHold/guard/internal/auth/sso/provider/saml.go:844.3,844.19 1 1
github.com/corvusHold/guard/internal/auth/sso/provider/saml.go:848.2,849.16 2 13
github.com/corvusHold/guard/internal/auth/sso/provider/saml.go:849.16,851.3 1 0
github.com/corvusHold/guard/internal/auth/sso/provider/saml.go:854.2,858.16 4 13
github.com/corvusHold/guard/internal/auth/sso/provider/saml.go:858.16,860.3 1 0
github.com/corvusHold/guard/internal/auth/sso/provider/saml.go:863.2,864.16 2 13
github.com/corvusHold/guard/internal/auth/sso/provider/saml.go:864.16,866.3 1 0
github.com/corvusHold/guard/internal/auth/sso/provider/saml.go:869.2,869.22 1 13
github.com/corvusHold/guard/internal/auth/sso/provider/saml.go:869.22,871.3 1 13
github.com/corvusHold/guard/internal/auth/sso/provider/saml.go:873.2,873.18 1 13
github.com/corvusHold/guard/internal/auth/sso/provider/saml.go:877.99,880.16 2 15
github.com/corvusHold/guard/internal/auth/sso/provider/saml.go:880.16,882.3 1 0
github.com/corvusHold/guard/internal/auth/sso/provider/saml.go:885.2,887.16 3 15
github.com/corvusHold/guard/internal/auth/sso/provider/saml.go:887.16,889.3 1 0
github.com/corvusHold/guard/internal/auth/sso/provider/saml.go:892.2,907.16 3 15
github.com/corvusHold/guard/internal/auth/sso/provider/saml.go:907.16,909.3 1 0
github.com/corvusHold/guard/internal/auth/sso/provider/saml.go:912.2,925.29 5 15
github.com/corvusHold/guard/internal/auth/sso/provider/saml.go:929.129,932.16 2 5
github.com/corvusHold/guard/internal/auth/sso/provider/saml.go:932.16,934.3 1 0
github.com/corvusHold/guard/internal/auth/sso/provider/saml.go:937.2,938.16 2 5
github.com/corvusHold/guard/internal/auth/sso/provider/saml.go:938.16,940.3 1 0
github.com/corvusHold/guard/internal/auth/sso/provider/saml.go:943.2,945.16 3 5
github.com/corvusHold/guard/internal/auth/sso/provider/saml.go:945.16,947.3 1 0
github.com/corvusHold/guard/internal/auth/sso/provider/saml.go:949.2,951.22 3 5
github.com/corvusHold/guard/internal/auth/sso/provider/saml.go:951.22,953.3 1 5
github.com/corvusHold/guard/internal/auth/sso/provider/saml.go:955.2,955.17 1 5
github.com/corvusHold/guard/internal/auth/sso/provider/saml.go:955.17,957.19 2 1
github.com/corvusHold/guard/internal/auth/sso/provider/saml.go:957.19,959.4 1 0
github.com/corvusHold/guard/internal/auth/sso/provider/saml.go:960.3,961.10 2 1
github.com/corvusHold/guard/internal/auth/sso/provider/saml.go:961.10,963.4 1 0
github.com/corvusHold/guard/internal/auth/sso/provider/saml.go:964.3,966.17 3 1
github.com/corvusHold/guard/internal/auth/sso/provider/saml.go:966.17,968.4 1 0
github.com/corvusHold/guard/internal/auth/sso/provider/saml.go:969.3,970.36 2 1
github.com/corvusHold/guard/internal/auth/sso/provider/saml.go:973.2,974.24 2 5
github.com/corvusHold/guard/internal/auth/sso/provider/saml.go:978.53,981.16 3 5
github.com/corvusHold/guard/internal/auth/sso/provider/saml.go:981.16,983.3 1 0
github.com/corvusHold/guard/internal/auth/sso/provider/saml.go:984.2,984.42 1 5
github.com/corvusHold/guard/internal/auth/sso/provider/saml.go:984.42,987.3 2 0
github.com/corvusHold/guard/internal/auth/sso/provider/saml.go:988.2,988.35 1 5
github.com/corvusHold/guard/internal/auth/sso/provider/saml.go:988.35,990.3 1 0
github.com/corvusHold/guard/internal/auth/sso/provider/saml.go:991.2,992.21 2 5
github.com/corvusHold/guard/internal/auth/sso/provider/saml.go:996.28,998.2 1 1
github.com/corvusHold/guard/internal/auth/sso/provider/saml.go:1002.89,1004.16 2 0
github.com/corvusHold/guard/internal/auth/sso/provider/saml.go:1004.16,1006.3 1 0
github.com/corvusHold/guard/internal/auth/sso/provider/saml.go:1007.2,1007.34 1 0
github.com/corvusHold/guard/internal/auth/sso/provider/saml.go:1012.126,1015.19 2 0
github.com/corvusHold/guard/internal/auth/sso/provider/saml.go:1015.19,1018.20 2 0
github.com/corvusHold/guard/internal/auth/sso/provider/saml.go:1018.20,1020.4 1 0
github.com/corvusHold/guard/internal/auth/sso/provider/saml.go:1024.2,1026.15 3 0
github.com/corvusHold/guard/internal/auth/sso/provider/saml.go:1026.15,1028.3 1 0
github.com/corvusHold/guard/internal/auth/sso/provider/saml.go:1029.2,1029.20 1 0
github.com/corvusHold/guard/internal/auth/sso/provider/saml.go:1029.20,1032.3 1 0
github.com/corvusHold/guard/internal/auth/sso/provider/saml.go:1034.2,1035.70 2 0
github.com/corvusHold/guard/internal/auth/sso/provider/saml.go:1035.70,1037.3 1 0
github.com/corvusHold/guard/internal/auth/sso/provider/saml.go:1040.2,1040.29 1 0
github.com/corvusHold/guard/internal/auth/sso/provider/saml.go:1040.29,1042.3 1 0
github.com/corvusHold/guard/internal/auth/sso/provider/saml.go:1045.2,1046.20 2 0
github.com/corvusHold/guard/internal/auth/sso/provider/saml.go:1046.20,1048.3 1 0
github.com/corvusHold/guard/internal/auth/sso/provider/saml.go:1050.2,1050.38 1 0
github.com/corvusHold/guard/internal/auth/sso/provider/saml.go:1054.82,1058.22 4 4
github.com/corvusHold/guard/internal/auth/sso/provider/saml.go:1058.22,1061.3 2 3
github.com/corvusHold/guard/internal/auth/sso/provider/saml.go:1062.2,1064.19 3 4
github.com/corvusHold/guard/internal/auth/sso/provider/saml.go:1068.92,1070.16 2 3
github.com/corvusHold/guard/internal/auth/sso/provider/saml.go:1070.16,1072.3 1 1
github.com/corvusHold/guard/internal/auth/sso/provider/saml.go:1073.2,1074.16 2 2
github.com/corvusHold/guard/internal/auth/sso/provider/saml.go:1074.16,1076.3 1 0
github.com/corvusHold/guard/internal/auth/sso/provider/saml.go:1077.2,1077.52 1 2
github.com/corvusHold/guard/internal/auth/sso/provider/saml.go:1081.87,1082.16 1 5
github.com/corvusHold/guard/internal/auth/sso/provider/saml.go:1083.30,1085.34 2 0
github.com/corvusHold/guard/internal/auth/sso/provider/saml.go:1086.32,1088.36 2 4
github.com/corvusHold/guard/internal/auth/sso/provider/saml.go:1089.32,1091.36 2 0
github.com/corvusHold/guard/internal/auth/sso/provider/saml.go:1092.10,1093.75 1 1
github.com/corvusHold/guard/internal/email/service/brevo.go:26.67,28.2 1 4
github.com/corvusHold/guard/internal/email/service/brevo.go:37.95,40.34 3 4
github.com/corvusHold/guard/internal/email/service/brevo.go:40.34,42.3 1 1
github.com/corvusHold/guard/internal/email/service/brevo.go:43.2,51.16 4 3
github.com/corvusHold/guard/internal/email/service/brevo.go:51.16,53.3 1 0
github.com/corvusHold/guard/internal/email/service/brevo.go:54.2,58.16 5 3
github.com/corvusHold/guard/internal/email/service/brevo.go:58.16,60.3 1 1
github.com/corvusHold/guard/internal/email/service/brevo.go:61.2,61.15 1 2
github.com/corvusHold/guard/internal/email/service/brevo.go:61.15,61.40 1 2
github.com/corvusHold/guard/internal/email/service/brevo.go:62.2,62.28 1 2
github.com/corvusHold/guard/internal/email/service/brevo.go:62.28,64.3 1 1
github.com/corvusHold/guard/internal/email/service/brevo.go:65.2,65.12 1 1
github.com/corvusHold/guard/internal/email/service/router.go:23.69,25.2 1 2
github.com/corvusHold/guard/internal/email/service/router.go:27.96,29.31 2 2
github.com/corvusHold/guard/internal/email/service/router.go:30.15,31.56 1 1
github.com/corvusHold/guard/internal/email/service/router.go:32.10,33.55 1 1
github.com/corvusHold/guard/internal/email/service/smtp.go:25.65,27.2 1 4
github.com/corvusHold/guard/internal/email/service/smtp.go:29.94,36.16 7 2
github.com/corvusHold/guard/internal/email/service/smtp.go:36.16,38.3 1 1
github.com/corvusHold/guard/internal/email/service/smtp.go:40.2,43.20 4 2
github.com/corvusHold/guard/internal/email/service/smtp.go:43.20,45.3 1 1
github.com/corvusHold/guard/internal/email/service/smtp.go:46.2,46.58 1 2
github.com/corvusHold/guard/internal/email/templates/engine.go:18.42,20.2 1 7
github.com/corvusHold/guard/internal/email/templates/engine.go:24.143,28.16 3 11
github.com/corvusHold/guard/internal/email/templates/engine.go:28.16,30.3 1 1
github.com/corvusHold/guard/internal/email/templates/engine.go:31.2,32.16 2 10
github.com/corvusHold/guard/internal/email/templates/engine.go:32.16,34.3 1 1
github.com/corvusHold/guard/internal/email/templates/engine.go:35.2,35.27 1 9
github.com/corvusHold/guard/internal/email/templates/engine.go:38.128,40.36 1 12
github.com/corvusHold/guard/internal/email/templates/engine.go:40.36,46.52 3 1
github.com/corvusHold/guard/internal/email/templates/engine.go:46.52,48.4 1 0
github.com/corvusHold/guard/internal/email/templates/engine.go:52.2,54.30 3 12
github.com/corvusHold/guard/internal/email/templates/engine.go:57.72,59.16 2 21
github.com/corvusHold/guard/internal/email/templates/engine.go:59.16,61.3 1 2
github.com/corvusHold/guard/internal/email/templates/engine.go:62.2,63.46 2 19
github.com/corvusHold/guard/internal/email/templates/engine.go:63.46,65.3 1 0
github.com/corvusHold/guard/internal/email/templates/engine.go:66.2,66.26 1 19
github.com/corvusHold/guard/internal/logger/logger.go:12.40,15.11 3 2
github.com/corvusHold/guard/internal/logger/logger.go:15.11,16.65 1 1
github.com/corvusHold/guard/internal/logger/logger.go:16.65,19.4 2 1
github.com/corvusHold/guard/internal/logger/logger.go:20.3,20.79 1 1
github.com/corvusHold/guard/internal/logger/logger.go:22.2,22.84 1 1
github.com/corvusHold/guard/internal/logger/logger.go:26.27,28.2 1 1
github.com/corvusHold/guard/internal/events/service/db.go:17.34,17.56 1 0
github.com/corvusHold/guard/internal/events/service/db.go:19.65,27.2 3 0
github.com/corvusHold/guard/internal/events/service/logger.go:14.26,14.46 1 0
github.com/corvusHold/guard/internal/events/service/logger.go:16.69,25.2 2 0
github.com/corvusHold/guard/internal/events/service/multi.go:16.48,18.2 1 5
github.com/corvusHold/guard/internal/events/service/multi.go:20.68,22.33 2 5
github.com/corvusHold/guard/internal/events/service/multi.go:22.33,23.62 1 7
github.com/corvusHold/guard/internal/events/service/multi.go:23.62,25.4 1 2
github.com/corvusHold/guard/internal/events/service/multi.go:27.2,27.17 1 5
github.com/corvusHold/guard/internal/events/service/multi.go:31.41,33.2 1 1
github.com/corvusHold/guard/internal/events/service/webhook.go:19.62,23.2 3 0
github.com/corvusHold/guard/internal/events/service/webhook.go:25.79,34.16 3 0
github.com/corvusHold/guard/internal/events/service/webhook.go:34.16,36.3 1 0
github.com/corvusHold/guard/internal/events/service/webhook.go:37.2,38.61 2 0
github.com/corvusHold/guard/internal/oauth/service/service.go:30.43,32.2 1 16
github.com/corvusHold/guard/internal/oauth/service/service.go:37.123,38.19 1 21
github.com/corvusHold/guard/internal/oauth/service/service.go:38.19,40.3 1 1
github.com/corvusHold/guard/internal/oauth/service/service.go:41.2,41.31 1 20
github.com/corvusHold/guard/internal/oauth/service/service.go:41.31,43.3 1 1
github.com/corvusHold/guard/internal/oauth/service/service.go:44.2,44.38 1 19
github.com/corvusHold/guard/internal/oauth/service/service.go:44.38,46.17 2 19
github.com/corvusHold/guard/internal/oauth/service/service.go:46.17,48.4 1 0
github.com/corvusHold/guard/internal/oauth/service/service.go:49.3,49.93 1 19
github.com/corvusHold/guard/internal/oauth/service/service.go:49.93,51.4 1 0
github.com/corvusHold/guard/internal/oauth/service/service.go:52.3,52.28 1 19
github.com/corvusHold/guard/internal/oauth/service/service.go:52.28,54.4 1 1
github.com/corvusHold/guard/internal/oauth/service/service.go:56.2,56.25 1 18
github.com/corvusHold/guard/internal/oauth/service/service.go:56.25,58.3 1 4
github.com/corvusHold/guard/internal/oauth/service/service.go:59.2,59.66 1 18
github.com/corvusHold/guard/internal/oauth/service/service.go:59.66,61.3 1 1
github.com/corvusHold/guard/internal/oauth/service/service.go:62.2,62.25 1 17
github.com/corvusHold/guard/internal/oauth/service/service.go:62.25,64.3 1 6
github.com/corvusHold/guard/internal/oauth/service/service.go:65.2,65.29 1 17
github.com/corvusHold/guard/internal/oauth/service/service.go:65.29,67.3 1 6
github.com/corvusHold/guard/internal/oauth/service/service.go:70.2,71.16 2 17
github.com/corvusHold/guard/internal/oauth/service/service.go:71.16,73.3 1 0
github.com/corvusHold/guard/internal/oauth/service/service.go:76.2,78.37 3 17
github.com/corvusHold/guard/internal/oauth/service/service.go:78.37,80.17 2 12
github.com/corvusHold/guard/internal/oauth/service/service.go:80.17,82.4 1 0
github.com/corvusHold/guard/internal/oauth/service/service.go:83.3,84.17 2 12
github.com/corvusHold/guard/internal/oauth/service/service.go:84.17,86.4 1 0
github.com/corvusHold/guard/internal/oauth/service/service.go:87.3,87.28 1 12
github.com/corvusHold/guard/internal/oauth/service/service.go:90.2,106.16 3 17
github.com/corvusHold/guard/internal/oauth/service/service.go:106.16,108.3 1 0
github.com/corvusHold/guard/internal/oauth/service/service.go:109.2,109.32 1 17
github.com/corvusHold/guard/internal/oauth/service/service.go:113.102,115.2 1 0
github.com/corvusHold/guard/internal/oauth/service/service.go:118.105,120.2 1 0
github.com/corvusHold/guard/internal/oauth/service/service.go:123.102,125.2 1 1
github.com/corvusHold/guard/internal/oauth/service/service.go:128.117,130.2 1 0
github.com/corvusHold/guard/internal/oauth/service/service.go:133.83,135.2 1 0
github.com/corvusHold/guard/internal/oauth/service/service.go:140.119,141.23 1 9
github.com/corvusHold/guard/internal/oauth/service/service.go:141.23,143.3 1 1
github.com/corvusHold/guard/internal/oauth/service/service.go:144.2,144.31 1 8
github.com/corvusHold/guard/internal/oauth/service/service.go:144.31,146.3 1 1
github.com/corvusHold/guard/internal/oauth/service/service.go:147.2,147.26 1 7
github.com/corvusHold/guard/internal/oauth/service/service.go:147.26,149.3 1 1
github.com/corvusHold/guard/internal/oauth/service/service.go:151.2,152.16 2 6
github.com/corvusHold/guard/internal/oauth/service/service.go:152.16,154.3 1 0
github.com/corvusHold/guard/internal/oauth/service/service.go:155.2,155.22 1 6
github.com/corvusHold/guard/internal/oauth/service/service.go:155.22,157.3 1 1
github.com/corvusHold/guard/internal/oauth/service/service.go:160.2,160.62 1 5
github.com/corvusHold/guard/internal/oauth/service/service.go:160.62,162.3 1 1
github.com/corvusHold/guard/internal/oauth/service/service.go:165.2,166.40 2 4
github.com/corvusHold/guard/internal/oauth/service/service.go:166.40,167.44 1 4
github.com/corvusHold/guard/internal/oauth/service/service.go:167.44,169.4 1 1
github.com/corvusHold/guard/internal/oauth/service/service.go:173.2,173.61 1 3
github.com/corvusHold/guard/internal/oauth/service/service.go:173.61,175.3 1 1
github.com/corvusHold/guard/internal/oauth/service/service.go:176.2,176.64 1 2
github.com/corvusHold/guard/internal/oauth/service/service.go:176.64,178.3 1 0
github.com/corvusHold/guard/internal/oauth/service/service.go:181.2,181.62 1 2
github.com/corvusHold/guard/internal/oauth/service/service.go:181.62,183.3 1 0
github.com/corvusHold/guard/internal/oauth/service/service.go:185.2,185.20 1 2
github.com/corvusHold/guard/internal/oauth/service/service.go:189.122,192.16 2 6
github.com/corvusHold/guard/internal/oauth/service/service.go:192.16,194.3 1 0
github.com/corvusHold/guard/internal/oauth/service/service.go:197.2,201.22 4 6
github.com/corvusHold/guard/internal/oauth/service/service.go:201.22,203.3 1 1
github.com/corvusHold/guard/internal/oauth/service/service.go:205.2,219.69 2 6
github.com/corvusHold/guard/internal/oauth/service/service.go:219.69,221.3 1 0
github.com/corvusHold/guard/internal/oauth/service/service.go:223.2,227.8 1 6
github.com/corvusHold/guard/internal/oauth/service/service.go:232.145,233.20 1 8
github.com/corvusHold/guard/internal/oauth/service/service.go:233.20,235.3 1 0
github.com/corvusHold/guard/internal/oauth/service/service.go:236.2,236.27 1 8
github.com/corvusHold/guard/internal/oauth/service/service.go:236.27,238.3 1 1
github.com/corvusHold/guard/internal/oauth/service/service.go:239.2,239.24 1 7
github.com/corvusHold/guard/internal/oauth/service/service.go:239.24,241.3 1 0
github.com/corvusHold/guard/internal/oauth/service/service.go:244.2,248.16 4 7
github.com/corvusHold/guard/internal/oauth/service/service.go:248.16,250.3 1 2
github.com/corvusHold/guard/internal/oauth/service/service.go:253.2,253.44 1 5
github.com/corvusHold/guard/internal/oauth/service/service.go:253.44,255.3 1 0
github.com/corvusHold/guard/internal/oauth/service/service.go:258.2,258.28 1 5
github.com/corvusHold/guard/internal/oauth/service/service.go:258.28,260.3 1 0
github.com/corvusHold/guard/internal/oauth/service/service.go:263.2,263.35 1 5
github.com/corvusHold/guard/internal/oauth/service/service.go:263.35,265.3 1 0
github.com/corvusHold/guard/internal/oauth/service/service.go:268.2,268.41 1 5
github.com/corvusHold/guard/internal/oauth/service/service.go:268.41,270.3 1 1
github.com/corvusHold/guard/internal/oauth/service/service.go:273.2,274.16 2 4
github.com/corvusHold/guard/internal/oauth/service/service.go:274.16,276.3 1 0
github.com/corvusHold/guard/internal/oauth/service/service.go:277.2,277.22 1 4
github.com/corvusHold/guard/internal/oauth/service/service.go:277.22,279.3 1 0
github.com/corvusHold/guard/internal/oauth/service/service.go:282.2,282.41 1 4
github.com/corvusHold/guard/internal/oauth/service/service.go:282.41,283.29 1 2
github.com/corvusHold/guard/internal/oauth/service/service.go:283.29,285.4 1 0
github.com/corvusHold/guard/internal/oauth/service/service.go:286.3,286.114 1 2
github.com/corvusHold/guard/internal/oauth/service/service.go:286.114,288.4 1 1
github.com/corvusHold/guard/internal/oauth/service/service.go:292.2,292.30 1 3
github.com/corvusHold/guard/internal/oauth/service/service.go:292.30,293.29 1 2
github.com/corvusHold/guard/internal/oauth/service/service.go:293.29,295.4 1 0
github.com/corvusHold/guard/internal/oauth/service/service.go:296.3,297.38 2 2
github.com/corvusHold/guard/internal/oauth/service/service.go:297.38,299.4 1 1
github.com/corvusHold/guard/internal/oauth/service/service.go:303.2,303.71 1 2
github.com/corvusHold/guard/internal/oauth/service/service.go:303.71,305.3 1 0
github.com/corvusHold/guard/internal/oauth/service/service.go:307.2,307.26 1 2
github.com/corvusHold/guard/internal/oauth/service/service.go:311.118,312.42 1 7
github.com/corvusHold/guard/internal/oauth/service/service.go:312.42,314.3 1 1
github.com/corvusHold/guard/internal/oauth/service/service.go:316.2,317.16 2 6
github.com/corvusHold/guard/internal/oauth/service/service.go:317.16,319.3 1 1
github.com/corvusHold/guard/internal/oauth/service/service.go:320.2,320.22 1 5
github.com/corvusHold/guard/internal/oauth/service/service.go:320.22,322.3 1 1
github.com/corvusHold/guard/internal/oauth/service/service.go:324.2,324.41 1 4
github.com/corvusHold/guard/internal/oauth/service/service.go:324.41,326.3 1 1
github.com/corvusHold/guard/internal/oauth/service/service.go:328.2,328.62 1 3
github.com/corvusHold/guard/internal/oauth/service/service.go:328.62,330.3 1 1
github.com/corvusHold/guard/internal/oauth/service/service.go:332.2,332.109 1 2
github.com/corvusHold/guard/internal/oauth/service/service.go:332.109,334.3 1 1
github.com/corvusHold/guard/internal/oauth/service/service.go:336.2,336.20 1 1
github.com/corvusHold/guard/internal/oauth/service/service.go:341.41,343.40 2 18
github.com/corvusHold/guard/internal/oauth/service/service.go:343.40,345.3 1 0
github.com/corvusHold/guard/internal/oauth/service/service.go:346.2,346.61 1 18
github.com/corvusHold/guard/internal/oauth/service/service.go:349.45,351.40 2 13
github.com/corvusHold/guard/internal/oauth/service/service.go:351.40,353.3 1 0
github.com/corvusHold/guard/internal/oauth/service/service.go:354.2,354.62 1 13
github.com/corvusHold/guard/internal/oauth/service/service.go:357.50,359.40 2 7
github.com/corvusHold/guard/internal/oauth/service/service.go:359.40,361.3 1 0
github.com/corvusHold/guard/internal/oauth/service/service.go:362.2,362.53 1 7
github.com/corvusHold/guard/internal/oauth/service/service.go:365.51,368.2 2 4
github.com/corvusHold/guard/internal/oauth/service/service.go:370.41,371.17 1 12
github.com/corvusHold/guard/internal/oauth/service/service.go:371.17,373.3 1 2
github.com/corvusHold/guard/internal/oauth/service/service.go:374.2,374.30 1 10
github.com/corvusHold/guard/internal/oauth/service/service.go:377.50,378.24 1 13
github.com/corvusHold/guard/internal/oauth/service/service.go:378.24,379.13 1 16
github.com/corvusHold/guard/internal/oauth/service/service.go:379.13,381.4 1 9
github.com/corvusHold/guard/internal/oauth/service/service.go:383.2,383.14 1 4
github.com/corvusHold/guard/internal/oauth/service/service.go:386.63,387.31 1 7
github.com/corvusHold/guard/internal/oauth/service/service.go:387.31,388.15 1 7
github.com/corvusHold/guard/internal/oauth/service/service.go:388.15,390.4 1 5
github.com/corvusHold/guard/internal/oauth/service/service.go:392.2,392.14 1 2
github.com/corvusHold/guard/internal/oauth/service/service.go:397.118,399.16 2 4
github.com/corvusHold/guard/internal/oauth/service/service.go:399.16,401.3 1 2
github.com/corvusHold/guard/internal/oauth/service/service.go:402.2,402.31 1 2
github.com/corvusHold/guard/internal/oauth/service/service.go:402.31,403.43 1 2
github.com/corvusHold/guard/internal/oauth/service/service.go:403.43,405.4 1 1
github.com/corvusHold/guard/internal/oauth/service/service.go:407.2,407.13 1 1
github.com/corvusHold/guard/internal/oauth/service/service.go:411.120,414.2 2 1
github.com/corvusHold/guard/internal/oauth/service/service.go:417.105,419.2 1 1
github.com/corvusHold/guard/internal/oauth/controller/http.go:43.139,51.2 1 0
github.com/corvusHold/guard/internal/oauth/controller/http.go:54.86,58.2 3 0
github.com/corvusHold/guard/internal/oauth/controller/http.go:61.57,67.2 5 0
github.com/corvusHold/guard/internal/oauth/controller/http.go:70.56,72.21 2 0
github.com/corvusHold/guard/internal/oauth/controller/http.go:72.21,74.3 1 0
github.com/corvusHold/guard/internal/oauth/controller/http.go:75.2,75.22 1 0
github.com/corvusHold/guard/internal/oauth/controller/http.go:75.22,77.3 1 0
github.com/corvusHold/guard/internal/oauth/controller/http.go:78.2,81.52 4 0
github.com/corvusHold/guard/internal/oauth/controller/http.go:110.57,112.37 2 0
github.com/corvusHold/guard/internal/oauth/controller/http.go:112.37,114.3 1 0
github.com/corvusHold/guard/internal/oauth/controller/http.go:115.2,115.41 1 0
github.com/corvusHold/guard/internal/oauth/controller/http.go:115.41,117.3 1 0
github.com/corvusHold/guard/internal/oauth/controller/http.go:119.2,120.16 2 0
github.com/corvusHold/guard/internal/oauth/controller/http.go:120.16,122.3 1 0
github.com/corvusHold/guard/internal/oauth/controller/http.go:123.2,135.16 3 0
github.com/corvusHold/guard/internal/oauth/controller/http.go:135.16,137.3 1 0
github.com/corvusHold/guard/internal/oauth/controller/http.go:139.2,142.4 1 0
github.com/corvusHold/guard/internal/oauth/controller/http.go:155.56,157.16 2 0
github.com/corvusHold/guard/internal/oauth/controller/http.go:157.16,159.3 1 0
github.com/corvusHold/guard/internal/oauth/controller/http.go:161.2,162.16 2 0
github.com/corvusHold/guard/internal/oauth/controller/http.go:162.16,164.3 1 0
github.com/corvusHold/guard/internal/oauth/controller/http.go:166.2,166.74 1 0
github.com/corvusHold/guard/internal/oauth/controller/http.go:181.54,183.16 2 0
github.com/corvusHold/guard/internal/oauth/controller/http.go:183.16,185.3 1 0
github.com/corvusHold/guard/internal/oauth/controller/http.go:186.2,187.16 2 0
github.com/corvusHold/guard/internal/oauth/controller/http.go:187.16,189.3 1 0
github.com/corvusHold/guard/internal/oauth/controller/http.go:191.2,192.16 2 0
github.com/corvusHold/guard/internal/oauth/controller/http.go:192.16,194.3 1 0
github.com/corvusHold/guard/internal/oauth/controller/http.go:196.2,196.38 1 0
github.com/corvusHold/guard/internal/oauth/controller/http.go:219.57,221.16 2 0
github.com/corvusHold/guard/internal/oauth/controller/http.go:221.16,223.3 1 0
github.com/corvusHold/guard/internal/oauth/controller/http.go:224.2,225.16 2 0
github.com/corvusHold/guard/internal/oauth/controller/http.go:225.16,227.3 1 0
github.com/corvusHold/guard/internal/oauth/controller/http.go:229.2,230.37 2 0
github.com/corvusHold/guard/internal/oauth/controller/http.go:230.37,232.3 1 0
github.com/corvusHold/guard/internal/oauth/controller/http.go:234.2,241.17 1 0
github.com/corvusHold/guard/internal/oauth/controller/http.go:241.17,243.3 1 0
github.com/corvusHold/guard/internal/oauth/controller/http.go:245.2,245.70 1 0
github.com/corvusHold/guard/internal/oauth/controller/http.go:258.57,260.16 2 0
github.com/corvusHold/guard/internal/oauth/controller/http.go:260.16,262.3 1 0
github.com/corvusHold/guard/internal/oauth/controller/http.go:263.2,264.16 2 0
github.com/corvusHold/guard/internal/oauth/controller/http.go:264.16,266.3 1 0
github.com/corvusHold/guard/internal/oauth/controller/http.go:268.2,268.80 1 0
github.com/corvusHold/guard/internal/oauth/controller/http.go:268.80,270.3 1 0
github.com/corvusHold/guard/internal/oauth/controller/http.go:272.2,272.42 1 0
github.com/corvusHold/guard/internal/oauth/controller/http.go:295.54,308.16 3 0
github.com/corvusHold/guard/internal/oauth/controller/http.go:308.16,310.122 1 0
github.com/corvusHold/guard/internal/oauth/controller/http.go:310.122,312.4 1 0
github.com/corvusHold/guard/internal/oauth/controller/http.go:314.3,314.88 1 0
github.com/corvusHold/guard/internal/oauth/controller/http.go:318.2,319.20 2 0
github.com/corvusHold/guard/internal/oauth/controller/http.go:319.20,323.3 2 0
github.com/corvusHold/guard/internal/oauth/controller/http.go:324.2,324.33 1 0
github.com/corvusHold/guard/internal/oauth/controller/http.go:324.33,332.3 1 0
github.com/corvusHold/guard/internal/oauth/controller/http.go:334.2,338.22 4 0
github.com/corvusHold/guard/internal/oauth/controller/http.go:338.22,340.3 1 0
github.com/corvusHold/guard/internal/oauth/controller/http.go:343.2,343.84 1 0
github.com/corvusHold/guard/internal/oauth/controller/http.go:343.84,345.17 2 0
github.com/corvusHold/guard/internal/oauth/controller/http.go:345.17,347.4 1 0
github.com/corvusHold/guard/internal/oauth/controller/http.go:348.3,349.17 2 0
github.com/corvusHold/guard/internal/oauth/controller/http.go:349.17,351.4 1 0
github.com/corvusHold/guard/internal/oauth/controller/http.go:352.3,354.25 3 0
github.com/corvusHold/guard/internal/oauth/controller/http.go:354.25,356.4 1 0
github.com/corvusHold/guard/internal/oauth/controller/http.go:357.3,358.50 2 0
github.com/corvusHold/guard/internal/oauth/controller/http.go:361.2,362.27 2 0
github.com/corvusHold/guard/internal/oauth/controller/http.go:362.27,364.10 2 0
github.com/corvusHold/guard/internal/oauth/controller/http.go:364.10,366.4 1 0
github.com/corvusHold/guard/internal/oauth/controller/http.go:367.3,367.87 1 0
github.com/corvusHold/guard/internal/oauth/controller/http.go:371.2,373.28 2 0
github.com/corvusHold/guard/internal/oauth/controller/http.go:373.28,386.3 1 0
github.com/corvusHold/guard/internal/oauth/controller/http.go:388.2,404.4 1 0
github.com/corvusHold/guard/internal/oauth/controller/http.go:437.62,439.37 2 0
github.com/corvusHold/guard/internal/oauth/controller/http.go:439.37,441.3 1 0
github.com/corvusHold/guard/internal/oauth/controller/http.go:443.2,443.19 1 0
github.com/corvusHold/guard/internal/oauth/controller/http.go:443.19,445.25 1 0
github.com/corvusHold/guard/internal/oauth/controller/http.go:445.25,447.4 1 0
github.com/corvusHold/guard/internal/oauth/controller/http.go:449.3,450.17 2 0
github.com/corvusHold/guard/internal/oauth/controller/http.go:450.17,452.4 1 0
github.com/corvusHold/guard/internal/oauth/controller/http.go:453.3,454.43 2 0
github.com/corvusHold/guard/internal/oauth/controller/http.go:454.43,455.30 1 0
github.com/corvusHold/guard/internal/oauth/controller/http.go:455.30,457.10 2 0
github.com/corvusHold/guard/internal/oauth/controller/http.go:460.3,460.16 1 0
github.com/corvusHold/guard/internal/oauth/controller/http.go:460.16,462.4 1 0
github.com/corvusHold/guard/internal/oauth/controller/http.go:463.3,463.102 1 0
github.com/corvusHold/guard/internal/oauth/controller/http.go:466.2,467.20 2 0
github.com/corvusHold/guard/internal/oauth/controller/http.go:467.20,469.3 1 0
github.com/corvusHold/guard/internal/oauth/controller/http.go:471.2,472.16 2 0
github.com/corvusHold/guard/internal/oauth/controller/http.go:472.16,474.3 1 0
github.com/corvusHold/guard/internal/oauth/controller/http.go:475.2,476.42 2 0
[...]
github.com/corvusHold/guard/internal/scim/service/service.go:274.2,275.16 2 0
github.com/corvusHold/guard/internal/scim/service/service.go:275.16,277.3 1 0
github.com/corvusHold/guard/internal/scim/service/service.go:278.2,278.15 1 0
github.com/corvusHold/guard/internal/scim/service/service.go:278.15,278.39 1 0
github.com/corvusHold/guard/internal/scim/service/service.go:280.2,280.124 1 0
github.com/corvusHold/guard/internal/scim/service/service.go:280.124,282.3 1 0
github.com/corvusHold/guard/internal/scim/service/service.go:283.2,283.121 1 0
github.com/corvusHold/guard/internal/scim/service/service.go:283.121,285.3 1 0
github.com/corvusHold/guard/internal/scim/service/service.go:286.2,286.23 1 0
github.com/corvusHold/guard/internal/scim/service/service.go:289.111,291.16 2 0
github.com/corvusHold/guard/internal/scim/service/service.go:291.16,293.3 1 0
github.com/corvusHold/guard/internal/scim/service/service.go:294.2,300.16 4 0
github.com/corvusHold/guard/internal/scim/service/service.go:300.16,302.3 1 0
github.com/corvusHold/guard/internal/scim/service/service.go:303.2,308.8 1 0
github.com/corvusHold/guard/internal/scim/service/service.go:311.142,312.21 1 0
github.com/corvusHold/guard/internal/scim/service/service.go:312.21,314.3 1 0
github.com/corvusHold/guard/internal/scim/service/service.go:315.2,315.16 1 0
github.com/corvusHold/guard/internal/scim/service/service.go:315.16,317.3 1 0
github.com/corvusHold/guard/internal/scim/service/service.go:319.2,324.18 4 0
github.com/corvusHold/guard/internal/scim/service/service.go:324.18,325.49 1 0
github.com/corvusHold/guard/internal/scim/service/service.go:325.49,327.23 2 0
github.com/corvusHold/guard/internal/scim/service/service.go:327.23,331.5 3 0
github.com/corvusHold/guard/internal/scim/service/service.go:332.9,334.4 1 0
github.com/corvusHold/guard/internal/scim/service/service.go:338.2,339.102 2 0
github.com/corvusHold/guard/internal/scim/service/service.go:339.102,341.3 1 0
github.com/corvusHold/guard/internal/scim/service/service.go:343.2,347.16 4 0
github.com/corvusHold/guard/internal/scim/service/service.go:347.16,349.3 1 0
github.com/corvusHold/guard/internal/scim/service/service.go:350.2,353.18 3 0
github.com/corvusHold/guard/internal/scim/service/service.go:353.18,357.59 4 0
github.com/corvusHold/guard/internal/scim/service/service.go:357.59,359.4 1 0
github.com/corvusHold/guard/internal/scim/service/service.go:360.3,365.5 1 0
github.com/corvusHold/guard/internal/scim/service/service.go:367.2,373.8 1 0
github.com/corvusHold/guard/internal/scim/service/service.go:376.122,383.16 4 0
github.com/corvusHold/guard/internal/scim/service/service.go:383.16,385.3 1 0
github.com/corvusHold/guard/internal/scim/service/service.go:386.2,391.8 1 0
github.com/corvusHold/guard/internal/scim/service/service.go:394.138,396.16 2 0
github.com/corvusHold/guard/internal/scim/service/service.go:396.16,398.3 1 0
github.com/corvusHold/guard/internal/scim/service/service.go:399.2,403.16 2 0
github.com/corvusHold/guard/internal/scim/service/service.go:403.16,405.3 1 0
github.com/corvusHold/guard/internal/scim/service/service.go:406.2,406.32 1 0
github.com/corvusHold/guard/internal/scim/service/service.go:406.32,408.3 1 0
github.com/corvusHold/guard/internal/scim/service/service.go:409.2,409.43 1 0
github.com/corvusHold/guard/internal/scim/service/service.go:412.139,414.16 2 0
github.com/corvusHold/guard/internal/scim/service/service.go:414.16,416.3 1 0
github.com/corvusHold/guard/internal/scim/service/service.go:418.2,419.16 2 0
github.com/corvusHold/guard/internal/scim/service/service.go:419.16,421.3 1 0
github.com/corvusHold/guard/internal/scim/service/service.go:422.2,422.15 1 0
github.com/corvusHold/guard/internal/scim/service/service.go:422.15,422.39 1 0
github.com/corvusHold/guard/internal/scim/service/service.go:424.2,424.25 1 0
github.com/corvusHold/guard/internal/scim/service/service.go:424.25,425.33 1 0
github.com/corvusHold/guard/internal/scim/service/service.go:426.25,428.36 2 0
github.com/corvusHold/guard/internal/scim/service/service.go:429.23,430.110 1 0
github.com/corvusHold/guard/internal/scim/service/service.go:431.19,433.52 1 0
github.com/corvusHold/guard/internal/scim/service/service.go:433.52,434.32 1 0
github.com/corvusHold/guard/internal/scim/service/service.go:434.32,435.53 1 0
github.com/corvusHold/guard/internal/scim/service/service.go:435.53,436.54 1 0
github.com/corvusHold/guard/internal/scim/service/service.go:436.54,438.28 2 0
github.com/corvusHold/guard/internal/scim/service/service.go:438.28,441.182 2 0
github.com/corvusHold/guard/internal/scim/service/service.go:441.182,443.11 1 0
github.com/corvusHold/guard/internal/scim/service/service.go:444.10,444.145 1 0
github.com/corvusHold/guard/internal/scim/service/service.go:444.145,446.11 1 0
github.com/corvusHold/guard/internal/scim/service/service.go:453.17,454.36 1 0
github.com/corvusHold/guard/internal/scim/service/service.go:455.23,455.23 0 0
github.com/corvusHold/guard/internal/scim/service/service.go:457.12,459.63 1 0
github.com/corvusHold/guard/internal/scim/service/service.go:459.63,461.55 1 0
github.com/corvusHold/guard/internal/scim/service/service.go:461.55,463.53 2 0
github.com/corvusHold/guard/internal/scim/service/service.go:463.53,466.27 3 0
github.com/corvusHold/guard/internal/scim/service/service.go:466.27,467.122 1 0
github.com/corvusHold/guard/internal/scim/service/service.go:467.122,469.10 1 0
github.com/corvusHold/guard/internal/scim/service/service.go:476.3,476.17 1 0
github.com/corvusHold/guard/internal/scim/service/service.go:476.17,478.4 1 0
github.com/corvusHold/guard/internal/scim/service/service.go:481.2,481.39 1 0
github.com/corvusHold/guard/internal/scim/service/service.go:481.39,483.3 1 0
github.com/corvusHold/guard/internal/scim/service/service.go:484.2,484.43 1 0
github.com/corvusHold/guard/internal/scim/service/service.go:487.94,489.16 2 0
github.com/corvusHold/guard/internal/scim/service/service.go:489.16,491.3 1 0
github.com/corvusHold/guard/internal/scim/service/service.go:492.2,493.12 2 0
github.com/corvusHold/guard/cmd/bootstrap-token/main.go:37.13,49.16 4 0
github.com/corvusHold/guard/cmd/bootstrap-token/main.go:49.16,51.3 1 0
github.com/corvusHold/guard/cmd/bootstrap-token/main.go:53.2,57.16 4 0
github.com/corvusHold/guard/cmd/bootstrap-token/main.go:57.16,59.3 1 0
github.com/corvusHold/guard/cmd/bootstrap-token/main.go:60.2,61.16 2 0
github.com/corvusHold/guard/cmd/bootstrap-token/main.go:61.16,63.3 1 0
github.com/corvusHold/guard/cmd/bootstrap-token/main.go:64.2,67.16 3 0
github.com/corvusHold/guard/cmd/bootstrap-token/main.go:67.16,69.3 1 0
github.com/corvusHold/guard/cmd/bootstrap-token/main.go:71.2,73.16 3 0
github.com/corvusHold/guard/cmd/bootstrap-token/main.go:73.16,75.3 1 0
github.com/corvusHold/guard/cmd/bootstrap-token/main.go:76.2,79.34 3 0
github.com/corvusHold/guard/cmd/bootstrap-token/main.go:80.14,81.21 1 0
github.com/corvusHold/guard/cmd/bootstrap-token/main.go:82.13,83.19 1 0
github.com/corvusHold/guard/cmd/bootstrap-token/main.go:84.10,85.55 1 0
github.com/corvusHold/guard/cmd/bootstrap-token/main.go:89.126,96.16 6 0
github.com/corvusHold/guard/cmd/bootstrap-token/main.go:96.16,98.3 1 0
github.com/corvusHold/guard/cmd/bootstrap-token/main.go:99.2,102.22 3 0
github.com/corvusHold/guard/cmd/bootstrap-token/main.go:102.22,104.3 1 0
github.com/corvusHold/guard/cmd/bootstrap-token/main.go:105.2,106.16 2 0
github.com/corvusHold/guard/cmd/bootstrap-token/main.go:106.16,108.3 1 0
github.com/corvusHold/guard/cmd/bootstrap-token/main.go:109.2,110.16 2 0
github.com/corvusHold/guard/cmd/bootstrap-token/main.go:110.16,112.3 1 0
github.com/corvusHold/guard/cmd/bootstrap-token/main.go:114.2,116.85 3 0
github.com/corvusHold/guard/cmd/bootstrap-token/main.go:116.85,118.3 1 0
github.com/corvusHold/guard/cmd/bootstrap-token/main.go:119.2,119.68 1 0
github.com/corvusHold/guard/cmd/bootstrap-token/main.go:119.68,121.3 1 0
github.com/corvusHold/guard/cmd/bootstrap-token/main.go:122.2,122.109 1 0
github.com/corvusHold/guard/cmd/bootstrap-token/main.go:122.109,124.3 1 0
github.com/corvusHold/guard/cmd/bootstrap-token/main.go:126.2,132.8 1 0
github.com/corvusHold/guard/cmd/bootstrap-token/main.go:135.100,146.2 3 1
github.com/corvusHold/guard/cmd/bootstrap-token/main.go:148.49,150.42 2 2
github.com/corvusHold/guard/cmd/bootstrap-token/main.go:150.42,152.3 1 0
github.com/corvusHold/guard/cmd/bootstrap-token/main.go:153.2,153.64 1 2
github.com/corvusHold/guard/cmd/bootstrap-token/main.go:156.43,158.19 2 2
github.com/corvusHold/guard/cmd/bootstrap-token/main.go:158.19,160.3 1 1
github.com/corvusHold/guard/cmd/bootstrap-token/main.go:161.2,161.63 1 1
github.com/corvusHold/guard/cmd/bootstrap-token/main.go:164.38,167.40 3 1
github.com/corvusHold/guard/cmd/bootstrap-token/main.go:167.40,169.3 1 0
github.com/corvusHold/guard/cmd/bootstrap-token/main.go:172.36,183.22 3 1
github.com/corvusHold/guard/cmd/bootstrap-token/main.go:183.22,185.3 1 7
github.com/corvusHold/guard/cmd/bootstrap-token/main.go:186.2,187.25 2 1
github.com/corvusHold/guard/cmd/bootstrap-token/main.go:187.25,189.3 1 7
github.com/corvusHold/guard/internal/webhooks/controller/http.go:20.42,22.2 1 0
github.com/corvusHold/guard/internal/webhooks/controller/http.go:37.51,44.2 6 0
github.com/corvusHold/guard/internal/webhooks/controller/http.go:57.54,59.37 2 0
github.com/corvusHold/guard/internal/webhooks/controller/http.go:59.37,61.3 1 0
github.com/corvusHold/guard/internal/webhooks/controller/http.go:62.2,63.9 2 0
github.com/corvusHold/guard/internal/webhooks/controller/http.go:63.9,66.17 3 0
github.com/corvusHold/guard/internal/webhooks/controller/http.go:66.17,68.4 1 0
github.com/corvusHold/guard/internal/webhooks/controller/http.go:69.3,69.20 1 0
github.com/corvusHold/guard/internal/webhooks/controller/http.go:71.2,77.16 2 0
github.com/corvusHold/guard/internal/webhooks/controller/http.go:77.16,80.3 2 0
github.com/corvusHold/guard/internal/webhooks/controller/http.go:81.2,81.39 1 0
github.com/corvusHold/guard/internal/webhooks/controller/http.go:93.52,95.9 2 0
github.com/corvusHold/guard/internal/webhooks/controller/http.go:95.9,98.17 3 0
github.com/corvusHold/guard/internal/webhooks/controller/http.go:98.17,100.4 1 0
github.com/corvusHold/guard/internal/webhooks/controller/http.go:101.3,101.20 1 0
github.com/corvusHold/guard/internal/webhooks/controller/http.go:103.2,104.16 2 0
github.com/corvusHold/guard/internal/webhooks/controller/http.go:104.16,107.3 2 0
github.com/corvusHold/guard/internal/webhooks/controller/http.go:108.2,108.76 1 0
github.com/corvusHold/guard/internal/webhooks/controller/http.go:122.51,124.16 2 0
github.com/corvusHold/guard/internal/webhooks/controller/http.go:124.16,126.3 1 0
github.com/corvusHold/guard/internal/webhooks/controller/http.go:127.2,128.9 2 0
github.com/corvusHold/guard/internal/webhooks/controller/http.go:128.9,131.17 3 0
github.com/corvusHold/guard/internal/webhooks/controller/http.go:131.17,133.4 1 0
github.com/corvusHold/guard/internal/webhooks/controller/http.go:134.3,134.20 1 0
github.com/corvusHold/guard/internal/webhooks/controller/http.go:136.2,137.16 2 0
github.com/corvusHold/guard/internal/webhooks/controller/http.go:137.16,139.3 1 0
github.com/corvusHold/guard/internal/webhooks/controller/http.go:140.2,140.34 1 0
github.com/corvusHold/guard/internal/webhooks/controller/http.go:155.54,157.16 2 0
github.com/corvusHold/guard/internal/webhooks/controller/http.go:157.16,159.3 1 0
github.com/corvusHold/guard/internal/webhooks/controller/http.go:160.2,161.9 2 0
github.com/corvusHold/guard/internal/webhooks/controller/http.go:161.9,164.17 3 0
github.com/corvusHold/guard/internal/webhooks/controller/http.go:164.17,166.4 1 0
github.com/corvusHold/guard/internal/webhooks/controller/http.go:167.3,167.20 1 0
github.com/corvusHold/guard/internal/webhooks/controller/http.go:169.2,170.37 2 0
github.com/corvusHold/guard/internal/webhooks/controller/http.go:170.37,172.3 1 0
github.com/corvusHold/guard/internal/webhooks/controller/http.go:173.2,174.16 2 0
github.com/corvusHold/guard/internal/webhooks/controller/http.go:174.16,177.3 2 0
github.com/corvusHold/guard/internal/webhooks/controller/http.go:178.2,178.34 1 0
github.com/corvusHold/guard/internal/webhooks/controller/http.go:191.54,193.16 2 0
github.com/corvusHold/guard/internal/webhooks/controller/http.go:193.16,195.3 1 0
github.com/corvusHold/guard/internal/webhooks/controller/http.go:196.2,197.9 2 0
github.com/corvusHold/guard/internal/webhooks/controller/http.go:197.9,200.17 3 0
github.com/corvusHold/guard/internal/webhooks/controller/http.go:200.17,202.4 1 0
github.com/corvusHold/guard/internal/webhooks/controller/http.go:203.3,203.20 1 0
github.com/corvusHold/guard/internal/webhooks/controller/http.go:205.2,205.77 1 0
github.com/corvusHold/guard/internal/webhooks/controller/http.go:205.77,208.3 2 0
github.com/corvusHold/guard/internal/webhooks/controller/http.go:209.2,209.42 1 0
github.com/corvusHold/guard/internal/settings/repository/sqlc.go:14.44,14.85 1 0
github.com/corvusHold/guard/internal/settings/repository/sqlc.go:16.44,17.14 1 0
github.com/corvusHold/guard/internal/settings/repository/sqlc.go:17.14,19.3 1 0
github.com/corvusHold/guard/internal/settings/repository/sqlc.go:20.2,20.44 1 0
github.com/corvusHold/guard/internal/settings/repository/sqlc.go:23.106,24.21 1 0
github.com/corvusHold/guard/internal/settings/repository/sqlc.go:24.21,26.17 2 0
github.com/corvusHold/guard/internal/settings/repository/sqlc.go:26.17,28.4 1 0
github.com/corvusHold/guard/internal/settings/repository/sqlc.go:30.2,31.16 2 0
github.com/corvusHold/guard/internal/settings/repository/sqlc.go:31.16,33.3 1 0
github.com/corvusHold/guard/internal/settings/repository/sqlc.go:34.2,34.29 1 0
github.com/corvusHold/guard/internal/settings/repository/sqlc.go:37.120,46.2 2 0
github.com/corvusHold/guard/internal/settings/factory.go:20.66,31.99 8 0
github.com/corvusHold/guard/internal/settings/factory.go:31.99,33.17 2 0
github.com/corvusHold/guard/internal/settings/factory.go:33.17,35.4 1 0
github.com/corvusHold/guard/internal/settings/factory.go:36.3,36.22 1 0
github.com/corvusHold/guard/internal/settings/factory.go:39.2,40.15 2 0
github.com/corvusHold/guard/internal/settings/factory.go:44.69,55.99 8 0
github.com/corvusHold/guard/internal/settings/factory.go:55.99,57.17 2 0
github.com/corvusHold/guard/internal/settings/factory.go:57.17,59.4 1 0
github.com/corvusHold/guard/internal/settings/factory.go:60.3,60.22 1 0
github.com/corvusHold/guard/internal/settings/factory.go:63.2,64.17 2 0
github.com/corvusHold/guard/internal/tenants/factory.go:13.47,18.2 4 0
github.com/corvusHold/guard/internal/tenants/factory.go:21.50,23.2 1 0
github.com/corvusHold/guard/internal/tenants/factory.go:26.94,30.22 4 0
github.com/corvusHold/guard/internal/tenants/factory.go:30.22,32.3 1 0
github.com/corvusHold/guard/internal/tenants/factory.go:33.2,33.17 1 0
github.com/corvusHold/guard/internal/webhooks/factory.go:15.50,20.2 4 0
github.com/corvusHold/guard/internal/webhooks/factory.go:23.57,27.2 3 0
github.com/corvusHold/guard/internal/settings/service/service.go:15.44,15.75 1 0
github.com/corvusHold/guard/internal/settings/service/service.go:17.111,19.16 2 0
github.com/corvusHold/guard/internal/settings/service/service.go:19.16,21.3 1 0
github.com/corvusHold/guard/internal/settings/service/service.go:22.2,22.9 1 0
github.com/corvusHold/guard/internal/settings/service/service.go:22.9,24.3 1 0
github.com/corvusHold/guard/internal/settings/service/service.go:25.2,26.13 2 0
github.com/corvusHold/guard/internal/settings/service/service.go:26.13,28.3 1 0
github.com/corvusHold/guard/internal/settings/service/service.go:29.2,29.15 1 0
github.com/corvusHold/guard/internal/settings/service/service.go:32.127,34.16 2 0
github.com/corvusHold/guard/internal/settings/service/service.go:34.16,36.3 1 0
github.com/corvusHold/guard/internal/settings/service/service.go:37.2,37.9 1 0
github.com/corvusHold/guard/internal/settings/service/service.go:37.9,39.3 1 0
github.com/corvusHold/guard/internal/settings/service/service.go:40.2,41.13 2 0
github.com/corvusHold/guard/internal/settings/service/service.go:41.13,43.3 1 0
github.com/corvusHold/guard/internal/settings/service/service.go:44.2,45.16 2 0
github.com/corvusHold/guard/internal/settings/service/service.go:45.16,47.3 1 0
github.com/corvusHold/guard/internal/settings/service/service.go:48.2,48.15 1 0
github.com/corvusHold/guard/internal/settings/service/service.go:51.102,53.16 2 0
github.com/corvusHold/guard/internal/settings/service/service.go:53.16,55.3 1 0
github.com/corvusHold/guard/internal/settings/service/service.go:56.2,56.9 1 0
github.com/corvusHold/guard/internal/settings/service/service.go:56.9,58.3 1 0
github.com/corvusHold/guard/internal/settings/service/service.go:59.2,60.13 2 0
github.com/corvusHold/guard/internal/settings/service/service.go:60.13,62.3 1 0
github.com/corvusHold/guard/internal/settings/service/service.go:63.2,64.16 2 0
github.com/corvusHold/guard/internal/settings/service/service.go:64.16,66.3 1 0
github.com/corvusHold/guard/internal/settings/service/service.go:67.2,67.15 1 0
github.com/corvusHold/guard/internal/webhooks/repository/sqlc.go:19.42,21.2 1 0
github.com/corvusHold/guard/internal/webhooks/repository/sqlc.go:23.100,31.2 2 0
github.com/corvusHold/guard/internal/webhooks/repository/sqlc.go:33.102,39.2 3 0
github.com/corvusHold/guard/internal/webhooks/repository/sqlc.go:41.96,47.2 3 0
github.com/corvusHold/guard/internal/webhooks/repository/sqlc.go:49.102,53.16 2 0
github.com/corvusHold/guard/internal/webhooks/repository/sqlc.go:53.16,55.3 1 0
github.com/corvusHold/guard/internal/webhooks/repository/sqlc.go:56.2,58.18 3 0
github.com/corvusHold/guard/internal/webhooks/repository/sqlc.go:58.18,60.138 2 0
github.com/corvusHold/guard/internal/webhooks/repository/sqlc.go:60.138,62.4 1 0
github.com/corvusHold/guard/internal/webhooks/repository/sqlc.go:63.3,63.34 1 0
github.com/corvusHold/guard/internal/webhooks/repository/sqlc.go:65.2,65.29 1 0
github.com/corvusHold/guard/internal/webhooks/repository/sqlc.go:68.151,82.2 3 0
github.com/corvusHold/guard/internal/webhooks/repository/sqlc.go:84.87,86.16 2 0
github.com/corvusHold/guard/internal/webhooks/repository/sqlc.go:86.16,88.3 1 0
github.com/corvusHold/guard/internal/webhooks/repository/sqlc.go:89.2,89.29 1 0
github.com/corvusHold/guard/internal/webhooks/repository/sqlc.go:89.29,91.3 1 0
github.com/corvusHold/guard/internal/webhooks/repository/sqlc.go:92.2,92.12 1 0
github.com/corvusHold/guard/internal/webhooks/repository/sqlc.go:95.83,102.2 2 0
github.com/corvusHold/guard/internal/webhooks/repository/sqlc.go:104.103,105.16 1 0
github.com/corvusHold/guard/internal/webhooks/repository/sqlc.go:105.16,107.3 1 0
github.com/corvusHold/guard/internal/webhooks/repository/sqlc.go:108.2,115.16 2 0
github.com/corvusHold/guard/internal/webhooks/repository/sqlc.go:115.16,117.3 1 0
github.com/corvusHold/guard/internal/webhooks/repository/sqlc.go:118.2,120.18 3 0
github.com/corvusHold/guard/internal/webhooks/repository/sqlc.go:120.18,122.182 2 0
github.com/corvusHold/guard/internal/webhooks/repository/sqlc.go:122.182,124.4 1 0
github.com/corvusHold/guard/internal/webhooks/repository/sqlc.go:125.3,125.37 1 0
github.com/corvusHold/guard/internal/webhooks/repository/sqlc.go:127.2,127.31 1 0
github.com/corvusHold/guard/internal/webhooks/repository/sqlc.go:130.165,136.2 2 0
github.com/corvusHold/guard/internal/webhooks/repository/sqlc.go:138.136,143.16 2 0
github.com/corvusHold/guard/internal/webhooks/repository/sqlc.go:143.16,145.3 1 0
github.com/corvusHold/guard/internal/webhooks/repository/sqlc.go:146.2,148.18 3 0
github.com/corvusHold/guard/internal/webhooks/repository/sqlc.go:148.18,150.138 2 0
github.com/corvusHold/guard/internal/webhooks/repository/sqlc.go:150.138,152.4 1 0
github.com/corvusHold/guard/internal/webhooks/repository/sqlc.go:153.3,153.34 1 0
github.com/corvusHold/guard/internal/webhooks/repository/sqlc.go:155.2,155.29 1 0
