mode: atomic
github.com/corvusHold/guard/sdk/go/middleware/echo.go:47.53,48.54 1 15
github.com/corvusHold/guard/sdk/go/middleware/echo.go:48.54,49.37 1 15
github.com/corvusHold/guard/sdk/go/middleware/echo.go:49.37,52.19 2 15
github.com/corvusHold/guard/sdk/go/middleware/echo.go:52.19,54.5 1 1
github.com/corvusHold/guard/sdk/go/middleware/echo.go:57.4,58.42 2 14
github.com/corvusHold/guard/sdk/go/middleware/echo.go:58.42,60.5 1 1
github.com/corvusHold/guard/sdk/go/middleware/echo.go:63.4,63.61 1 13
github.com/corvusHold/guard/sdk/go/middleware/echo.go:63.61,65.5 1 1
github.com/corvusHold/guard/sdk/go/middleware/echo.go:68.4,69.59 2 12
github.com/corvusHold/guard/sdk/go/middleware/echo.go:69.59,70.48 1 1
github.com/corvusHold/guard/sdk/go/middleware/echo.go:70.48,72.6 1 1
github.com/corvusHold/guard/sdk/go/middleware/echo.go:76.4,77.35 2 11
github.com/corvusHold/guard/sdk/go/middleware/echo.go:77.35,79.5 1 11
github.com/corvusHold/guard/sdk/go/middleware/echo.go:80.4,80.37 1 11
github.com/corvusHold/guard/sdk/go/middleware/echo.go:80.37,82.5 1 11
github.com/corvusHold/guard/sdk/go/middleware/echo.go:83.4,83.34 1 11
github.com/corvusHold/guard/sdk/go/middleware/echo.go:83.34,85.5 1 3
github.com/corvusHold/guard/sdk/go/middleware/echo.go:86.4,86.34 1 11
github.com/corvusHold/guard/sdk/go/middleware/echo.go:86.34,88.5 1 10
github.com/corvusHold/guard/sdk/go/middleware/echo.go:90.4,90.18 1 11
github.com/corvusHold/guard/sdk/go/middleware/echo.go:97.42,100.16 2 15
github.com/corvusHold/guard/sdk/go/middleware/echo.go:100.16,102.38 2 13
github.com/corvusHold/guard/sdk/go/middleware/echo.go:102.38,104.4 1 13
github.com/corvusHold/guard/sdk/go/middleware/echo.go:108.2,109.38 2 2
github.com/corvusHold/guard/sdk/go/middleware/echo.go:109.38,111.3 1 1
github.com/corvusHold/guard/sdk/go/middleware/echo.go:113.2,113.11 1 1
github.com/corvusHold/guard/sdk/go/middleware/helpers.go:13.48,15.16 2 6
github.com/corvusHold/guard/sdk/go/middleware/helpers.go:15.16,17.3 1 2
github.com/corvusHold/guard/sdk/go/middleware/helpers.go:18.2,19.9 2 4
github.com/corvusHold/guard/sdk/go/middleware/helpers.go:19.9,21.3 1 0
github.com/corvusHold/guard/sdk/go/middleware/helpers.go:22.2,22.20 1 4
github.com/corvusHold/guard/sdk/go/middleware/helpers.go:27.50,29.16 2 4
github.com/corvusHold/guard/sdk/go/middleware/helpers.go:29.16,31.3 1 1
github.com/corvusHold/guard/sdk/go/middleware/helpers.go:32.2,33.9 2 3
github.com/corvusHold/guard/sdk/go/middleware/helpers.go:33.9,35.3 1 0
github.com/corvusHold/guard/sdk/go/middleware/helpers.go:36.2,36.22 1 3
github.com/corvusHold/guard/sdk/go/middleware/helpers.go:41.47,43.16 2 2
github.com/corvusHold/guard/sdk/go/middleware/helpers.go:43.16,45.3 1 0
github.com/corvusHold/guard/sdk/go/middleware/helpers.go:46.2,47.9 2 2
github.com/corvusHold/guard/sdk/go/middleware/helpers.go:47.9,49.3 1 0
github.com/corvusHold/guard/sdk/go/middleware/helpers.go:50.2,50.19 1 2
github.com/corvusHold/guard/sdk/go/middleware/helpers.go:55.49,57.16 2 2
github.com/corvusHold/guard/sdk/go/middleware/helpers.go:57.16,59.3 1 0
github.com/corvusHold/guard/sdk/go/middleware/helpers.go:60.2,61.9 2 2
github.com/corvusHold/guard/sdk/go/middleware/helpers.go:61.9,63.3 1 0
github.com/corvusHold/guard/sdk/go/middleware/helpers.go:64.2,64.19 1 2
github.com/corvusHold/guard/sdk/go/middleware/helpers.go:69.75,71.16 2 9
github.com/corvusHold/guard/sdk/go/middleware/helpers.go:71.16,73.3 1 1
github.com/corvusHold/guard/sdk/go/middleware/helpers.go:74.2,75.9 2 8
github.com/corvusHold/guard/sdk/go/middleware/helpers.go:75.9,77.3 1 0
github.com/corvusHold/guard/sdk/go/middleware/helpers.go:78.2,78.27 1 8
github.com/corvusHold/guard/sdk/go/middleware/rbac.go:31.70,32.54 1 8
github.com/corvusHold/guard/sdk/go/middleware/rbac.go:32.54,33.37 1 8
github.com/corvusHold/guard/sdk/go/middleware/rbac.go:33.37,36.18 2 8
github.com/corvusHold/guard/sdk/go/middleware/rbac.go:36.18,38.5 1 1
github.com/corvusHold/guard/sdk/go/middleware/rbac.go:41.4,42.34 2 7
github.com/corvusHold/guard/sdk/go/middleware/rbac.go:42.34,44.5 1 6
github.com/corvusHold/guard/sdk/go/middleware/rbac.go:47.4,48.32 2 7
github.com/corvusHold/guard/sdk/go/middleware/rbac.go:48.32,50.5 1 7
github.com/corvusHold/guard/sdk/go/middleware/rbac.go:53.4,53.35 1 7
github.com/corvusHold/guard/sdk/go/middleware/rbac.go:53.35,54.47 1 8
github.com/corvusHold/guard/sdk/go/middleware/rbac.go:54.47,56.6 1 4
github.com/corvusHold/guard/sdk/go/middleware/rbac.go:59.4,59.78 1 3
github.com/corvusHold/guard/sdk/go/middleware/rbac.go:72.54,74.2 1 2
github.com/corvusHold/guard/sdk/go/middleware/rbac.go:90.81,91.54 1 2
github.com/corvusHold/guard/sdk/go/middleware/rbac.go:91.54,92.37 1 2
github.com/corvusHold/guard/sdk/go/middleware/rbac.go:92.37,95.18 2 2
github.com/corvusHold/guard/sdk/go/middleware/rbac.go:95.18,97.5 1 1
github.com/corvusHold/guard/sdk/go/middleware/rbac.go:99.4,100.18 2 1
github.com/corvusHold/guard/sdk/go/middleware/rbac.go:100.18,102.5 1 0
github.com/corvusHold/guard/sdk/go/middleware/rbac.go:107.4,108.18 2 1
github.com/corvusHold/guard/sdk/go/middleware/rbac.go:108.18,110.5 1 0
github.com/corvusHold/guard/sdk/go/middleware/rbac.go:112.4,112.22 1 1
github.com/corvusHold/guard/sdk/go/middleware/rbac.go:112.22,114.5 1 0
github.com/corvusHold/guard/sdk/go/middleware/rbac.go:116.4,116.18 1 1
github.com/corvusHold/guard/sdk/go/middleware/rbac.go:123.110,125.16 2 1
github.com/corvusHold/guard/sdk/go/middleware/rbac.go:125.16,127.3 1 0
github.com/corvusHold/guard/sdk/go/middleware/rbac.go:129.2,129.35 1 1
github.com/corvusHold/guard/sdk/go/middleware/rbac.go:129.35,130.32 1 1
github.com/corvusHold/guard/sdk/go/middleware/rbac.go:130.32,132.4 1 1
github.com/corvusHold/guard/sdk/go/middleware/rbac.go:135.2,135.19 1 0
github.com/corvusHold/guard/sdk/go/api.gen.go:1629.70,1635.25 2 39
github.com/corvusHold/guard/sdk/go/api.gen.go:1635.25,1636.36 1 42
github.com/corvusHold/guard/sdk/go/api.gen.go:1636.36,1638.4 1 0
github.com/corvusHold/guard/sdk/go/api.gen.go:1641.2,1641.44 1 39
github.com/corvusHold/guard/sdk/go/api.gen.go:1641.44,1643.3 1 39
github.com/corvusHold/guard/sdk/go/api.gen.go:1645.2,1645.26 1 39
github.com/corvusHold/guard/sdk/go/api.gen.go:1645.26,1647.3 1 36
github.com/corvusHold/guard/sdk/go/api.gen.go:1648.2,1648.21 1 39
github.com/corvusHold/guard/sdk/go/api.gen.go:1653.56,1654.31 1 3
github.com/corvusHold/guard/sdk/go/api.gen.go:1654.31,1657.3 2 3
github.com/corvusHold/guard/sdk/go/api.gen.go:1662.59,1663.31 1 39
github.com/corvusHold/guard/sdk/go/api.gen.go:1663.31,1666.3 2 39
github.com/corvusHold/guard/sdk/go/api.gen.go:2110.131,2112.16 2 0
github.com/corvusHold/guard/sdk/go/api.gen.go:2112.16,2114.3 1 0
github.com/corvusHold/guard/sdk/go/api.gen.go:2115.2,2116.61 2 0
github.com/corvusHold/guard/sdk/go/api.gen.go:2116.61,2118.3 1 0
github.com/corvusHold/guard/sdk/go/api.gen.go:2119.2,2119.25 1 0
github.com/corvusHold/guard/sdk/go/api.gen.go:2122.151,2124.16 2 0
github.com/corvusHold/guard/sdk/go/api.gen.go:2124.16,2126.3 1 0
github.com/corvusHold/guard/sdk/go/api.gen.go:2127.2,2128.61 2 0
github.com/corvusHold/guard/sdk/go/api.gen.go:2128.61,2130.3 1 0
github.com/corvusHold/guard/sdk/go/api.gen.go:2131.2,2131.25 1 0
github.com/corvusHold/guard/sdk/go/api.gen.go:2134.160,2136.16 2 0
github.com/corvusHold/guard/sdk/go/api.gen.go:2136.16,2138.3 1 0
github.com/corvusHold/guard/sdk/go/api.gen.go:2139.2,2140.61 2 0
github.com/corvusHold/guard/sdk/go/api.gen.go:2140.61,2142.3 1 0
github.com/corvusHold/guard/sdk/go/api.gen.go:2143.2,2143.25 1 0
github.com/corvusHold/guard/sdk/go/api.gen.go:2146.159,2148.16 2 0
github.com/corvusHold/guard/sdk/go/api.gen.go:2148.16,2150.3 1 0
github.com/corvusHold/guard/sdk/go/api.gen.go:2151.2,2152.61 2 0
github.com/corvusHold/guard/sdk/go/api.gen.go:2152.61,2154.3 1 0
github.com/corvusHold/guard/sdk/go/api.gen.go:2155.2,2155.25 1 0
github.com/corvusHold/guard/sdk/go/api.gen.go:2158.131,2160.16 2 0
github.com/corvusHold/guard/sdk/go/api.gen.go:2160.16,2162.3 1 0
github.com/corvusHold/guard/sdk/go/api.gen.go:2163.2,2164.61 2 0
github.com/corvusHold/guard/sdk/go/api.gen.go:2164.61,2166.3 1 0
github.com/corvusHold/guard/sdk/go/api.gen.go:2167.2,2167.25 1 0
github.com/corvusHold/guard/sdk/go/api.gen.go:2170.128,2172.16 2 0
github.com/corvusHold/guard/sdk/go/api.gen.go:2172.16,2174.3 1 0
github.com/corvusHold/guard/sdk/go/api.gen.go:2175.2,2176.61 2 0
github.com/corvusHold/guard/sdk/go/api.gen.go:2176.61,2178.3 1 0
github.com/corvusHold/guard/sdk/go/api.gen.go:2179.2,2179.25 1 0
github.com/corvusHold/guard/sdk/go/api.gen.go:2182.172,2184.16 2 0
github.com/corvusHold/guard/sdk/go/api.gen.go:2184.16,2186.3 1 0
github.com/corvusHold/guard/sdk/go/api.gen.go:2187.2,2188.61 2 0
github.com/corvusHold/guard/sdk/go/api.gen.go:2188.61,2190.3 1 0
github.com/corvusHold/guard/sdk/go/api.gen.go:2191.2,2191.25 1 0
github.com/corvusHold/guard/sdk/go/api.gen.go:2194.172,2196.16 2 0
github.com/corvusHold/guard/sdk/go/api.gen.go:2196.16,2198.3 1 0
github.com/corvusHold/guard/sdk/go/api.gen.go:2199.2,2200.61 2 0
github.com/corvusHold/guard/sdk/go/api.gen.go:2200.61,2202.3 1 0
github.com/corvusHold/guard/sdk/go/api.gen.go:2203.2,2203.25 1 0
github.com/corvusHold/guard/sdk/go/api.gen.go:2206.119,2208.16 2 0
github.com/corvusHold/guard/sdk/go/api.gen.go:2208.16,2210.3 1 0
github.com/corvusHold/guard/sdk/go/api.gen.go:2211.2,2212.61 2 0
github.com/corvusHold/guard/sdk/go/api.gen.go:2212.61,2214.3 1 0
github.com/corvusHold/guard/sdk/go/api.gen.go:2215.2,2215.25 1 0
github.com/corvusHold/guard/sdk/go/api.gen.go:2218.164,2220.16 2 0
github.com/corvusHold/guard/sdk/go/api.gen.go:2220.16,2222.3 1 0
github.com/corvusHold/guard/sdk/go/api.gen.go:2223.2,2224.61 2 0
github.com/corvusHold/guard/sdk/go/api.gen.go:2224.61,2226.3 1 0
github.com/corvusHold/guard/sdk/go/api.gen.go:2227.2,2227.25 1 0
github.com/corvusHold/guard/sdk/go/api.gen.go:2230.167,2232.16 2 0
github.com/corvusHold/guard/sdk/go/api.gen.go:2232.16,2234.3 1 0
github.com/corvusHold/guard/sdk/go/api.gen.go:2235.2,2236.61 2 0
github.com/corvusHold/guard/sdk/go/api.gen.go:2236.61,2238.3 1 0
github.com/corvusHold/guard/sdk/go/api.gen.go:2239.2,2239.25 1 0
github.com/corvusHold/guard/sdk/go/api.gen.go:2242.139,2244.16 2 0
github.com/corvusHold/guard/sdk/go/api.gen.go:2244.16,2246.3 1 0
github.com/corvusHold/guard/sdk/go/api.gen.go:2247.2,2248.61 2 0
github.com/corvusHold/guard/sdk/go/api.gen.go:2248.61,2250.3 1 0
github.com/corvusHold/guard/sdk/go/api.gen.go:2251.2,2251.25 1 0
github.com/corvusHold/guard/sdk/go/api.gen.go:2254.175,2256.16 2 0
github.com/corvusHold/guard/sdk/go/api.gen.go:2256.16,2258.3 1 0
github.com/corvusHold/guard/sdk/go/api.gen.go:2259.2,2260.61 2 0
github.com/corvusHold/guard/sdk/go/api.gen.go:2260.61,2262.3 1 0
github.com/corvusHold/guard/sdk/go/api.gen.go:2263.2,2263.25 1 0
github.com/corvusHold/guard/sdk/go/api.gen.go:2266.172,2268.16 2 0
github.com/corvusHold/guard/sdk/go/api.gen.go:2268.16,2270.3 1 0
github.com/corvusHold/guard/sdk/go/api.gen.go:2271.2,2272.61 2 0
github.com/corvusHold/guard/sdk/go/api.gen.go:2272.61,2274.3 1 0
github.com/corvusHold/guard/sdk/go/api.gen.go:2275.2,2275.25 1 0
github.com/corvusHold/guard/sdk/go/api.gen.go:2278.177,2280.16 2 0
github.com/corvusHold/guard/sdk/go/api.gen.go:2280.16,2282.3 1 0
github.com/corvusHold/guard/sdk/go/api.gen.go:2283.2,2284.61 2 0
github.com/corvusHold/guard/sdk/go/api.gen.go:2284.61,2286.3 1 0
github.com/corvusHold/guard/sdk/go/api.gen.go:2287.2,2287.25 1 0
github.com/corvusHold/guard/sdk/go/api.gen.go:2290.171,2292.16 2 0
github.com/corvusHold/guard/sdk/go/api.gen.go:2292.16,2294.3 1 0
github.com/corvusHold/guard/sdk/go/api.gen.go:2295.2,2296.61 2 0
github.com/corvusHold/guard/sdk/go/api.gen.go:2296.61,2298.3 1 0
github.com/corvusHold/guard/sdk/go/api.gen.go:2299.2,2299.25 1 0
github.com/corvusHold/guard/sdk/go/api.gen.go:2302.181,2304.16 2 1
github.com/corvusHold/guard/sdk/go/api.gen.go:2304.16,2306.3 1 0
github.com/corvusHold/guard/sdk/go/api.gen.go:2307.2,2308.61 2 1
github.com/corvusHold/guard/sdk/go/api.gen.go:2308.61,2310.3 1 0
github.com/corvusHold/guard/sdk/go/api.gen.go:2311.2,2311.25 1 1
github.com/corvusHold/guard/sdk/go/api.gen.go:2314.169,2316.16 2 0
github.com/corvusHold/guard/sdk/go/api.gen.go:2316.16,2318.3 1 0
github.com/corvusHold/guard/sdk/go/api.gen.go:2319.2,2320.61 2 0
github.com/corvusHold/guard/sdk/go/api.gen.go:2320.61,2322.3 1 0
github.com/corvusHold/guard/sdk/go/api.gen.go:2323.2,2323.25 1 0
github.com/corvusHold/guard/sdk/go/api.gen.go:2326.177,2328.16 2 2
github.com/corvusHold/guard/sdk/go/api.gen.go:2328.16,2330.3 1 0
github.com/corvusHold/guard/sdk/go/api.gen.go:2331.2,2332.61 2 2
github.com/corvusHold/guard/sdk/go/api.gen.go:2332.61,2334.3 1 0
github.com/corvusHold/guard/sdk/go/api.gen.go:2335.2,2335.25 1 2
github.com/corvusHold/guard/sdk/go/api.gen.go:2338.163,2340.16 2 2
github.com/corvusHold/guard/sdk/go/api.gen.go:2340.16,2342.3 1 0
github.com/corvusHold/guard/sdk/go/api.gen.go:2343.2,2344.61 2 2
github.com/corvusHold/guard/sdk/go/api.gen.go:2344.61,2346.3 1 0
github.com/corvusHold/guard/sdk/go/api.gen.go:2347.2,2347.25 1 2
github.com/corvusHold/guard/sdk/go/api.gen.go:2350.166,2352.16 2 0
github.com/corvusHold/guard/sdk/go/api.gen.go:2352.16,2354.3 1 0
github.com/corvusHold/guard/sdk/go/api.gen.go:2355.2,2356.61 2 0
github.com/corvusHold/guard/sdk/go/api.gen.go:2356.61,2358.3 1 0
github.com/corvusHold/guard/sdk/go/api.gen.go:2359.2,2359.25 1 0
github.com/corvusHold/guard/sdk/go/api.gen.go:2362.171,2364.16 2 1
github.com/corvusHold/guard/sdk/go/api.gen.go:2364.16,2366.3 1 0
github.com/corvusHold/guard/sdk/go/api.gen.go:2367.2,2368.61 2 1
github.com/corvusHold/guard/sdk/go/api.gen.go:2368.61,2370.3 1 0
github.com/corvusHold/guard/sdk/go/api.gen.go:2371.2,2371.25 1 1
github.com/corvusHold/guard/sdk/go/api.gen.go:2374.184,2376.16 2 1
github.com/corvusHold/guard/sdk/go/api.gen.go:2376.16,2378.3 1 0
github.com/corvusHold/guard/sdk/go/api.gen.go:2379.2,2380.61 2 1
github.com/corvusHold/guard/sdk/go/api.gen.go:2380.61,2382.3 1 0
github.com/corvusHold/guard/sdk/go/api.gen.go:2383.2,2383.25 1 1
github.com/corvusHold/guard/sdk/go/api.gen.go:2386.188,2388.16 2 0
github.com/corvusHold/guard/sdk/go/api.gen.go:2388.16,2390.3 1 0
github.com/corvusHold/guard/sdk/go/api.gen.go:2391.2,2392.61 2 0
github.com/corvusHold/guard/sdk/go/api.gen.go:2392.61,2394.3 1 0
github.com/corvusHold/guard/sdk/go/api.gen.go:2395.2,2395.25 1 0
github.com/corvusHold/guard/sdk/go/api.gen.go:2398.204,2400.16 2 2
github.com/corvusHold/guard/sdk/go/api.gen.go:2400.16,2402.3 1 0
github.com/corvusHold/guard/sdk/go/api.gen.go:2403.2,2404.61 2 2
github.com/corvusHold/guard/sdk/go/api.gen.go:2404.61,2406.3 1 0
github.com/corvusHold/guard/sdk/go/api.gen.go:2407.2,2407.25 1 2
github.com/corvusHold/guard/sdk/go/api.gen.go:2410.186,2412.16 2 0
github.com/corvusHold/guard/sdk/go/api.gen.go:2412.16,2414.3 1 0
github.com/corvusHold/guard/sdk/go/api.gen.go:2415.2,2416.61 2 0
github.com/corvusHold/guard/sdk/go/api.gen.go:2416.61,2418.3 1 0
github.com/corvusHold/guard/sdk/go/api.gen.go:2419.2,2419.25 1 0
github.com/corvusHold/guard/sdk/go/api.gen.go:2422.200,2424.16 2 2
github.com/corvusHold/guard/sdk/go/api.gen.go:2424.16,2426.3 1 0
github.com/corvusHold/guard/sdk/go/api.gen.go:2427.2,2428.61 2 2
github.com/corvusHold/guard/sdk/go/api.gen.go:2428.61,2430.3 1 0
github.com/corvusHold/guard/sdk/go/api.gen.go:2431.2,2431.25 1 2
github.com/corvusHold/guard/sdk/go/api.gen.go:2434.167,2436.16 2 0
github.com/corvusHold/guard/sdk/go/api.gen.go:2436.16,2438.3 1 0
github.com/corvusHold/guard/sdk/go/api.gen.go:2439.2,2440.61 2 0
github.com/corvusHold/guard/sdk/go/api.gen.go:2440.61,2442.3 1 0
github.com/corvusHold/guard/sdk/go/api.gen.go:2443.2,2443.25 1 0
github.com/corvusHold/guard/sdk/go/api.gen.go:2446.168,2448.16 2 0
github.com/corvusHold/guard/sdk/go/api.gen.go:2448.16,2450.3 1 0
github.com/corvusHold/guard/sdk/go/api.gen.go:2451.2,2452.61 2 0
github.com/corvusHold/guard/sdk/go/api.gen.go:2452.61,2454.3 1 0
github.com/corvusHold/guard/sdk/go/api.gen.go:2455.2,2455.25 1 0
github.com/corvusHold/guard/sdk/go/api.gen.go:2458.175,2460.16 2 0
github.com/corvusHold/guard/sdk/go/api.gen.go:2460.16,2462.3 1 0
github.com/corvusHold/guard/sdk/go/api.gen.go:2463.2,2464.61 2 0
github.com/corvusHold/guard/sdk/go/api.gen.go:2464.61,2466.3 1 0
github.com/corvusHold/guard/sdk/go/api.gen.go:2467.2,2467.25 1 0
github.com/corvusHold/guard/sdk/go/api.gen.go:2470.139,2472.16 2 0
github.com/corvusHold/guard/sdk/go/api.gen.go:2472.16,2474.3 1 0
github.com/corvusHold/guard/sdk/go/api.gen.go:2475.2,2476.61 2 0
github.com/corvusHold/guard/sdk/go/api.gen.go:2476.61,2478.3 1 0
github.com/corvusHold/guard/sdk/go/api.gen.go:2479.2,2479.25 1 0
github.com/corvusHold/guard/sdk/go/api.gen.go:2482.143,2484.16 2 0
github.com/corvusHold/guard/sdk/go/api.gen.go:2484.16,2486.3 1 0
github.com/corvusHold/guard/sdk/go/api.gen.go:2487.2,2488.61 2 0
github.com/corvusHold/guard/sdk/go/api.gen.go:2488.61,2490.3 1 0
github.com/corvusHold/guard/sdk/go/api.gen.go:2491.2,2491.25 1 0
github.com/corvusHold/guard/sdk/go/api.gen.go:2494.124,2496.16 2 0
github.com/corvusHold/guard/sdk/go/api.gen.go:2496.16,2498.3 1 0
github.com/corvusHold/guard/sdk/go/api.gen.go:2499.2,2500.61 2 0
github.com/corvusHold/guard/sdk/go/api.gen.go:2500.61,2502.3 1 0
github.com/corvusHold/guard/sdk/go/api.gen.go:2503.2,2503.25 1 0
github.com/corvusHold/guard/sdk/go/api.gen.go:2506.169,2508.16 2 0
github.com/corvusHold/guard/sdk/go/api.gen.go:2508.16,2510.3 1 0
github.com/corvusHold/guard/sdk/go/api.gen.go:2511.2,2512.61 2 0
github.com/corvusHold/guard/sdk/go/api.gen.go:2512.61,2514.3 1 0
github.com/corvusHold/guard/sdk/go/api.gen.go:2515.2,2515.25 1 0
github.com/corvusHold/guard/sdk/go/api.gen.go:2518.177,2520.16 2 0
github.com/corvusHold/guard/sdk/go/api.gen.go:2520.16,2522.3 1 0
github.com/corvusHold/guard/sdk/go/api.gen.go:2523.2,2524.61 2 0
github.com/corvusHold/guard/sdk/go/api.gen.go:2524.61,2526.3 1 0
github.com/corvusHold/guard/sdk/go/api.gen.go:2527.2,2527.25 1 0
github.com/corvusHold/guard/sdk/go/api.gen.go:2530.140,2532.16 2 0
github.com/corvusHold/guard/sdk/go/api.gen.go:2532.16,2534.3 1 0
github.com/corvusHold/guard/sdk/go/api.gen.go:2535.2,2536.61 2 0
github.com/corvusHold/guard/sdk/go/api.gen.go:2536.61,2538.3 1 0
github.com/corvusHold/guard/sdk/go/api.gen.go:2539.2,2539.25 1 0
github.com/corvusHold/guard/sdk/go/api.gen.go:2542.137,2544.16 2 0
github.com/corvusHold/guard/sdk/go/api.gen.go:2544.16,2546.3 1 0
github.com/corvusHold/guard/sdk/go/api.gen.go:2547.2,2548.61 2 0
github.com/corvusHold/guard/sdk/go/api.gen.go:2548.61,2550.3 1 0
github.com/corvusHold/guard/sdk/go/api.gen.go:2551.2,2551.25 1 0
github.com/corvusHold/guard/sdk/go/api.gen.go:2554.183,2556.16 2 0
github.com/corvusHold/guard/sdk/go/api.gen.go:2556.16,2558.3 1 0
github.com/corvusHold/guard/sdk/go/api.gen.go:2559.2,2560.61 2 0
github.com/corvusHold/guard/sdk/go/api.gen.go:2560.61,2562.3 1 0
github.com/corvusHold/guard/sdk/go/api.gen.go:2563.2,2563.25 1 0
github.com/corvusHold/guard/sdk/go/api.gen.go:2566.194,2568.16 2 0
github.com/corvusHold/guard/sdk/go/api.gen.go:2568.16,2570.3 1 0
github.com/corvusHold/guard/sdk/go/api.gen.go:2571.2,2572.61 2 0
github.com/corvusHold/guard/sdk/go/api.gen.go:2572.61,2574.3 1 0
github.com/corvusHold/guard/sdk/go/api.gen.go:2575.2,2575.25 1 0
github.com/corvusHold/guard/sdk/go/api.gen.go:2578.179,2580.16 2 0
github.com/corvusHold/guard/sdk/go/api.gen.go:2580.16,2582.3 1 0
github.com/corvusHold/guard/sdk/go/api.gen.go:2583.2,2584.61 2 0
github.com/corvusHold/guard/sdk/go/api.gen.go:2584.61,2586.3 1 0
github.com/corvusHold/guard/sdk/go/api.gen.go:2587.2,2587.25 1 0
github.com/corvusHold/guard/sdk/go/api.gen.go:2590.125,2592.16 2 0
github.com/corvusHold/guard/sdk/go/api.gen.go:2592.16,2594.3 1 0
github.com/corvusHold/guard/sdk/go/api.gen.go:2595.2,2596.61 2 0
github.com/corvusHold/guard/sdk/go/api.gen.go:2596.61,2598.3 1 0
github.com/corvusHold/guard/sdk/go/api.gen.go:2599.2,2599.25 1 0
github.com/corvusHold/guard/sdk/go/api.gen.go:2602.175,2604.16 2 0
github.com/corvusHold/guard/sdk/go/api.gen.go:2604.16,2606.3 1 0
github.com/corvusHold/guard/sdk/go/api.gen.go:2607.2,2608.61 2 0
github.com/corvusHold/guard/sdk/go/api.gen.go:2608.61,2610.3 1 0
github.com/corvusHold/guard/sdk/go/api.gen.go:2611.2,2611.25 1 0
github.com/corvusHold/guard/sdk/go/api.gen.go:2614.183,2616.16 2 0
github.com/corvusHold/guard/sdk/go/api.gen.go:2616.16,2618.3 1 0
github.com/corvusHold/guard/sdk/go/api.gen.go:2619.2,2620.61 2 0
github.com/corvusHold/guard/sdk/go/api.gen.go:2620.61,2622.3 1 0
github.com/corvusHold/guard/sdk/go/api.gen.go:2623.2,2623.25 1 0
github.com/corvusHold/guard/sdk/go/api.gen.go:2626.127,2628.16 2 1
github.com/corvusHold/guard/sdk/go/api.gen.go:2628.16,2630.3 1 0
github.com/corvusHold/guard/sdk/go/api.gen.go:2631.2,2632.61 2 1
github.com/corvusHold/guard/sdk/go/api.gen.go:2632.61,2634.3 1 0
github.com/corvusHold/guard/sdk/go/api.gen.go:2635.2,2635.25 1 1
github.com/corvusHold/guard/sdk/go/api.gen.go:2638.163,2640.16 2 1
github.com/corvusHold/guard/sdk/go/api.gen.go:2640.16,2642.3 1 0
github.com/corvusHold/guard/sdk/go/api.gen.go:2643.2,2644.61 2 1
github.com/corvusHold/guard/sdk/go/api.gen.go:2644.61,2646.3 1 0
github.com/corvusHold/guard/sdk/go/api.gen.go:2647.2,2647.25 1 1
github.com/corvusHold/guard/sdk/go/api.gen.go:2650.166,2652.16 2 0
github.com/corvusHold/guard/sdk/go/api.gen.go:2652.16,2654.3 1 0
github.com/corvusHold/guard/sdk/go/api.gen.go:2655.2,2656.61 2 0
github.com/corvusHold/guard/sdk/go/api.gen.go:2656.61,2658.3 1 0
github.com/corvusHold/guard/sdk/go/api.gen.go:2659.2,2659.25 1 0
github.com/corvusHold/guard/sdk/go/api.gen.go:2662.171,2664.16 2 1
github.com/corvusHold/guard/sdk/go/api.gen.go:2664.16,2666.3 1 0
github.com/corvusHold/guard/sdk/go/api.gen.go:2667.2,2668.61 2 1
github.com/corvusHold/guard/sdk/go/api.gen.go:2668.61,2670.3 1 0
github.com/corvusHold/guard/sdk/go/api.gen.go:2671.2,2671.25 1 1
github.com/corvusHold/guard/sdk/go/api.gen.go:2674.184,2676.16 2 1
github.com/corvusHold/guard/sdk/go/api.gen.go:2676.16,2678.3 1 0
github.com/corvusHold/guard/sdk/go/api.gen.go:2679.2,2680.61 2 1
github.com/corvusHold/guard/sdk/go/api.gen.go:2680.61,2682.3 1 0
github.com/corvusHold/guard/sdk/go/api.gen.go:2683.2,2683.25 1 1
github.com/corvusHold/guard/sdk/go/api.gen.go:2686.180,2688.16 2 0
github.com/corvusHold/guard/sdk/go/api.gen.go:2688.16,2690.3 1 0
github.com/corvusHold/guard/sdk/go/api.gen.go:2691.2,2692.61 2 0
github.com/corvusHold/guard/sdk/go/api.gen.go:2692.61,2694.3 1 0
github.com/corvusHold/guard/sdk/go/api.gen.go:2695.2,2695.25 1 0
github.com/corvusHold/guard/sdk/go/api.gen.go:2698.188,2700.16 2 1
github.com/corvusHold/guard/sdk/go/api.gen.go:2700.16,2702.3 1 0
github.com/corvusHold/guard/sdk/go/api.gen.go:2703.2,2704.61 2 1
github.com/corvusHold/guard/sdk/go/api.gen.go:2704.61,2706.3 1 0
github.com/corvusHold/guard/sdk/go/api.gen.go:2707.2,2707.25 1 1
github.com/corvusHold/guard/sdk/go/api.gen.go:2710.192,2712.16 2 0
github.com/corvusHold/guard/sdk/go/api.gen.go:2712.16,2714.3 1 0
github.com/corvusHold/guard/sdk/go/api.gen.go:2715.2,2716.61 2 0
github.com/corvusHold/guard/sdk/go/api.gen.go:2716.61,2718.3 1 0
github.com/corvusHold/guard/sdk/go/api.gen.go:2719.2,2719.25 1 0
github.com/corvusHold/guard/sdk/go/api.gen.go:2722.212,2724.16 2 1
github.com/corvusHold/guard/sdk/go/api.gen.go:2724.16,2726.3 1 0
github.com/corvusHold/guard/sdk/go/api.gen.go:2727.2,2728.61 2 1
github.com/corvusHold/guard/sdk/go/api.gen.go:2728.61,2730.3 1 0
github.com/corvusHold/guard/sdk/go/api.gen.go:2731.2,2731.25 1 1
github.com/corvusHold/guard/sdk/go/api.gen.go:2734.190,2736.16 2 0
github.com/corvusHold/guard/sdk/go/api.gen.go:2736.16,2738.3 1 0
github.com/corvusHold/guard/sdk/go/api.gen.go:2739.2,2740.61 2 0
github.com/corvusHold/guard/sdk/go/api.gen.go:2740.61,2742.3 1 0
github.com/corvusHold/guard/sdk/go/api.gen.go:2743.2,2743.25 1 0
github.com/corvusHold/guard/sdk/go/api.gen.go:2746.208,2748.16 2 1
github.com/corvusHold/guard/sdk/go/api.gen.go:2748.16,2750.3 1 0
github.com/corvusHold/guard/sdk/go/api.gen.go:2751.2,2752.61 2 1
github.com/corvusHold/guard/sdk/go/api.gen.go:2752.61,2754.3 1 0
github.com/corvusHold/guard/sdk/go/api.gen.go:2755.2,2755.25 1 1
github.com/corvusHold/guard/sdk/go/api.gen.go:2758.214,2760.16 2 1
github.com/corvusHold/guard/sdk/go/api.gen.go:2760.16,2762.3 1 0
github.com/corvusHold/guard/sdk/go/api.gen.go:2763.2,2764.61 2 1
github.com/corvusHold/guard/sdk/go/api.gen.go:2764.61,2766.3 1 0
github.com/corvusHold/guard/sdk/go/api.gen.go:2767.2,2767.25 1 1
github.com/corvusHold/guard/sdk/go/api.gen.go:2770.186,2772.16 2 0
github.com/corvusHold/guard/sdk/go/api.gen.go:2772.16,2774.3 1 0
github.com/corvusHold/guard/sdk/go/api.gen.go:2775.2,2776.61 2 0
github.com/corvusHold/guard/sdk/go/api.gen.go:2776.61,2778.3 1 0
github.com/corvusHold/guard/sdk/go/api.gen.go:2779.2,2779.25 1 0
github.com/corvusHold/guard/sdk/go/api.gen.go:2782.200,2784.16 2 2
github.com/corvusHold/guard/sdk/go/api.gen.go:2784.16,2786.3 1 0
github.com/corvusHold/guard/sdk/go/api.gen.go:2787.2,2788.61 2 2
github.com/corvusHold/guard/sdk/go/api.gen.go:2788.61,2790.3 1 0
github.com/corvusHold/guard/sdk/go/api.gen.go:2791.2,2791.25 1 2
github.com/corvusHold/guard/sdk/go/api.gen.go:2794.188,2796.16 2 2
github.com/corvusHold/guard/sdk/go/api.gen.go:2796.16,2798.3 1 0
github.com/corvusHold/guard/sdk/go/api.gen.go:2799.2,2800.61 2 2
github.com/corvusHold/guard/sdk/go/api.gen.go:2800.61,2802.3 1 0
github.com/corvusHold/guard/sdk/go/api.gen.go:2803.2,2803.25 1 2
github.com/corvusHold/guard/sdk/go/api.gen.go:2806.184,2808.16 2 0
github.com/corvusHold/guard/sdk/go/api.gen.go:2808.16,2810.3 1 0
github.com/corvusHold/guard/sdk/go/api.gen.go:2811.2,2812.61 2 0
github.com/corvusHold/guard/sdk/go/api.gen.go:2812.61,2814.3 1 0
github.com/corvusHold/guard/sdk/go/api.gen.go:2815.2,2815.25 1 0
github.com/corvusHold/guard/sdk/go/api.gen.go:2818.196,2820.16 2 4
github.com/corvusHold/guard/sdk/go/api.gen.go:2820.16,2822.3 1 0
github.com/corvusHold/guard/sdk/go/api.gen.go:2823.2,2824.61 2 4
github.com/corvusHold/guard/sdk/go/api.gen.go:2824.61,2826.3 1 0
github.com/corvusHold/guard/sdk/go/api.gen.go:2827.2,2827.25 1 4
github.com/corvusHold/guard/sdk/go/api.gen.go:2830.155,2832.16 2 1
github.com/corvusHold/guard/sdk/go/api.gen.go:2832.16,2834.3 1 0
github.com/corvusHold/guard/sdk/go/api.gen.go:2835.2,2836.61 2 1
github.com/corvusHold/guard/sdk/go/api.gen.go:2836.61,2838.3 1 0
github.com/corvusHold/guard/sdk/go/api.gen.go:2839.2,2839.25 1 1
github.com/corvusHold/guard/sdk/go/api.gen.go:2842.162,2844.16 2 0
github.com/corvusHold/guard/sdk/go/api.gen.go:2844.16,2846.3 1 0
github.com/corvusHold/guard/sdk/go/api.gen.go:2847.2,2848.61 2 0
github.com/corvusHold/guard/sdk/go/api.gen.go:2848.61,2850.3 1 0
github.com/corvusHold/guard/sdk/go/api.gen.go:2851.2,2851.25 1 0
github.com/corvusHold/guard/sdk/go/api.gen.go:2854.163,2856.16 2 0
github.com/corvusHold/guard/sdk/go/api.gen.go:2856.16,2858.3 1 0
github.com/corvusHold/guard/sdk/go/api.gen.go:2859.2,2860.61 2 0
github.com/corvusHold/guard/sdk/go/api.gen.go:2860.61,2862.3 1 0
github.com/corvusHold/guard/sdk/go/api.gen.go:2863.2,2863.25 1 0
github.com/corvusHold/guard/sdk/go/api.gen.go:2866.176,2868.16 2 0
github.com/corvusHold/guard/sdk/go/api.gen.go:2868.16,2870.3 1 0
github.com/corvusHold/guard/sdk/go/api.gen.go:2871.2,2872.61 2 0
github.com/corvusHold/guard/sdk/go/api.gen.go:2872.61,2874.3 1 0
github.com/corvusHold/guard/sdk/go/api.gen.go:2875.2,2875.25 1 0
github.com/corvusHold/guard/sdk/go/api.gen.go:2878.180,2880.16 2 1
github.com/corvusHold/guard/sdk/go/api.gen.go:2880.16,2882.3 1 0
github.com/corvusHold/guard/sdk/go/api.gen.go:2883.2,2884.61 2 1
github.com/corvusHold/guard/sdk/go/api.gen.go:2884.61,2886.3 1 0
github.com/corvusHold/guard/sdk/go/api.gen.go:2887.2,2887.25 1 1
github.com/corvusHold/guard/sdk/go/api.gen.go:2890.136,2892.16 2 1
github.com/corvusHold/guard/sdk/go/api.gen.go:2892.16,2894.3 1 0
github.com/corvusHold/guard/sdk/go/api.gen.go:2895.2,2896.61 2 1
github.com/corvusHold/guard/sdk/go/api.gen.go:2896.61,2898.3 1 0
github.com/corvusHold/guard/sdk/go/api.gen.go:2899.2,2899.25 1 1
github.com/corvusHold/guard/sdk/go/api.gen.go:2902.180,2904.16 2 0
github.com/corvusHold/guard/sdk/go/api.gen.go:2904.16,2906.3 1 0
github.com/corvusHold/guard/sdk/go/api.gen.go:2907.2,2908.61 2 0
github.com/corvusHold/guard/sdk/go/api.gen.go:2908.61,2910.3 1 0
github.com/corvusHold/guard/sdk/go/api.gen.go:2911.2,2911.25 1 0
github.com/corvusHold/guard/sdk/go/api.gen.go:2914.188,2916.16 2 0
github.com/corvusHold/guard/sdk/go/api.gen.go:2916.16,2918.3 1 0
github.com/corvusHold/guard/sdk/go/api.gen.go:2919.2,2920.61 2 0
github.com/corvusHold/guard/sdk/go/api.gen.go:2920.61,2922.3 1 0
github.com/corvusHold/guard/sdk/go/api.gen.go:2923.2,2923.25 1 0
github.com/corvusHold/guard/sdk/go/api.gen.go:2926.138,2928.16 2 1
github.com/corvusHold/guard/sdk/go/api.gen.go:2928.16,2930.3 1 0
github.com/corvusHold/guard/sdk/go/api.gen.go:2931.2,2932.61 2 1
github.com/corvusHold/guard/sdk/go/api.gen.go:2932.61,2934.3 1 0
github.com/corvusHold/guard/sdk/go/api.gen.go:2935.2,2935.25 1 1
github.com/corvusHold/guard/sdk/go/api.gen.go:2938.144,2940.16 2 0
github.com/corvusHold/guard/sdk/go/api.gen.go:2940.16,2942.3 1 0
github.com/corvusHold/guard/sdk/go/api.gen.go:2943.2,2944.61 2 0
github.com/corvusHold/guard/sdk/go/api.gen.go:2944.61,2946.3 1 0
github.com/corvusHold/guard/sdk/go/api.gen.go:2947.2,2947.25 1 0
github.com/corvusHold/guard/sdk/go/api.gen.go:2950.142,2952.16 2 0
github.com/corvusHold/guard/sdk/go/api.gen.go:2952.16,2954.3 1 0
github.com/corvusHold/guard/sdk/go/api.gen.go:2955.2,2956.61 2 0
github.com/corvusHold/guard/sdk/go/api.gen.go:2956.61,2958.3 1 0
github.com/corvusHold/guard/sdk/go/api.gen.go:2959.2,2959.25 1 0
github.com/corvusHold/guard/sdk/go/api.gen.go:2962.161,2964.16 2 0
github.com/corvusHold/guard/sdk/go/api.gen.go:2964.16,2966.3 1 0
github.com/corvusHold/guard/sdk/go/api.gen.go:2967.2,2968.61 2 0
github.com/corvusHold/guard/sdk/go/api.gen.go:2968.61,2970.3 1 0
github.com/corvusHold/guard/sdk/go/api.gen.go:2971.2,2971.25 1 0
github.com/corvusHold/guard/sdk/go/api.gen.go:2974.161,2976.16 2 1
github.com/corvusHold/guard/sdk/go/api.gen.go:2976.16,2978.3 1 0
github.com/corvusHold/guard/sdk/go/api.gen.go:2979.2,2980.61 2 1
github.com/corvusHold/guard/sdk/go/api.gen.go:2980.61,2982.3 1 0
github.com/corvusHold/guard/sdk/go/api.gen.go:2983.2,2983.25 1 1
github.com/corvusHold/guard/sdk/go/api.gen.go:2986.165,2988.16 2 0
github.com/corvusHold/guard/sdk/go/api.gen.go:2988.16,2990.3 1 0
github.com/corvusHold/guard/sdk/go/api.gen.go:2991.2,2992.61 2 0
github.com/corvusHold/guard/sdk/go/api.gen.go:2992.61,2994.3 1 0
github.com/corvusHold/guard/sdk/go/api.gen.go:2995.2,2995.25 1 0
github.com/corvusHold/guard/sdk/go/api.gen.go:2998.169,3000.16 2 0
github.com/corvusHold/guard/sdk/go/api.gen.go:3000.16,3002.3 1 0
github.com/corvusHold/guard/sdk/go/api.gen.go:3003.2,3004.61 2 0
github.com/corvusHold/guard/sdk/go/api.gen.go:3004.61,3006.3 1 0
github.com/corvusHold/guard/sdk/go/api.gen.go:3007.2,3007.25 1 0
github.com/corvusHold/guard/sdk/go/api.gen.go:3010.162,3012.16 2 0
github.com/corvusHold/guard/sdk/go/api.gen.go:3012.16,3014.3 1 0
github.com/corvusHold/guard/sdk/go/api.gen.go:3015.2,3016.61 2 0
github.com/corvusHold/guard/sdk/go/api.gen.go:3016.61,3018.3 1 0
github.com/corvusHold/guard/sdk/go/api.gen.go:3019.2,3019.25 1 0
github.com/corvusHold/guard/sdk/go/api.gen.go:3022.163,3024.16 2 1
github.com/corvusHold/guard/sdk/go/api.gen.go:3024.16,3026.3 1 0
github.com/corvusHold/guard/sdk/go/api.gen.go:3027.2,3028.61 2 1
github.com/corvusHold/guard/sdk/go/api.gen.go:3028.61,3030.3 1 0
github.com/corvusHold/guard/sdk/go/api.gen.go:3031.2,3031.25 1 1
github.com/corvusHold/guard/sdk/go/api.gen.go:3034.157,3036.16 2 0
github.com/corvusHold/guard/sdk/go/api.gen.go:3036.16,3038.3 1 0
github.com/corvusHold/guard/sdk/go/api.gen.go:3039.2,3040.61 2 0
github.com/corvusHold/guard/sdk/go/api.gen.go:3040.61,3042.3 1 0
github.com/corvusHold/guard/sdk/go/api.gen.go:3043.2,3043.25 1 0
github.com/corvusHold/guard/sdk/go/api.gen.go:3046.169,3048.16 2 0
github.com/corvusHold/guard/sdk/go/api.gen.go:3048.16,3050.3 1 0
github.com/corvusHold/guard/sdk/go/api.gen.go:3051.2,3052.61 2 0
github.com/corvusHold/guard/sdk/go/api.gen.go:3052.61,3054.3 1 0
github.com/corvusHold/guard/sdk/go/api.gen.go:3055.2,3055.25 1 0
github.com/corvusHold/guard/sdk/go/api.gen.go:3058.177,3060.16 2 0
github.com/corvusHold/guard/sdk/go/api.gen.go:3060.16,3062.3 1 0
github.com/corvusHold/guard/sdk/go/api.gen.go:3063.2,3064.61 2 0
github.com/corvusHold/guard/sdk/go/api.gen.go:3064.61,3066.3 1 0
github.com/corvusHold/guard/sdk/go/api.gen.go:3067.2,3067.25 1 0
github.com/corvusHold/guard/sdk/go/api.gen.go:3070.159,3072.16 2 1
github.com/corvusHold/guard/sdk/go/api.gen.go:3072.16,3074.3 1 0
github.com/corvusHold/guard/sdk/go/api.gen.go:3075.2,3076.61 2 1
github.com/corvusHold/guard/sdk/go/api.gen.go:3076.61,3078.3 1 0
github.com/corvusHold/guard/sdk/go/api.gen.go:3079.2,3079.25 1 1
github.com/corvusHold/guard/sdk/go/api.gen.go:3082.158,3084.16 2 0
github.com/corvusHold/guard/sdk/go/api.gen.go:3084.16,3086.3 1 0
github.com/corvusHold/guard/sdk/go/api.gen.go:3087.2,3088.61 2 0
github.com/corvusHold/guard/sdk/go/api.gen.go:3088.61,3090.3 1 0
github.com/corvusHold/guard/sdk/go/api.gen.go:3091.2,3091.25 1 0
github.com/corvusHold/guard/sdk/go/api.gen.go:3094.155,3096.16 2 1
github.com/corvusHold/guard/sdk/go/api.gen.go:3096.16,3098.3 1 0
github.com/corvusHold/guard/sdk/go/api.gen.go:3099.2,3100.61 2 1
github.com/corvusHold/guard/sdk/go/api.gen.go:3100.61,3102.3 1 0
github.com/corvusHold/guard/sdk/go/api.gen.go:3103.2,3103.25 1 1
github.com/corvusHold/guard/sdk/go/api.gen.go:3106.161,3108.16 2 0
github.com/corvusHold/guard/sdk/go/api.gen.go:3108.16,3110.3 1 0
github.com/corvusHold/guard/sdk/go/api.gen.go:3111.2,3112.61 2 0
github.com/corvusHold/guard/sdk/go/api.gen.go:3112.61,3114.3 1 0
github.com/corvusHold/guard/sdk/go/api.gen.go:3115.2,3115.25 1 0
github.com/corvusHold/guard/sdk/go/api.gen.go:3118.161,3120.16 2 2
github.com/corvusHold/guard/sdk/go/api.gen.go:3120.16,3122.3 1 0
github.com/corvusHold/guard/sdk/go/api.gen.go:3123.2,3124.61 2 2
github.com/corvusHold/guard/sdk/go/api.gen.go:3124.61,3126.3 1 0
github.com/corvusHold/guard/sdk/go/api.gen.go:3127.2,3127.25 1 2
github.com/corvusHold/guard/sdk/go/api.gen.go:3130.201,3132.16 2 0
github.com/corvusHold/guard/sdk/go/api.gen.go:3132.16,3134.3 1 0
github.com/corvusHold/guard/sdk/go/api.gen.go:3135.2,3136.61 2 0
github.com/corvusHold/guard/sdk/go/api.gen.go:3136.61,3138.3 1 0
github.com/corvusHold/guard/sdk/go/api.gen.go:3139.2,3139.25 1 0
github.com/corvusHold/guard/sdk/go/api.gen.go:3142.202,3144.16 2 0
github.com/corvusHold/guard/sdk/go/api.gen.go:3144.16,3146.3 1 0
github.com/corvusHold/guard/sdk/go/api.gen.go:3147.2,3148.61 2 0
github.com/corvusHold/guard/sdk/go/api.gen.go:3148.61,3150.3 1 0
github.com/corvusHold/guard/sdk/go/api.gen.go:3151.2,3151.25 1 0
github.com/corvusHold/guard/sdk/go/api.gen.go:3154.203,3156.16 2 0
github.com/corvusHold/guard/sdk/go/api.gen.go:3156.16,3158.3 1 0
github.com/corvusHold/guard/sdk/go/api.gen.go:3159.2,3160.61 2 0
github.com/corvusHold/guard/sdk/go/api.gen.go:3160.61,3162.3 1 0
github.com/corvusHold/guard/sdk/go/api.gen.go:3163.2,3163.25 1 0
github.com/corvusHold/guard/sdk/go/api.gen.go:3166.205,3168.16 2 2
github.com/corvusHold/guard/sdk/go/api.gen.go:3168.16,3170.3 1 0
github.com/corvusHold/guard/sdk/go/api.gen.go:3171.2,3172.61 2 2
github.com/corvusHold/guard/sdk/go/api.gen.go:3172.61,3174.3 1 0
github.com/corvusHold/guard/sdk/go/api.gen.go:3175.2,3175.25 1 2
github.com/corvusHold/guard/sdk/go/api.gen.go:3178.139,3180.16 2 4
github.com/corvusHold/guard/sdk/go/api.gen.go:3180.16,3182.3 1 0
github.com/corvusHold/guard/sdk/go/api.gen.go:3183.2,3184.61 2 4
github.com/corvusHold/guard/sdk/go/api.gen.go:3184.61,3186.3 1 0
github.com/corvusHold/guard/sdk/go/api.gen.go:3187.2,3187.25 1 4
github.com/corvusHold/guard/sdk/go/api.gen.go:3190.168,3192.16 2 0
github.com/corvusHold/guard/sdk/go/api.gen.go:3192.16,3194.3 1 0
github.com/corvusHold/guard/sdk/go/api.gen.go:3195.2,3196.61 2 0
github.com/corvusHold/guard/sdk/go/api.gen.go:3196.61,3198.3 1 0
github.com/corvusHold/guard/sdk/go/api.gen.go:3199.2,3199.25 1 0
github.com/corvusHold/guard/sdk/go/api.gen.go:3202.175,3204.16 2 1
github.com/corvusHold/guard/sdk/go/api.gen.go:3204.16,3206.3 1 0
github.com/corvusHold/guard/sdk/go/api.gen.go:3207.2,3208.61 2 1
github.com/corvusHold/guard/sdk/go/api.gen.go:3208.61,3210.3 1 0
github.com/corvusHold/guard/sdk/go/api.gen.go:3211.2,3211.25 1 1
github.com/corvusHold/guard/sdk/go/api.gen.go:3214.121,3216.16 2 2
github.com/corvusHold/guard/sdk/go/api.gen.go:3216.16,3218.3 1 0
github.com/corvusHold/guard/sdk/go/api.gen.go:3219.2,3220.61 2 2
github.com/corvusHold/guard/sdk/go/api.gen.go:3220.61,3222.3 1 0
github.com/corvusHold/guard/sdk/go/api.gen.go:3223.2,3223.25 1 2
github.com/corvusHold/guard/sdk/go/api.gen.go:3226.169,3228.16 2 0
github.com/corvusHold/guard/sdk/go/api.gen.go:3228.16,3230.3 1 0
github.com/corvusHold/guard/sdk/go/api.gen.go:3231.2,3232.61 2 0
github.com/corvusHold/guard/sdk/go/api.gen.go:3232.61,3234.3 1 0
github.com/corvusHold/guard/sdk/go/api.gen.go:3235.2,3235.25 1 0
github.com/corvusHold/guard/sdk/go/api.gen.go:3238.177,3240.16 2 1
github.com/corvusHold/guard/sdk/go/api.gen.go:3240.16,3242.3 1 0
github.com/corvusHold/guard/sdk/go/api.gen.go:3243.2,3244.61 2 1
github.com/corvusHold/guard/sdk/go/api.gen.go:3244.61,3246.3 1 0
github.com/corvusHold/guard/sdk/go/api.gen.go:3247.2,3247.25 1 1
github.com/corvusHold/guard/sdk/go/api.gen.go:3250.167,3252.16 2 0
github.com/corvusHold/guard/sdk/go/api.gen.go:3252.16,3254.3 1 0
github.com/corvusHold/guard/sdk/go/api.gen.go:3255.2,3256.61 2 0
github.com/corvusHold/guard/sdk/go/api.gen.go:3256.61,3258.3 1 0
github.com/corvusHold/guard/sdk/go/api.gen.go:3259.2,3259.25 1 0
github.com/corvusHold/guard/sdk/go/api.gen.go:3262.173,3264.16 2 1
github.com/corvusHold/guard/sdk/go/api.gen.go:3264.16,3266.3 1 0
github.com/corvusHold/guard/sdk/go/api.gen.go:3267.2,3268.61 2 1
github.com/corvusHold/guard/sdk/go/api.gen.go:3268.61,3270.3 1 0
github.com/corvusHold/guard/sdk/go/api.gen.go:3271.2,3271.25 1 1
github.com/corvusHold/guard/sdk/go/api.gen.go:3274.122,3276.16 2 1
github.com/corvusHold/guard/sdk/go/api.gen.go:3276.16,3278.3 1 0
github.com/corvusHold/guard/sdk/go/api.gen.go:3279.2,3280.61 2 1
github.com/corvusHold/guard/sdk/go/api.gen.go:3280.61,3282.3 1 0
github.com/corvusHold/guard/sdk/go/api.gen.go:3283.2,3283.25 1 1
github.com/corvusHold/guard/sdk/go/api.gen.go:3286.120,3288.16 2 1
github.com/corvusHold/guard/sdk/go/api.gen.go:3288.16,3290.3 1 0
github.com/corvusHold/guard/sdk/go/api.gen.go:3291.2,3292.61 2 1
github.com/corvusHold/guard/sdk/go/api.gen.go:3292.61,3294.3 1 0
github.com/corvusHold/guard/sdk/go/api.gen.go:3295.2,3295.25 1 1
github.com/corvusHold/guard/sdk/go/api.gen.go:3298.199,3300.16 2 0
github.com/corvusHold/guard/sdk/go/api.gen.go:3300.16,3302.3 1 0
github.com/corvusHold/guard/sdk/go/api.gen.go:3303.2,3304.61 2 0
github.com/corvusHold/guard/sdk/go/api.gen.go:3304.61,3306.3 1 0
github.com/corvusHold/guard/sdk/go/api.gen.go:3307.2,3307.25 1 0
github.com/corvusHold/guard/sdk/go/api.gen.go:3310.199,3312.16 2 1
github.com/corvusHold/guard/sdk/go/api.gen.go:3312.16,3314.3 1 0
github.com/corvusHold/guard/sdk/go/api.gen.go:3315.2,3316.61 2 1
github.com/corvusHold/guard/sdk/go/api.gen.go:3316.61,3318.3 1 0
github.com/corvusHold/guard/sdk/go/api.gen.go:3319.2,3319.25 1 1
github.com/corvusHold/guard/sdk/go/api.gen.go:3322.166,3324.16 2 0
github.com/corvusHold/guard/sdk/go/api.gen.go:3324.16,3326.3 1 0
github.com/corvusHold/guard/sdk/go/api.gen.go:3327.2,3328.61 2 0
github.com/corvusHold/guard/sdk/go/api.gen.go:3328.61,3330.3 1 0
github.com/corvusHold/guard/sdk/go/api.gen.go:3331.2,3331.25 1 0
github.com/corvusHold/guard/sdk/go/api.gen.go:3334.171,3336.16 2 0
github.com/corvusHold/guard/sdk/go/api.gen.go:3336.16,3338.3 1 0
github.com/corvusHold/guard/sdk/go/api.gen.go:3339.2,3340.61 2 0
github.com/corvusHold/guard/sdk/go/api.gen.go:3340.61,3342.3 1 0
github.com/corvusHold/guard/sdk/go/api.gen.go:3343.2,3343.25 1 0
github.com/corvusHold/guard/sdk/go/api.gen.go:3346.207,3348.16 2 0
github.com/corvusHold/guard/sdk/go/api.gen.go:3348.16,3350.3 1 0
github.com/corvusHold/guard/sdk/go/api.gen.go:3351.2,3352.61 2 0
github.com/corvusHold/guard/sdk/go/api.gen.go:3352.61,3354.3 1 0
github.com/corvusHold/guard/sdk/go/api.gen.go:3355.2,3355.25 1 0
github.com/corvusHold/guard/sdk/go/api.gen.go:3358.211,3360.16 2 1
github.com/corvusHold/guard/sdk/go/api.gen.go:3360.16,3362.3 1 0
github.com/corvusHold/guard/sdk/go/api.gen.go:3363.2,3364.61 2 1
github.com/corvusHold/guard/sdk/go/api.gen.go:3364.61,3366.3 1 0
github.com/corvusHold/guard/sdk/go/api.gen.go:3367.2,3367.25 1 1
github.com/corvusHold/guard/sdk/go/api.gen.go:3370.172,3372.16 2 0
github.com/corvusHold/guard/sdk/go/api.gen.go:3372.16,3374.3 1 0
github.com/corvusHold/guard/sdk/go/api.gen.go:3375.2,3376.61 2 0
github.com/corvusHold/guard/sdk/go/api.gen.go:3376.61,3378.3 1 0
github.com/corvusHold/guard/sdk/go/api.gen.go:3379.2,3379.25 1 0
github.com/corvusHold/guard/sdk/go/api.gen.go:3382.183,3384.16 2 0
github.com/corvusHold/guard/sdk/go/api.gen.go:3384.16,3386.3 1 0
github.com/corvusHold/guard/sdk/go/api.gen.go:3387.2,3388.61 2 0
github.com/corvusHold/guard/sdk/go/api.gen.go:3388.61,3390.3 1 0
github.com/corvusHold/guard/sdk/go/api.gen.go:3391.2,3391.25 1 0
github.com/corvusHold/guard/sdk/go/api.gen.go:3394.172,3396.16 2 0
github.com/corvusHold/guard/sdk/go/api.gen.go:3396.16,3398.3 1 0
github.com/corvusHold/guard/sdk/go/api.gen.go:3399.2,3400.61 2 0
github.com/corvusHold/guard/sdk/go/api.gen.go:3400.61,3402.3 1 0
github.com/corvusHold/guard/sdk/go/api.gen.go:3403.2,3403.25 1 0
github.com/corvusHold/guard/sdk/go/api.gen.go:3406.183,3408.16 2 0
github.com/corvusHold/guard/sdk/go/api.gen.go:3408.16,3410.3 1 0
github.com/corvusHold/guard/sdk/go/api.gen.go:3411.2,3412.61 2 0
github.com/corvusHold/guard/sdk/go/api.gen.go:3412.61,3414.3 1 0
github.com/corvusHold/guard/sdk/go/api.gen.go:3415.2,3415.25 1 0
github.com/corvusHold/guard/sdk/go/api.gen.go:3418.209,3420.16 2 0
github.com/corvusHold/guard/sdk/go/api.gen.go:3420.16,3422.3 1 0
github.com/corvusHold/guard/sdk/go/api.gen.go:3423.2,3424.61 2 0
github.com/corvusHold/guard/sdk/go/api.gen.go:3424.61,3426.3 1 0
github.com/corvusHold/guard/sdk/go/api.gen.go:3427.2,3427.25 1 0
github.com/corvusHold/guard/sdk/go/api.gen.go:3430.214,3432.16 2 1
github.com/corvusHold/guard/sdk/go/api.gen.go:3432.16,3434.3 1 0
github.com/corvusHold/guard/sdk/go/api.gen.go:3435.2,3436.61 2 1
github.com/corvusHold/guard/sdk/go/api.gen.go:3436.61,3438.3 1 0
github.com/corvusHold/guard/sdk/go/api.gen.go:3439.2,3439.25 1 1
github.com/corvusHold/guard/sdk/go/api.gen.go:3442.160,3444.16 2 0
github.com/corvusHold/guard/sdk/go/api.gen.go:3444.16,3446.3 1 0
github.com/corvusHold/guard/sdk/go/api.gen.go:3447.2,3448.61 2 0
github.com/corvusHold/guard/sdk/go/api.gen.go:3448.61,3450.3 1 0
github.com/corvusHold/guard/sdk/go/api.gen.go:3451.2,3451.25 1 0
github.com/corvusHold/guard/sdk/go/api.gen.go:3454.159,3456.16 2 0
github.com/corvusHold/guard/sdk/go/api.gen.go:3456.16,3458.3 1 0
github.com/corvusHold/guard/sdk/go/api.gen.go:3459.2,3460.61 2 0
github.com/corvusHold/guard/sdk/go/api.gen.go:3460.61,3462.3 1 0
github.com/corvusHold/guard/sdk/go/api.gen.go:3463.2,3463.25 1 0
github.com/corvusHold/guard/sdk/go/api.gen.go:3466.195,3468.16 2 0
github.com/corvusHold/guard/sdk/go/api.gen.go:3468.16,3470.3 1 0
github.com/corvusHold/guard/sdk/go/api.gen.go:3471.2,3472.61 2 0
github.com/corvusHold/guard/sdk/go/api.gen.go:3472.61,3474.3 1 0
github.com/corvusHold/guard/sdk/go/api.gen.go:3475.2,3475.25 1 0
github.com/corvusHold/guard/sdk/go/api.gen.go:3478.193,3480.16 2 1
github.com/corvusHold/guard/sdk/go/api.gen.go:3480.16,3482.3 1 0
github.com/corvusHold/guard/sdk/go/api.gen.go:3483.2,3484.61 2 1
github.com/corvusHold/guard/sdk/go/api.gen.go:3484.61,3486.3 1 0
github.com/corvusHold/guard/sdk/go/api.gen.go:3487.2,3487.25 1 1
github.com/corvusHold/guard/sdk/go/api.gen.go:3490.158,3492.16 2 0
github.com/corvusHold/guard/sdk/go/api.gen.go:3492.16,3494.3 1 0
github.com/corvusHold/guard/sdk/go/api.gen.go:3495.2,3496.61 2 0
github.com/corvusHold/guard/sdk/go/api.gen.go:3496.61,3498.3 1 0
github.com/corvusHold/guard/sdk/go/api.gen.go:3499.2,3499.25 1 0
github.com/corvusHold/guard/sdk/go/api.gen.go:3502.155,3504.16 2 0
github.com/corvusHold/guard/sdk/go/api.gen.go:3504.16,3506.3 1 0
github.com/corvusHold/guard/sdk/go/api.gen.go:3507.2,3508.61 2 0
github.com/corvusHold/guard/sdk/go/api.gen.go:3508.61,3510.3 1 0
github.com/corvusHold/guard/sdk/go/api.gen.go:3511.2,3511.25 1 0
github.com/corvusHold/guard/sdk/go/api.gen.go:3514.114,3516.16 2 0
github.com/corvusHold/guard/sdk/go/api.gen.go:3516.16,3518.3 1 0
github.com/corvusHold/guard/sdk/go/api.gen.go:3519.2,3520.61 2 0
github.com/corvusHold/guard/sdk/go/api.gen.go:3520.61,3522.3 1 0
github.com/corvusHold/guard/sdk/go/api.gen.go:3523.2,3523.25 1 0
github.com/corvusHold/guard/sdk/go/api.gen.go:3526.119,3528.16 2 0
github.com/corvusHold/guard/sdk/go/api.gen.go:3528.16,3530.3 1 0
github.com/corvusHold/guard/sdk/go/api.gen.go:3531.2,3532.61 2 0
github.com/corvusHold/guard/sdk/go/api.gen.go:3532.61,3534.3 1 0
github.com/corvusHold/guard/sdk/go/api.gen.go:3535.2,3535.25 1 0
github.com/corvusHold/guard/sdk/go/api.gen.go:3538.164,3540.16 2 0
github.com/corvusHold/guard/sdk/go/api.gen.go:3540.16,3542.3 1 0
github.com/corvusHold/guard/sdk/go/api.gen.go:3543.2,3544.61 2 0
github.com/corvusHold/guard/sdk/go/api.gen.go:3544.61,3546.3 1 0
github.com/corvusHold/guard/sdk/go/api.gen.go:3547.2,3547.25 1 0
github.com/corvusHold/guard/sdk/go/api.gen.go:3550.167,3552.16 2 0
github.com/corvusHold/guard/sdk/go/api.gen.go:3552.16,3554.3 1 0
github.com/corvusHold/guard/sdk/go/api.gen.go:3555.2,3556.61 2 0
github.com/corvusHold/guard/sdk/go/api.gen.go:3556.61,3558.3 1 0
github.com/corvusHold/guard/sdk/go/api.gen.go:3559.2,3559.25 1 0
github.com/corvusHold/guard/sdk/go/api.gen.go:3562.135,3564.16 2 0
github.com/corvusHold/guard/sdk/go/api.gen.go:3564.16,3566.3 1 0
github.com/corvusHold/guard/sdk/go/api.gen.go:3567.2,3568.61 2 0
github.com/corvusHold/guard/sdk/go/api.gen.go:3568.61,3570.3 1 0
github.com/corvusHold/guard/sdk/go/api.gen.go:3571.2,3571.25 1 0
github.com/corvusHold/guard/sdk/go/api.gen.go:3574.118,3576.16 2 0
github.com/corvusHold/guard/sdk/go/api.gen.go:3576.16,3578.3 1 0
github.com/corvusHold/guard/sdk/go/api.gen.go:3579.2,3580.61 2 0
github.com/corvusHold/guard/sdk/go/api.gen.go:3580.61,3582.3 1 0
github.com/corvusHold/guard/sdk/go/api.gen.go:3583.2,3583.25 1 0
github.com/corvusHold/guard/sdk/go/api.gen.go:3586.162,3588.16 2 0
github.com/corvusHold/guard/sdk/go/api.gen.go:3588.16,3590.3 1 0
github.com/corvusHold/guard/sdk/go/api.gen.go:3591.2,3592.61 2 0
github.com/corvusHold/guard/sdk/go/api.gen.go:3592.61,3594.3 1 0
github.com/corvusHold/guard/sdk/go/api.gen.go:3595.2,3595.25 1 0
github.com/corvusHold/guard/sdk/go/api.gen.go:3598.163,3600.16 2 0
github.com/corvusHold/guard/sdk/go/api.gen.go:3600.16,3602.3 1 0
github.com/corvusHold/guard/sdk/go/api.gen.go:3603.2,3604.61 2 0
github.com/corvusHold/guard/sdk/go/api.gen.go:3604.61,3606.3 1 0
github.com/corvusHold/guard/sdk/go/api.gen.go:3607.2,3607.25 1 0
github.com/corvusHold/guard/sdk/go/api.gen.go:3610.119,3612.16 2 0
github.com/corvusHold/guard/sdk/go/api.gen.go:3612.16,3614.3 1 0
github.com/corvusHold/guard/sdk/go/api.gen.go:3615.2,3616.61 2 0
github.com/corvusHold/guard/sdk/go/api.gen.go:3616.61,3618.3 1 0
github.com/corvusHold/guard/sdk/go/api.gen.go:3619.2,3619.25 1 0
github.com/corvusHold/guard/sdk/go/api.gen.go:3622.135,3624.16 2 0
github.com/corvusHold/guard/sdk/go/api.gen.go:3624.16,3626.3 1 0
github.com/corvusHold/guard/sdk/go/api.gen.go:3627.2,3628.61 2 0
github.com/corvusHold/guard/sdk/go/api.gen.go:3628.61,3630.3 1 0
github.com/corvusHold/guard/sdk/go/api.gen.go:3631.2,3631.25 1 0
github.com/corvusHold/guard/sdk/go/api.gen.go:3634.115,3636.16 2 2
github.com/corvusHold/guard/sdk/go/api.gen.go:3636.16,3638.3 1 0
github.com/corvusHold/guard/sdk/go/api.gen.go:3639.2,3640.61 2 2
github.com/corvusHold/guard/sdk/go/api.gen.go:3640.61,3642.3 1 0
github.com/corvusHold/guard/sdk/go/api.gen.go:3643.2,3643.25 1 2
github.com/corvusHold/guard/sdk/go/api.gen.go:3646.135,3648.16 2 1
github.com/corvusHold/guard/sdk/go/api.gen.go:3648.16,3650.3 1 0
github.com/corvusHold/guard/sdk/go/api.gen.go:3651.2,3652.61 2 1
github.com/corvusHold/guard/sdk/go/api.gen.go:3652.61,3654.3 1 0
github.com/corvusHold/guard/sdk/go/api.gen.go:3655.2,3655.25 1 1
github.com/corvusHold/guard/sdk/go/api.gen.go:3658.190,3660.16 2 1
github.com/corvusHold/guard/sdk/go/api.gen.go:3660.16,3662.3 1 0
github.com/corvusHold/guard/sdk/go/api.gen.go:3663.2,3664.61 2 1
github.com/corvusHold/guard/sdk/go/api.gen.go:3664.61,3666.3 1 0
github.com/corvusHold/guard/sdk/go/api.gen.go:3667.2,3667.25 1 1
github.com/corvusHold/guard/sdk/go/api.gen.go:3670.194,3672.16 2 1
github.com/corvusHold/guard/sdk/go/api.gen.go:3672.16,3674.3 1 0
github.com/corvusHold/guard/sdk/go/api.gen.go:3675.2,3676.61 2 1
github.com/corvusHold/guard/sdk/go/api.gen.go:3676.61,3678.3 1 0
github.com/corvusHold/guard/sdk/go/api.gen.go:3679.2,3679.25 1 1
github.com/corvusHold/guard/sdk/go/api.gen.go:3682.184,3684.16 2 2
github.com/corvusHold/guard/sdk/go/api.gen.go:3684.16,3686.3 1 0
github.com/corvusHold/guard/sdk/go/api.gen.go:3687.2,3688.61 2 2
github.com/corvusHold/guard/sdk/go/api.gen.go:3688.61,3690.3 1 0
github.com/corvusHold/guard/sdk/go/api.gen.go:3691.2,3691.25 1 2
github.com/corvusHold/guard/sdk/go/api.gen.go:3694.163,3696.16 2 0
github.com/corvusHold/guard/sdk/go/api.gen.go:3696.16,3698.3 1 0
github.com/corvusHold/guard/sdk/go/api.gen.go:3699.2,3700.61 2 0
github.com/corvusHold/guard/sdk/go/api.gen.go:3700.61,3702.3 1 0
github.com/corvusHold/guard/sdk/go/api.gen.go:3703.2,3703.25 1 0
github.com/corvusHold/guard/sdk/go/api.gen.go:3706.165,3708.16 2 0
github.com/corvusHold/guard/sdk/go/api.gen.go:3708.16,3710.3 1 0
github.com/corvusHold/guard/sdk/go/api.gen.go:3711.2,3712.61 2 0
github.com/corvusHold/guard/sdk/go/api.gen.go:3712.61,3714.3 1 0
github.com/corvusHold/guard/sdk/go/api.gen.go:3715.2,3715.25 1 0
github.com/corvusHold/guard/sdk/go/api.gen.go:3718.161,3720.16 2 0
github.com/corvusHold/guard/sdk/go/api.gen.go:3720.16,3722.3 1 0
github.com/corvusHold/guard/sdk/go/api.gen.go:3723.2,3724.61 2 0
github.com/corvusHold/guard/sdk/go/api.gen.go:3724.61,3726.3 1 0
github.com/corvusHold/guard/sdk/go/api.gen.go:3727.2,3727.25 1 0
github.com/corvusHold/guard/sdk/go/api.gen.go:3730.164,3732.16 2 0
github.com/corvusHold/guard/sdk/go/api.gen.go:3732.16,3734.3 1 0
github.com/corvusHold/guard/sdk/go/api.gen.go:3735.2,3736.61 2 0
github.com/corvusHold/guard/sdk/go/api.gen.go:3736.61,3738.3 1 0
github.com/corvusHold/guard/sdk/go/api.gen.go:3739.2,3739.25 1 0
github.com/corvusHold/guard/sdk/go/api.gen.go:3742.167,3744.16 2 0
github.com/corvusHold/guard/sdk/go/api.gen.go:3744.16,3746.3 1 0
github.com/corvusHold/guard/sdk/go/api.gen.go:3747.2,3748.61 2 0
github.com/corvusHold/guard/sdk/go/api.gen.go:3748.61,3750.3 1 0
github.com/corvusHold/guard/sdk/go/api.gen.go:3751.2,3751.25 1 0
github.com/corvusHold/guard/sdk/go/api.gen.go:3754.151,3756.16 2 2
github.com/corvusHold/guard/sdk/go/api.gen.go:3756.16,3758.3 1 0
github.com/corvusHold/guard/sdk/go/api.gen.go:3759.2,3760.61 2 2
github.com/corvusHold/guard/sdk/go/api.gen.go:3760.61,3762.3 1 0
github.com/corvusHold/guard/sdk/go/api.gen.go:3763.2,3763.25 1 2
github.com/corvusHold/guard/sdk/go/api.gen.go:3766.160,3768.16 2 0
github.com/corvusHold/guard/sdk/go/api.gen.go:3768.16,3770.3 1 0
github.com/corvusHold/guard/sdk/go/api.gen.go:3771.2,3772.61 2 0
github.com/corvusHold/guard/sdk/go/api.gen.go:3772.61,3774.3 1 0
github.com/corvusHold/guard/sdk/go/api.gen.go:3775.2,3775.25 1 0
github.com/corvusHold/guard/sdk/go/api.gen.go:3778.159,3780.16 2 1
github.com/corvusHold/guard/sdk/go/api.gen.go:3780.16,3782.3 1 0
github.com/corvusHold/guard/sdk/go/api.gen.go:3783.2,3784.61 2 1
github.com/corvusHold/guard/sdk/go/api.gen.go:3784.61,3786.3 1 0
github.com/corvusHold/guard/sdk/go/api.gen.go:3787.2,3787.25 1 1
github.com/corvusHold/guard/sdk/go/api.gen.go:3790.131,3792.16 2 1
github.com/corvusHold/guard/sdk/go/api.gen.go:3792.16,3794.3 1 0
github.com/corvusHold/guard/sdk/go/api.gen.go:3795.2,3796.61 2 1
github.com/corvusHold/guard/sdk/go/api.gen.go:3796.61,3798.3 1 0
github.com/corvusHold/guard/sdk/go/api.gen.go:3799.2,3799.25 1 1
github.com/corvusHold/guard/sdk/go/api.gen.go:3802.128,3804.16 2 1
github.com/corvusHold/guard/sdk/go/api.gen.go:3804.16,3806.3 1 0
github.com/corvusHold/guard/sdk/go/api.gen.go:3807.2,3808.61 2 1
github.com/corvusHold/guard/sdk/go/api.gen.go:3808.61,3810.3 1 0
github.com/corvusHold/guard/sdk/go/api.gen.go:3811.2,3811.25 1 1
github.com/corvusHold/guard/sdk/go/api.gen.go:3814.172,3816.16 2 0
github.com/corvusHold/guard/sdk/go/api.gen.go:3816.16,3818.3 1 0
github.com/corvusHold/guard/sdk/go/api.gen.go:3819.2,3820.61 2 0
github.com/corvusHold/guard/sdk/go/api.gen.go:3820.61,3822.3 1 0
github.com/corvusHold/guard/sdk/go/api.gen.go:3823.2,3823.25 1 0
github.com/corvusHold/guard/sdk/go/api.gen.go:3826.172,3828.16 2 1
github.com/corvusHold/guard/sdk/go/api.gen.go:3828.16,3830.3 1 0
github.com/corvusHold/guard/sdk/go/api.gen.go:3831.2,3832.61 2 1
github.com/corvusHold/guard/sdk/go/api.gen.go:3832.61,3834.3 1 0
github.com/corvusHold/guard/sdk/go/api.gen.go:3835.2,3835.25 1 1
github.com/corvusHold/guard/sdk/go/api.gen.go:3838.133,3840.16 2 1
github.com/corvusHold/guard/sdk/go/api.gen.go:3840.16,3842.3 1 0
github.com/corvusHold/guard/sdk/go/api.gen.go:3843.2,3844.61 2 1
github.com/corvusHold/guard/sdk/go/api.gen.go:3844.61,3846.3 1 0
github.com/corvusHold/guard/sdk/go/api.gen.go:3847.2,3847.25 1 1
github.com/corvusHold/guard/sdk/go/api.gen.go:3850.145,3852.16 2 0
github.com/corvusHold/guard/sdk/go/api.gen.go:3852.16,3854.3 1 0
github.com/corvusHold/guard/sdk/go/api.gen.go:3855.2,3856.61 2 0
github.com/corvusHold/guard/sdk/go/api.gen.go:3856.61,3858.3 1 0
github.com/corvusHold/guard/sdk/go/api.gen.go:3859.2,3859.25 1 0
github.com/corvusHold/guard/sdk/go/api.gen.go:3862.141,3864.16 2 2
github.com/corvusHold/guard/sdk/go/api.gen.go:3864.16,3866.3 1 0
github.com/corvusHold/guard/sdk/go/api.gen.go:3867.2,3868.61 2 2
github.com/corvusHold/guard/sdk/go/api.gen.go:3868.61,3870.3 1 0
github.com/corvusHold/guard/sdk/go/api.gen.go:3871.2,3871.25 1 2
github.com/corvusHold/guard/sdk/go/api.gen.go:3874.155,3876.16 2 0
github.com/corvusHold/guard/sdk/go/api.gen.go:3876.16,3878.3 1 0
github.com/corvusHold/guard/sdk/go/api.gen.go:3879.2,3880.61 2 0
github.com/corvusHold/guard/sdk/go/api.gen.go:3880.61,3882.3 1 0
github.com/corvusHold/guard/sdk/go/api.gen.go:3883.2,3883.25 1 0
github.com/corvusHold/guard/sdk/go/api.gen.go:3886.149,3888.16 2 1
github.com/corvusHold/guard/sdk/go/api.gen.go:3888.16,3890.3 1 0
github.com/corvusHold/guard/sdk/go/api.gen.go:3891.2,3892.61 2 1
github.com/corvusHold/guard/sdk/go/api.gen.go:3892.61,3894.3 1 0
github.com/corvusHold/guard/sdk/go/api.gen.go:3895.2,3895.25 1 1
github.com/corvusHold/guard/sdk/go/api.gen.go:3898.133,3900.16 2 0
github.com/corvusHold/guard/sdk/go/api.gen.go:3900.16,3902.3 1 0
github.com/corvusHold/guard/sdk/go/api.gen.go:3903.2,3904.61 2 0
github.com/corvusHold/guard/sdk/go/api.gen.go:3904.61,3906.3 1 0
github.com/corvusHold/guard/sdk/go/api.gen.go:3907.2,3907.25 1 0
github.com/corvusHold/guard/sdk/go/api.gen.go:3910.123,3912.16 2 1
github.com/corvusHold/guard/sdk/go/api.gen.go:3912.16,3914.3 1 0
github.com/corvusHold/guard/sdk/go/api.gen.go:3915.2,3916.61 2 1
github.com/corvusHold/guard/sdk/go/api.gen.go:3916.61,3918.3 1 0
github.com/corvusHold/guard/sdk/go/api.gen.go:3919.2,3919.25 1 1
github.com/corvusHold/guard/sdk/go/api.gen.go:3922.172,3924.16 2 0
github.com/corvusHold/guard/sdk/go/api.gen.go:3924.16,3926.3 1 0
github.com/corvusHold/guard/sdk/go/api.gen.go:3927.2,3928.61 2 0
github.com/corvusHold/guard/sdk/go/api.gen.go:3928.61,3930.3 1 0
github.com/corvusHold/guard/sdk/go/api.gen.go:3931.2,3931.25 1 0
github.com/corvusHold/guard/sdk/go/api.gen.go:3934.135,3936.16 2 0
github.com/corvusHold/guard/sdk/go/api.gen.go:3936.16,3938.3 1 0
github.com/corvusHold/guard/sdk/go/api.gen.go:3939.2,3940.61 2 0
github.com/corvusHold/guard/sdk/go/api.gen.go:3940.61,3942.3 1 0
github.com/corvusHold/guard/sdk/go/api.gen.go:3943.2,3943.25 1 0
github.com/corvusHold/guard/sdk/go/api.gen.go:3946.131,3948.16 2 1
github.com/corvusHold/guard/sdk/go/api.gen.go:3948.16,3950.3 1 0
github.com/corvusHold/guard/sdk/go/api.gen.go:3951.2,3952.61 2 1
github.com/corvusHold/guard/sdk/go/api.gen.go:3952.61,3954.3 1 0
github.com/corvusHold/guard/sdk/go/api.gen.go:3955.2,3955.25 1 1
github.com/corvusHold/guard/sdk/go/api.gen.go:3958.175,3960.16 2 0
github.com/corvusHold/guard/sdk/go/api.gen.go:3960.16,3962.3 1 0
github.com/corvusHold/guard/sdk/go/api.gen.go:3963.2,3964.61 2 0
github.com/corvusHold/guard/sdk/go/api.gen.go:3964.61,3966.3 1 0
github.com/corvusHold/guard/sdk/go/api.gen.go:3967.2,3967.25 1 0
github.com/corvusHold/guard/sdk/go/api.gen.go:3970.178,3972.16 2 1
github.com/corvusHold/guard/sdk/go/api.gen.go:3972.16,3974.3 1 0
github.com/corvusHold/guard/sdk/go/api.gen.go:3975.2,3976.61 2 1
github.com/corvusHold/guard/sdk/go/api.gen.go:3976.61,3978.3 1 0
github.com/corvusHold/guard/sdk/go/api.gen.go:3979.2,3979.25 1 1
github.com/corvusHold/guard/sdk/go/api.gen.go:3982.145,3984.16 2 0
github.com/corvusHold/guard/sdk/go/api.gen.go:3984.16,3986.3 1 0
github.com/corvusHold/guard/sdk/go/api.gen.go:3987.2,3988.61 2 0
github.com/corvusHold/guard/sdk/go/api.gen.go:3988.61,3990.3 1 0
github.com/corvusHold/guard/sdk/go/api.gen.go:3991.2,3991.25 1 0
github.com/corvusHold/guard/sdk/go/api.gen.go:3994.165,3996.16 2 0
github.com/corvusHold/guard/sdk/go/api.gen.go:3996.16,3998.3 1 0
github.com/corvusHold/guard/sdk/go/api.gen.go:3999.2,4000.61 2 0
github.com/corvusHold/guard/sdk/go/api.gen.go:4000.61,4002.3 1 0
github.com/corvusHold/guard/sdk/go/api.gen.go:4003.2,4003.25 1 0
github.com/corvusHold/guard/sdk/go/api.gen.go:4006.169,4008.16 2 0
github.com/corvusHold/guard/sdk/go/api.gen.go:4008.16,4010.3 1 0
github.com/corvusHold/guard/sdk/go/api.gen.go:4011.2,4012.61 2 0
github.com/corvusHold/guard/sdk/go/api.gen.go:4012.61,4014.3 1 0
github.com/corvusHold/guard/sdk/go/api.gen.go:4015.2,4015.25 1 0
github.com/corvusHold/guard/sdk/go/api.gen.go:4018.154,4020.16 2 0
github.com/corvusHold/guard/sdk/go/api.gen.go:4020.16,4022.3 1 0
github.com/corvusHold/guard/sdk/go/api.gen.go:4023.2,4024.61 2 0
github.com/corvusHold/guard/sdk/go/api.gen.go:4024.61,4026.3 1 0
github.com/corvusHold/guard/sdk/go/api.gen.go:4027.2,4027.25 1 0
github.com/corvusHold/guard/sdk/go/api.gen.go:4030.167,4032.16 2 0
github.com/corvusHold/guard/sdk/go/api.gen.go:4032.16,4034.3 1 0
github.com/corvusHold/guard/sdk/go/api.gen.go:4035.2,4036.61 2 0
github.com/corvusHold/guard/sdk/go/api.gen.go:4036.61,4038.3 1 0
github.com/corvusHold/guard/sdk/go/api.gen.go:4039.2,4039.25 1 0
github.com/corvusHold/guard/sdk/go/api.gen.go:4042.153,4044.16 2 0
github.com/corvusHold/guard/sdk/go/api.gen.go:4044.16,4046.3 1 0
github.com/corvusHold/guard/sdk/go/api.gen.go:4047.2,4048.61 2 0
github.com/corvusHold/guard/sdk/go/api.gen.go:4048.61,4050.3 1 0
github.com/corvusHold/guard/sdk/go/api.gen.go:4051.2,4051.25 1 0
github.com/corvusHold/guard/sdk/go/api.gen.go:4054.165,4056.16 2 2
github.com/corvusHold/guard/sdk/go/api.gen.go:4056.16,4058.3 1 0
github.com/corvusHold/guard/sdk/go/api.gen.go:4059.2,4060.61 2 2
github.com/corvusHold/guard/sdk/go/api.gen.go:4060.61,4062.3 1 0
github.com/corvusHold/guard/sdk/go/api.gen.go:4063.2,4063.25 1 2
github.com/corvusHold/guard/sdk/go/api.gen.go:4067.91,4071.16 3 0
github.com/corvusHold/guard/sdk/go/api.gen.go:4071.16,4073.3 1 0
github.com/corvusHold/guard/sdk/go/api.gen.go:4075.2,4076.29 2 0
github.com/corvusHold/guard/sdk/go/api.gen.go:4076.29,4078.3 1 0
github.com/corvusHold/guard/sdk/go/api.gen.go:4080.2,4081.16 2 0
github.com/corvusHold/guard/sdk/go/api.gen.go:4081.16,4083.3 1 0
github.com/corvusHold/guard/sdk/go/api.gen.go:4085.2,4086.16 2 0
github.com/corvusHold/guard/sdk/go/api.gen.go:4086.16,4088.3 1 0
github.com/corvusHold/guard/sdk/go/api.gen.go:4090.2,4090.17 1 0
github.com/corvusHold/guard/sdk/go/api.gen.go:4094.111,4098.16 3 0
github.com/corvusHold/guard/sdk/go/api.gen.go:4098.16,4100.3 1 0
github.com/corvusHold/guard/sdk/go/api.gen.go:4102.2,4103.29 2 0
github.com/corvusHold/guard/sdk/go/api.gen.go:4103.29,4105.3 1 0
github.com/corvusHold/guard/sdk/go/api.gen.go:4107.2,4108.16 2 0
github.com/corvusHold/guard/sdk/go/api.gen.go:4108.16,4110.3 1 0
github.com/corvusHold/guard/sdk/go/api.gen.go:4112.2,4112.19 1 0
github.com/corvusHold/guard/sdk/go/api.gen.go:4112.19,4115.26 2 0
github.com/corvusHold/guard/sdk/go/api.gen.go:4115.26,4117.134 1 0
github.com/corvusHold/guard/sdk/go/api.gen.go:4117.134,4119.5 1 0
github.com/corvusHold/guard/sdk/go/api.gen.go:4119.10,4119.67 1 0
github.com/corvusHold/guard/sdk/go/api.gen.go:4119.67,4121.5 1 0
github.com/corvusHold/guard/sdk/go/api.gen.go:4121.10,4122.30 1 0
github.com/corvusHold/guard/sdk/go/api.gen.go:4122.30,4123.27 1 0
github.com/corvusHold/guard/sdk/go/api.gen.go:4123.27,4125.7 1 0
github.com/corvusHold/guard/sdk/go/api.gen.go:4131.3,4131.27 1 0
github.com/corvusHold/guard/sdk/go/api.gen.go:4131.27,4133.136 1 0
github.com/corvusHold/guard/sdk/go/api.gen.go:4133.136,4135.5 1 0
github.com/corvusHold/guard/sdk/go/api.gen.go:4135.10,4135.67 1 0
github.com/corvusHold/guard/sdk/go/api.gen.go:4135.67,4137.5 1 0
github.com/corvusHold/guard/sdk/go/api.gen.go:4137.10,4138.30 1 0
github.com/corvusHold/guard/sdk/go/api.gen.go:4138.30,4139.27 1 0
github.com/corvusHold/guard/sdk/go/api.gen.go:4139.27,4141.7 1 0
github.com/corvusHold/guard/sdk/go/api.gen.go:4147.3,4147.43 1 0
github.com/corvusHold/guard/sdk/go/api.gen.go:4150.2,4151.16 2 0
github.com/corvusHold/guard/sdk/go/api.gen.go:4151.16,4153.3 1 0
github.com/corvusHold/guard/sdk/go/api.gen.go:4155.2,4155.17 1 0
github.com/corvusHold/guard/sdk/go/api.gen.go:4159.119,4162.16 3 0
github.com/corvusHold/guard/sdk/go/api.gen.go:4162.16,4164.3 1 0
github.com/corvusHold/guard/sdk/go/api.gen.go:4165.2,4166.88 2 0
github.com/corvusHold/guard/sdk/go/api.gen.go:4170.120,4174.16 3 0
github.com/corvusHold/guard/sdk/go/api.gen.go:4174.16,4176.3 1 0
github.com/corvusHold/guard/sdk/go/api.gen.go:4178.2,4179.29 2 0
github.com/corvusHold/guard/sdk/go/api.gen.go:4179.29,4181.3 1 0
github.com/corvusHold/guard/sdk/go/api.gen.go:4183.2,4184.16 2 0
github.com/corvusHold/guard/sdk/go/api.gen.go:4184.16,4186.3 1 0
github.com/corvusHold/guard/sdk/go/api.gen.go:4188.2,4189.16 2 0
github.com/corvusHold/guard/sdk/go/api.gen.go:4189.16,4191.3 1 0
github.com/corvusHold/guard/sdk/go/api.gen.go:4193.2,4195.17 2 0
github.com/corvusHold/guard/sdk/go/api.gen.go:4199.91,4205.16 4 0
github.com/corvusHold/guard/sdk/go/api.gen.go:4205.16,4207.3 1 0
github.com/corvusHold/guard/sdk/go/api.gen.go:4209.2,4210.16 2 0
github.com/corvusHold/guard/sdk/go/api.gen.go:4210.16,4212.3 1 0
github.com/corvusHold/guard/sdk/go/api.gen.go:4214.2,4215.29 2 0
github.com/corvusHold/guard/sdk/go/api.gen.go:4215.29,4217.3 1 0
github.com/corvusHold/guard/sdk/go/api.gen.go:4219.2,4220.16 2 0
github.com/corvusHold/guard/sdk/go/api.gen.go:4220.16,4222.3 1 0
github.com/corvusHold/guard/sdk/go/api.gen.go:4224.2,4225.16 2 0
github.com/corvusHold/guard/sdk/go/api.gen.go:4225.16,4227.3 1 0
github.com/corvusHold/guard/sdk/go/api.gen.go:4229.2,4229.17 1 0
github.com/corvusHold/guard/sdk/go/api.gen.go:4233.88,4239.16 4 0
github.com/corvusHold/guard/sdk/go/api.gen.go:4239.16,4241.3 1 0
github.com/corvusHold/guard/sdk/go/api.gen.go:4243.2,4244.16 2 0
github.com/corvusHold/guard/sdk/go/api.gen.go:4244.16,4246.3 1 0
github.com/corvusHold/guard/sdk/go/api.gen.go:4248.2,4249.29 2 0
github.com/corvusHold/guard/sdk/go/api.gen.go:4249.29,4251.3 1 0
github.com/corvusHold/guard/sdk/go/api.gen.go:4253.2,4254.16 2 0
github.com/corvusHold/guard/sdk/go/api.gen.go:4254.16,4256.3 1 0
github.com/corvusHold/guard/sdk/go/api.gen.go:4258.2,4259.16 2 0
github.com/corvusHold/guard/sdk/go/api.gen.go:4259.16,4261.3 1 0
github.com/corvusHold/guard/sdk/go/api.gen.go:4263.2,4263.17 1 0
github.com/corvusHold/guard/sdk/go/api.gen.go:4267.132,4270.16 3 0
github.com/corvusHold/guard/sdk/go/api.gen.go:4270.16,4272.3 1 0
github.com/corvusHold/guard/sdk/go/api.gen.go:4273.2,4274.93 2 0
github.com/corvusHold/guard/sdk/go/api.gen.go:4278.132,4284.16 4 0
github.com/corvusHold/guard/sdk/go/api.gen.go:4284.16,4286.3 1 0
github.com/corvusHold/guard/sdk/go/api.gen.go:4288.2,4289.16 2 0
github.com/corvusHold/guard/sdk/go/api.gen.go:4289.16,4291.3 1 0
github.com/corvusHold/guard/sdk/go/api.gen.go:4293.2,4294.29 2 0
github.com/corvusHold/guard/sdk/go/api.gen.go:4294.29,4296.3 1 0
github.com/corvusHold/guard/sdk/go/api.gen.go:4298.2,4299.16 2 0
github.com/corvusHold/guard/sdk/go/api.gen.go:4299.16,4301.3 1 0
github.com/corvusHold/guard/sdk/go/api.gen.go:4303.2,4304.16 2 0
github.com/corvusHold/guard/sdk/go/api.gen.go:4304.16,4306.3 1 0
github.com/corvusHold/guard/sdk/go/api.gen.go:4308.2,4310.17 2 0
github.com/corvusHold/guard/sdk/go/api.gen.go:4314.79,4318.16 3 0
github.com/corvusHold/guard/sdk/go/api.gen.go:4318.16,4320.3 1 0
github.com/corvusHold/guard/sdk/go/api.gen.go:4322.2,4323.29 2 0
github.com/corvusHold/guard/sdk/go/api.gen.go:4323.29,4325.3 1 0
github.com/corvusHold/guard/sdk/go/api.gen.go:4327.2,4328.16 2 0
github.com/corvusHold/guard/sdk/go/api.gen.go:4328.16,4330.3 1 0
github.com/corvusHold/guard/sdk/go/api.gen.go:4332.2,4333.16 2 0
github.com/corvusHold/guard/sdk/go/api.gen.go:4333.16,4335.3 1 0
github.com/corvusHold/guard/sdk/go/api.gen.go:4337.2,4337.17 1 0
github.com/corvusHold/guard/sdk/go/api.gen.go:4341.127,4344.16 3 0
github.com/corvusHold/guard/sdk/go/api.gen.go:4344.16,4346.3 1 0
github.com/corvusHold/guard/sdk/go/api.gen.go:4347.2,4348.92 2 0
github.com/corvusHold/guard/sdk/go/api.gen.go:4352.124,4356.16 3 0
github.com/corvusHold/guard/sdk/go/api.gen.go:4356.16,4358.3 1 0
github.com/corvusHold/guard/sdk/go/api.gen.go:4360.2,4361.29 2 0
github.com/corvusHold/guard/sdk/go/api.gen.go:4361.29,4363.3 1 0
github.com/corvusHold/guard/sdk/go/api.gen.go:4365.2,4366.16 2 0
github.com/corvusHold/guard/sdk/go/api.gen.go:4366.16,4368.3 1 0
github.com/corvusHold/guard/sdk/go/api.gen.go:4370.2,4371.16 2 0
github.com/corvusHold/guard/sdk/go/api.gen.go:4371.16,4373.3 1 0
github.com/corvusHold/guard/sdk/go/api.gen.go:4375.2,4377.17 2 0
github.com/corvusHold/guard/sdk/go/api.gen.go:4381.99,4387.16 4 0
github.com/corvusHold/guard/sdk/go/api.gen.go:4387.16,4389.3 1 0
github.com/corvusHold/guard/sdk/go/api.gen.go:4391.2,4392.16 2 0
github.com/corvusHold/guard/sdk/go/api.gen.go:4392.16,4394.3 1 0
github.com/corvusHold/guard/sdk/go/api.gen.go:4396.2,4397.29 2 0
github.com/corvusHold/guard/sdk/go/api.gen.go:4397.29,4399.3 1 0
github.com/corvusHold/guard/sdk/go/api.gen.go:4401.2,4402.16 2 0
github.com/corvusHold/guard/sdk/go/api.gen.go:4402.16,4404.3 1 0
github.com/corvusHold/guard/sdk/go/api.gen.go:4406.2,4407.16 2 0
github.com/corvusHold/guard/sdk/go/api.gen.go:4407.16,4409.3 1 0
github.com/corvusHold/guard/sdk/go/api.gen.go:4411.2,4411.17 1 0
github.com/corvusHold/guard/sdk/go/api.gen.go:4415.135,4419.16 3 0
github.com/corvusHold/guard/sdk/go/api.gen.go:4419.16,4421.3 1 0
github.com/corvusHold/guard/sdk/go/api.gen.go:4423.2,4424.29 2 0
github.com/corvusHold/guard/sdk/go/api.gen.go:4424.29,4426.3 1 0
github.com/corvusHold/guard/sdk/go/api.gen.go:4428.2,4429.16 2 0
github.com/corvusHold/guard/sdk/go/api.gen.go:4429.16,4431.3 1 0
github.com/corvusHold/guard/sdk/go/api.gen.go:4433.2,4433.19 1 0
github.com/corvusHold/guard/sdk/go/api.gen.go:4433.19,4436.27 2 0
github.com/corvusHold/guard/sdk/go/api.gen.go:4436.27,4438.136 1 0
github.com/corvusHold/guard/sdk/go/api.gen.go:4438.136,4440.5 1 0
github.com/corvusHold/guard/sdk/go/api.gen.go:4440.10,4440.67 1 0
github.com/corvusHold/guard/sdk/go/api.gen.go:4440.67,4442.5 1 0
github.com/corvusHold/guard/sdk/go/api.gen.go:4442.10,4443.30 1 0
github.com/corvusHold/guard/sdk/go/api.gen.go:4443.30,4444.27 1 0
github.com/corvusHold/guard/sdk/go/api.gen.go:4444.27,4446.7 1 0
github.com/corvusHold/guard/sdk/go/api.gen.go:4452.3,4452.43 1 0
github.com/corvusHold/guard/sdk/go/api.gen.go:4455.2,4456.16 2 0
github.com/corvusHold/guard/sdk/go/api.gen.go:4456.16,4458.3 1 0
github.com/corvusHold/guard/sdk/go/api.gen.go:4460.2,4460.17 1 0
github.com/corvusHold/guard/sdk/go/api.gen.go:4464.132,4468.16 3 0
github.com/corvusHold/guard/sdk/go/api.gen.go:4468.16,4470.3 1 0
github.com/corvusHold/guard/sdk/go/api.gen.go:4472.2,4473.29 2 0
github.com/corvusHold/guard/sdk/go/api.gen.go:4473.29,4475.3 1 0
github.com/corvusHold/guard/sdk/go/api.gen.go:4477.2,4478.16 2 0
github.com/corvusHold/guard/sdk/go/api.gen.go:4478.16,4480.3 1 0
github.com/corvusHold/guard/sdk/go/api.gen.go:4482.2,4483.16 2 0
github.com/corvusHold/guard/sdk/go/api.gen.go:4483.16,4485.3 1 0
github.com/corvusHold/guard/sdk/go/api.gen.go:4487.2,4489.17 2 0
github.com/corvusHold/guard/sdk/go/api.gen.go:4493.137,4497.16 3 0
github.com/corvusHold/guard/sdk/go/api.gen.go:4497.16,4499.3 1 0
github.com/corvusHold/guard/sdk/go/api.gen.go:4501.2,4502.29 2 0
github.com/corvusHold/guard/sdk/go/api.gen.go:4502.29,4504.3 1 0
github.com/corvusHold/guard/sdk/go/api.gen.go:4506.2,4507.16 2 0
github.com/corvusHold/guard/sdk/go/api.gen.go:4507.16,4509.3 1 0
github.com/corvusHold/guard/sdk/go/api.gen.go:4511.2,4511.19 1 0
github.com/corvusHold/guard/sdk/go/api.gen.go:4511.19,4514.29 2 0
github.com/corvusHold/guard/sdk/go/api.gen.go:4514.29,4516.141 1 0
github.com/corvusHold/guard/sdk/go/api.gen.go:4516.141,4518.5 1 0
github.com/corvusHold/guard/sdk/go/api.gen.go:4518.10,4518.67 1 0
github.com/corvusHold/guard/sdk/go/api.gen.go:4518.67,4520.5 1 0
github.com/corvusHold/guard/sdk/go/api.gen.go:4520.10,4521.30 1 0
github.com/corvusHold/guard/sdk/go/api.gen.go:4521.30,4522.27 1 0
github.com/corvusHold/guard/sdk/go/api.gen.go:4522.27,4524.7 1 0
github.com/corvusHold/guard/sdk/go/api.gen.go:4530.3,4530.43 1 0
github.com/corvusHold/guard/sdk/go/api.gen.go:4533.2,4534.16 2 0
github.com/corvusHold/guard/sdk/go/api.gen.go:4534.16,4536.3 1 0
github.com/corvusHold/guard/sdk/go/api.gen.go:4538.2,4538.17 1 0
github.com/corvusHold/guard/sdk/go/api.gen.go:4542.141,4545.16 3 1
github.com/corvusHold/guard/sdk/go/api.gen.go:4545.16,4547.3 1 0
github.com/corvusHold/guard/sdk/go/api.gen.go:4548.2,4549.99 2 1
github.com/corvusHold/guard/sdk/go/api.gen.go:4553.131,4557.16 3 1
github.com/corvusHold/guard/sdk/go/api.gen.go:4557.16,4559.3 1 0
github.com/corvusHold/guard/sdk/go/api.gen.go:4561.2,4562.29 2 1
github.com/corvusHold/guard/sdk/go/api.gen.go:4562.29,4564.3 1 1
github.com/corvusHold/guard/sdk/go/api.gen.go:4566.2,4567.16 2 1
github.com/corvusHold/guard/sdk/go/api.gen.go:4567.16,4569.3 1 0
github.com/corvusHold/guard/sdk/go/api.gen.go:4571.2,4572.16 2 1
github.com/corvusHold/guard/sdk/go/api.gen.go:4572.16,4574.3 1 0
github.com/corvusHold/guard/sdk/go/api.gen.go:4576.2,4578.17 2 1
github.com/corvusHold/guard/sdk/go/api.gen.go:4582.137,4585.16 3 2
github.com/corvusHold/guard/sdk/go/api.gen.go:4585.16,4587.3 1 0
github.com/corvusHold/guard/sdk/go/api.gen.go:4588.2,4589.97 2 2
github.com/corvusHold/guard/sdk/go/api.gen.go:4593.129,4597.16 3 2
github.com/corvusHold/guard/sdk/go/api.gen.go:4597.16,4599.3 1 0
github.com/corvusHold/guard/sdk/go/api.gen.go:4601.2,4602.29 2 2
github.com/corvusHold/guard/sdk/go/api.gen.go:4602.29,4604.3 1 2
github.com/corvusHold/guard/sdk/go/api.gen.go:4606.2,4607.16 2 2
github.com/corvusHold/guard/sdk/go/api.gen.go:4607.16,4609.3 1 0
github.com/corvusHold/guard/sdk/go/api.gen.go:4611.2,4612.16 2 2
github.com/corvusHold/guard/sdk/go/api.gen.go:4612.16,4614.3 1 0
github.com/corvusHold/guard/sdk/go/api.gen.go:4616.2,4618.17 2 2
github.com/corvusHold/guard/sdk/go/api.gen.go:4622.123,4626.16 3 2
github.com/corvusHold/guard/sdk/go/api.gen.go:4626.16,4628.3 1 0
github.com/corvusHold/guard/sdk/go/api.gen.go:4630.2,4631.29 2 2
github.com/corvusHold/guard/sdk/go/api.gen.go:4631.29,4633.3 1 2
github.com/corvusHold/guard/sdk/go/api.gen.go:4635.2,4636.16 2 2
github.com/corvusHold/guard/sdk/go/api.gen.go:4636.16,4638.3 1 0
github.com/corvusHold/guard/sdk/go/api.gen.go:4640.2,4640.19 1 2
github.com/corvusHold/guard/sdk/go/api.gen.go:4640.19,4643.139 2 2
github.com/corvusHold/guard/sdk/go/api.gen.go:4643.139,4645.4 1 0
github.com/corvusHold/guard/sdk/go/api.gen.go:4645.9,4645.66 1 2
github.com/corvusHold/guard/sdk/go/api.gen.go:4645.66,4647.4 1 0
github.com/corvusHold/guard/sdk/go/api.gen.go:4647.9,4648.29 1 2
github.com/corvusHold/guard/sdk/go/api.gen.go:4648.29,4649.26 1 2
github.com/corvusHold/guard/sdk/go/api.gen.go:4649.26,4651.6 1 2
github.com/corvusHold/guard/sdk/go/api.gen.go:4655.3,4655.43 1 2
github.com/corvusHold/guard/sdk/go/api.gen.go:4658.2,4659.16 2 2
github.com/corvusHold/guard/sdk/go/api.gen.go:4659.16,4661.3 1 0
github.com/corvusHold/guard/sdk/go/api.gen.go:4663.2,4663.17 1 2
github.com/corvusHold/guard/sdk/go/api.gen.go:4667.131,4670.16 3 1
github.com/corvusHold/guard/sdk/go/api.gen.go:4670.16,4672.3 1 0
github.com/corvusHold/guard/sdk/go/api.gen.go:4673.2,4674.94 2 1
github.com/corvusHold/guard/sdk/go/api.gen.go:4678.126,4682.16 3 1
github.com/corvusHold/guard/sdk/go/api.gen.go:4682.16,4684.3 1 0
github.com/corvusHold/guard/sdk/go/api.gen.go:4686.2,4687.29 2 1
github.com/corvusHold/guard/sdk/go/api.gen.go:4687.29,4689.3 1 1
github.com/corvusHold/guard/sdk/go/api.gen.go:4691.2,4692.16 2 1
github.com/corvusHold/guard/sdk/go/api.gen.go:4692.16,4694.3 1 0
github.com/corvusHold/guard/sdk/go/api.gen.go:4696.2,4697.16 2 1
github.com/corvusHold/guard/sdk/go/api.gen.go:4697.16,4699.3 1 0
github.com/corvusHold/guard/sdk/go/api.gen.go:4701.2,4703.17 2 1
github.com/corvusHold/guard/sdk/go/api.gen.go:4707.144,4713.16 4 1
github.com/corvusHold/guard/sdk/go/api.gen.go:4713.16,4715.3 1 0
github.com/corvusHold/guard/sdk/go/api.gen.go:4717.2,4718.16 2 1
github.com/corvusHold/guard/sdk/go/api.gen.go:4718.16,4720.3 1 0
github.com/corvusHold/guard/sdk/go/api.gen.go:4722.2,4723.29 2 1
github.com/corvusHold/guard/sdk/go/api.gen.go:4723.29,4725.3 1 1
github.com/corvusHold/guard/sdk/go/api.gen.go:4727.2,4728.16 2 1
github.com/corvusHold/guard/sdk/go/api.gen.go:4728.16,4730.3 1 0
github.com/corvusHold/guard/sdk/go/api.gen.go:4732.2,4732.19 1 1
github.com/corvusHold/guard/sdk/go/api.gen.go:4732.19,4735.139 2 1
github.com/corvusHold/guard/sdk/go/api.gen.go:4735.139,4737.4 1 0
github.com/corvusHold/guard/sdk/go/api.gen.go:4737.9,4737.66 1 1
github.com/corvusHold/guard/sdk/go/api.gen.go:4737.66,4739.4 1 0
github.com/corvusHold/guard/sdk/go/api.gen.go:4739.9,4740.29 1 1
github.com/corvusHold/guard/sdk/go/api.gen.go:4740.29,4741.26 1 1
github.com/corvusHold/guard/sdk/go/api.gen.go:4741.26,4743.6 1 1
github.com/corvusHold/guard/sdk/go/api.gen.go:4747.3,4747.43 1 1
github.com/corvusHold/guard/sdk/go/api.gen.go:4750.2,4751.16 2 1
github.com/corvusHold/guard/sdk/go/api.gen.go:4751.16,4753.3 1 0
github.com/corvusHold/guard/sdk/go/api.gen.go:4755.2,4755.17 1 1
github.com/corvusHold/guard/sdk/go/api.gen.go:4759.164,4762.16 3 2
github.com/corvusHold/guard/sdk/go/api.gen.go:4762.16,4764.3 1 0
github.com/corvusHold/guard/sdk/go/api.gen.go:4765.2,4766.109 2 2
github.com/corvusHold/guard/sdk/go/api.gen.go:4770.148,4776.16 4 2
github.com/corvusHold/guard/sdk/go/api.gen.go:4776.16,4778.3 1 0
github.com/corvusHold/guard/sdk/go/api.gen.go:4780.2,4781.16 2 2
github.com/corvusHold/guard/sdk/go/api.gen.go:4781.16,4783.3 1 0
github.com/corvusHold/guard/sdk/go/api.gen.go:4785.2,4786.29 2 2
github.com/corvusHold/guard/sdk/go/api.gen.go:4786.29,4788.3 1 2
github.com/corvusHold/guard/sdk/go/api.gen.go:4790.2,4791.16 2 2
github.com/corvusHold/guard/sdk/go/api.gen.go:4791.16,4793.3 1 0
github.com/corvusHold/guard/sdk/go/api.gen.go:4795.2,4796.16 2 2
github.com/corvusHold/guard/sdk/go/api.gen.go:4796.16,4798.3 1 0
github.com/corvusHold/guard/sdk/go/api.gen.go:4800.2,4802.17 2 2
github.com/corvusHold/guard/sdk/go/api.gen.go:4806.160,4809.16 3 2
github.com/corvusHold/guard/sdk/go/api.gen.go:4809.16,4811.3 1 0
github.com/corvusHold/guard/sdk/go/api.gen.go:4812.2,4813.107 2 2
github.com/corvusHold/guard/sdk/go/api.gen.go:4817.146,4823.16 4 2
github.com/corvusHold/guard/sdk/go/api.gen.go:4823.16,4825.3 1 0
github.com/corvusHold/guard/sdk/go/api.gen.go:4827.2,4828.16 2 2
github.com/corvusHold/guard/sdk/go/api.gen.go:4828.16,4830.3 1 0
github.com/corvusHold/guard/sdk/go/api.gen.go:4832.2,4833.29 2 2
github.com/corvusHold/guard/sdk/go/api.gen.go:4833.29,4835.3 1 2
github.com/corvusHold/guard/sdk/go/api.gen.go:4837.2,4838.16 2 2
github.com/corvusHold/guard/sdk/go/api.gen.go:4838.16,4840.3 1 0
github.com/corvusHold/guard/sdk/go/api.gen.go:4842.2,4843.16 2 2
github.com/corvusHold/guard/sdk/go/api.gen.go:4843.16,4845.3 1 0
github.com/corvusHold/guard/sdk/go/api.gen.go:4847.2,4849.17 2 2
github.com/corvusHold/guard/sdk/go/api.gen.go:4853.127,4857.16 3 0
github.com/corvusHold/guard/sdk/go/api.gen.go:4857.16,4859.3 1 0
github.com/corvusHold/guard/sdk/go/api.gen.go:4861.2,4862.29 2 0
github.com/corvusHold/guard/sdk/go/api.gen.go:4862.29,4864.3 1 0
github.com/corvusHold/guard/sdk/go/api.gen.go:4866.2,4867.16 2 0
github.com/corvusHold/guard/sdk/go/api.gen.go:4867.16,4869.3 1 0
github.com/corvusHold/guard/sdk/go/api.gen.go:4871.2,4871.19 1 0
github.com/corvusHold/guard/sdk/go/api.gen.go:4871.19,4874.139 2 0
github.com/corvusHold/guard/sdk/go/api.gen.go:4874.139,4876.4 1 0
github.com/corvusHold/guard/sdk/go/api.gen.go:4876.9,4876.66 1 0
github.com/corvusHold/guard/sdk/go/api.gen.go:4876.66,4878.4 1 0
github.com/corvusHold/guard/sdk/go/api.gen.go:4878.9,4879.29 1 0
github.com/corvusHold/guard/sdk/go/api.gen.go:4879.29,4880.26 1 0
github.com/corvusHold/guard/sdk/go/api.gen.go:4880.26,4882.6 1 0
github.com/corvusHold/guard/sdk/go/api.gen.go:4886.3,4886.27 1 0
github.com/corvusHold/guard/sdk/go/api.gen.go:4886.27,4888.136 1 0
github.com/corvusHold/guard/sdk/go/api.gen.go:4888.136,4890.5 1 0
github.com/corvusHold/guard/sdk/go/api.gen.go:4890.10,4890.67 1 0
github.com/corvusHold/guard/sdk/go/api.gen.go:4890.67,4892.5 1 0
github.com/corvusHold/guard/sdk/go/api.gen.go:4892.10,4893.30 1 0
github.com/corvusHold/guard/sdk/go/api.gen.go:4893.30,4894.27 1 0
github.com/corvusHold/guard/sdk/go/api.gen.go:4894.27,4896.7 1 0
github.com/corvusHold/guard/sdk/go/api.gen.go:4902.3,4902.43 1 0
github.com/corvusHold/guard/sdk/go/api.gen.go:4905.2,4906.16 2 0
github.com/corvusHold/guard/sdk/go/api.gen.go:4906.16,4908.3 1 0
github.com/corvusHold/guard/sdk/go/api.gen.go:4910.2,4910.17 1 0
github.com/corvusHold/guard/sdk/go/api.gen.go:4914.135,4917.16 3 0
github.com/corvusHold/guard/sdk/go/api.gen.go:4917.16,4919.3 1 0
github.com/corvusHold/guard/sdk/go/api.gen.go:4920.2,4921.96 2 0
github.com/corvusHold/guard/sdk/go/api.gen.go:4925.128,4929.16 3 0
github.com/corvusHold/guard/sdk/go/api.gen.go:4929.16,4931.3 1 0
github.com/corvusHold/guard/sdk/go/api.gen.go:4933.2,4934.29 2 0
github.com/corvusHold/guard/sdk/go/api.gen.go:4934.29,4936.3 1 0
github.com/corvusHold/guard/sdk/go/api.gen.go:4938.2,4939.16 2 0
github.com/corvusHold/guard/sdk/go/api.gen.go:4939.16,4941.3 1 0
github.com/corvusHold/guard/sdk/go/api.gen.go:4943.2,4944.16 2 0
github.com/corvusHold/guard/sdk/go/api.gen.go:4944.16,4946.3 1 0
github.com/corvusHold/guard/sdk/go/api.gen.go:4948.2,4950.17 2 0
github.com/corvusHold/guard/sdk/go/api.gen.go:4954.99,4960.16 4 0
github.com/corvusHold/guard/sdk/go/api.gen.go:4960.16,4962.3 1 0
github.com/corvusHold/guard/sdk/go/api.gen.go:4964.2,4965.16 2 0
github.com/corvusHold/guard/sdk/go/api.gen.go:4965.16,4967.3 1 0
github.com/corvusHold/guard/sdk/go/api.gen.go:4969.2,4970.29 2 0
[...]
github.com/corvusHold/guard/sdk/go/client_rbac.go:386.16,388.3 1 0
github.com/corvusHold/guard/sdk/go/client_rbac.go:390.2,390.25 1 1
github.com/corvusHold/guard/sdk/go/client_rbac.go:390.25,392.3 1 0
github.com/corvusHold/guard/sdk/go/client_rbac.go:395.2,396.16 2 1
github.com/corvusHold/guard/sdk/go/client_rbac.go:396.16,398.3 1 0
github.com/corvusHold/guard/sdk/go/client_rbac.go:401.2,402.29 2 1
github.com/corvusHold/guard/sdk/go/client_rbac.go:402.29,404.3 1 2
github.com/corvusHold/guard/sdk/go/client_rbac.go:406.2,407.33 2 1
github.com/corvusHold/guard/sdk/go/client_rbac.go:407.33,408.48 1 1
github.com/corvusHold/guard/sdk/go/client_rbac.go:408.48,409.47 1 1
github.com/corvusHold/guard/sdk/go/client_rbac.go:409.47,411.5 1 1
github.com/corvusHold/guard/sdk/go/client_rbac.go:415.2,415.20 1 1
github.com/corvusHold/guard/sdk/go/client_sso.go:143.102,145.21 2 2
github.com/corvusHold/guard/sdk/go/client_sso.go:145.21,147.3 1 0
github.com/corvusHold/guard/sdk/go/client_sso.go:149.2,150.16 2 2
github.com/corvusHold/guard/sdk/go/client_sso.go:150.16,152.3 1 0
github.com/corvusHold/guard/sdk/go/client_sso.go:154.2,154.25 1 2
github.com/corvusHold/guard/sdk/go/client_sso.go:154.25,156.3 1 0
github.com/corvusHold/guard/sdk/go/client_sso.go:159.2,160.75 2 2
github.com/corvusHold/guard/sdk/go/client_sso.go:160.75,162.35 2 1
github.com/corvusHold/guard/sdk/go/client_sso.go:162.35,163.48 1 1
github.com/corvusHold/guard/sdk/go/client_sso.go:163.48,165.5 1 1
github.com/corvusHold/guard/sdk/go/client_sso.go:167.3,167.21 1 1
github.com/corvusHold/guard/sdk/go/client_sso.go:170.2,170.23 1 1
github.com/corvusHold/guard/sdk/go/client_sso.go:174.100,176.16 2 1
github.com/corvusHold/guard/sdk/go/client_sso.go:176.16,178.3 1 0
github.com/corvusHold/guard/sdk/go/client_sso.go:180.2,180.25 1 1
github.com/corvusHold/guard/sdk/go/client_sso.go:180.25,182.3 1 0
github.com/corvusHold/guard/sdk/go/client_sso.go:184.2,185.23 2 1
github.com/corvusHold/guard/sdk/go/client_sso.go:189.114,193.33 3 1
github.com/corvusHold/guard/sdk/go/client_sso.go:193.33,195.42 2 0
github.com/corvusHold/guard/sdk/go/client_sso.go:195.42,196.35 1 0
github.com/corvusHold/guard/sdk/go/client_sso.go:196.35,198.5 1 0
github.com/corvusHold/guard/sdk/go/client_sso.go:200.3,200.27 1 0
github.com/corvusHold/guard/sdk/go/client_sso.go:202.2,240.16 3 1
github.com/corvusHold/guard/sdk/go/client_sso.go:240.16,242.3 1 0
github.com/corvusHold/guard/sdk/go/client_sso.go:244.2,244.25 1 1
github.com/corvusHold/guard/sdk/go/client_sso.go:244.25,246.3 1 0
github.com/corvusHold/guard/sdk/go/client_sso.go:248.2,249.23 2 1
github.com/corvusHold/guard/sdk/go/client_sso.go:253.133,256.33 2 1
github.com/corvusHold/guard/sdk/go/client_sso.go:256.33,258.42 2 0
github.com/corvusHold/guard/sdk/go/client_sso.go:258.42,259.35 1 0
github.com/corvusHold/guard/sdk/go/client_sso.go:259.35,261.5 1 0
github.com/corvusHold/guard/sdk/go/client_sso.go:263.3,263.27 1 0
github.com/corvusHold/guard/sdk/go/client_sso.go:265.2,300.16 3 1
github.com/corvusHold/guard/sdk/go/client_sso.go:300.16,302.3 1 0
github.com/corvusHold/guard/sdk/go/client_sso.go:304.2,304.25 1 1
github.com/corvusHold/guard/sdk/go/client_sso.go:304.25,306.3 1 0
github.com/corvusHold/guard/sdk/go/client_sso.go:308.2,309.23 2 1
github.com/corvusHold/guard/sdk/go/client_sso.go:313.87,315.16 2 1
github.com/corvusHold/guard/sdk/go/client_sso.go:315.16,317.3 1 0
github.com/corvusHold/guard/sdk/go/client_sso.go:319.2,319.30 1 1
github.com/corvusHold/guard/sdk/go/client_sso.go:319.30,321.3 1 0
github.com/corvusHold/guard/sdk/go/client_sso.go:323.2,323.12 1 1
github.com/corvusHold/guard/sdk/go/client_sso.go:327.113,329.16 2 1
github.com/corvusHold/guard/sdk/go/client_sso.go:329.16,331.3 1 0
github.com/corvusHold/guard/sdk/go/client_sso.go:333.2,333.25 1 1
github.com/corvusHold/guard/sdk/go/client_sso.go:333.25,335.3 1 0
github.com/corvusHold/guard/sdk/go/client_sso.go:337.2,341.58 2 1
github.com/corvusHold/guard/sdk/go/client_sso.go:341.58,343.3 1 1
github.com/corvusHold/guard/sdk/go/client_sso.go:345.2,345.57 1 1
github.com/corvusHold/guard/sdk/go/client_sso.go:345.57,347.3 1 0
github.com/corvusHold/guard/sdk/go/client_sso.go:349.2,349.53 1 1
github.com/corvusHold/guard/sdk/go/client_sso.go:349.53,350.53 1 1
github.com/corvusHold/guard/sdk/go/client_sso.go:350.53,352.4 1 1
github.com/corvusHold/guard/sdk/go/client_sso.go:355.2,355.20 1 1
github.com/corvusHold/guard/sdk/go/client_sso.go:359.74,362.38 2 5
github.com/corvusHold/guard/sdk/go/client_sso.go:362.38,364.3 1 5
github.com/corvusHold/guard/sdk/go/client_sso.go:365.2,365.45 1 5
github.com/corvusHold/guard/sdk/go/client_sso.go:365.45,367.3 1 2
github.com/corvusHold/guard/sdk/go/client_sso.go:368.2,368.40 1 5
github.com/corvusHold/guard/sdk/go/client_sso.go:368.40,370.3 1 5
github.com/corvusHold/guard/sdk/go/client_sso.go:371.2,371.40 1 5
github.com/corvusHold/guard/sdk/go/client_sso.go:371.40,373.3 1 2
github.com/corvusHold/guard/sdk/go/client_sso.go:374.2,374.49 1 5
github.com/corvusHold/guard/sdk/go/client_sso.go:374.49,376.3 1 5
github.com/corvusHold/guard/sdk/go/client_sso.go:377.2,377.41 1 5
github.com/corvusHold/guard/sdk/go/client_sso.go:377.41,379.3 1 2
github.com/corvusHold/guard/sdk/go/client_sso.go:380.2,380.46 1 5
github.com/corvusHold/guard/sdk/go/client_sso.go:380.46,382.3 1 1
github.com/corvusHold/guard/sdk/go/client_sso.go:383.2,383.54 1 5
github.com/corvusHold/guard/sdk/go/client_sso.go:383.54,385.3 1 1
github.com/corvusHold/guard/sdk/go/client_sso.go:386.2,386.50 1 5
github.com/corvusHold/guard/sdk/go/client_sso.go:386.50,388.23 2 1
github.com/corvusHold/guard/sdk/go/client_sso.go:388.23,389.31 1 1
github.com/corvusHold/guard/sdk/go/client_sso.go:389.31,391.5 1 1
github.com/corvusHold/guard/sdk/go/client_sso.go:393.3,393.29 1 1
github.com/corvusHold/guard/sdk/go/client_sso.go:395.2,395.69 1 5
github.com/corvusHold/guard/sdk/go/client_sso.go:395.69,397.3 1 1
github.com/corvusHold/guard/sdk/go/client_sso.go:400.2,400.42 1 5
github.com/corvusHold/guard/sdk/go/client_sso.go:400.42,402.3 1 1
github.com/corvusHold/guard/sdk/go/client_sso.go:403.2,403.58 1 5
github.com/corvusHold/guard/sdk/go/client_sso.go:403.58,405.3 1 1
github.com/corvusHold/guard/sdk/go/client_sso.go:406.2,406.50 1 5
github.com/corvusHold/guard/sdk/go/client_sso.go:406.50,408.3 1 1
github.com/corvusHold/guard/sdk/go/client_sso.go:409.2,409.53 1 5
github.com/corvusHold/guard/sdk/go/client_sso.go:409.53,411.3 1 1
github.com/corvusHold/guard/sdk/go/client_sso.go:412.2,412.44 1 5
github.com/corvusHold/guard/sdk/go/client_sso.go:412.44,414.3 1 1
github.com/corvusHold/guard/sdk/go/client_sso.go:415.2,415.45 1 5
github.com/corvusHold/guard/sdk/go/client_sso.go:415.45,417.3 1 1
github.com/corvusHold/guard/sdk/go/client_sso.go:418.2,418.49 1 5
github.com/corvusHold/guard/sdk/go/client_sso.go:418.49,420.3 1 1
github.com/corvusHold/guard/sdk/go/client_sso.go:421.2,421.49 1 5
github.com/corvusHold/guard/sdk/go/client_sso.go:421.49,423.23 2 1
github.com/corvusHold/guard/sdk/go/client_sso.go:423.23,424.33 1 2
github.com/corvusHold/guard/sdk/go/client_sso.go:424.33,426.5 1 2
github.com/corvusHold/guard/sdk/go/client_sso.go:428.3,428.27 1 1
github.com/corvusHold/guard/sdk/go/client_sso.go:430.2,430.49 1 5
github.com/corvusHold/guard/sdk/go/client_sso.go:430.49,432.3 1 1
github.com/corvusHold/guard/sdk/go/client_sso.go:433.2,433.49 1 5
github.com/corvusHold/guard/sdk/go/client_sso.go:433.49,435.3 1 1
github.com/corvusHold/guard/sdk/go/client_sso.go:438.2,438.45 1 5
github.com/corvusHold/guard/sdk/go/client_sso.go:438.45,440.3 1 1
github.com/corvusHold/guard/sdk/go/client_sso.go:441.2,441.43 1 5
github.com/corvusHold/guard/sdk/go/client_sso.go:441.43,443.3 1 1
github.com/corvusHold/guard/sdk/go/client_sso.go:444.2,444.43 1 5
github.com/corvusHold/guard/sdk/go/client_sso.go:444.43,446.3 1 1
github.com/corvusHold/guard/sdk/go/client_sso.go:447.2,447.52 1 5
github.com/corvusHold/guard/sdk/go/client_sso.go:447.52,449.3 1 1
github.com/corvusHold/guard/sdk/go/client_sso.go:450.2,450.52 1 5
github.com/corvusHold/guard/sdk/go/client_sso.go:450.52,452.3 1 1
github.com/corvusHold/guard/sdk/go/client_sso.go:453.2,453.49 1 5
github.com/corvusHold/guard/sdk/go/client_sso.go:453.49,455.3 1 1
github.com/corvusHold/guard/sdk/go/client_sso.go:456.2,456.47 1 5
github.com/corvusHold/guard/sdk/go/client_sso.go:456.47,458.3 1 1
github.com/corvusHold/guard/sdk/go/client_sso.go:459.2,459.47 1 5
github.com/corvusHold/guard/sdk/go/client_sso.go:459.47,461.3 1 1
github.com/corvusHold/guard/sdk/go/client_sso.go:462.2,462.51 1 5
github.com/corvusHold/guard/sdk/go/client_sso.go:462.51,464.3 1 1
github.com/corvusHold/guard/sdk/go/client_sso.go:465.2,465.50 1 5
github.com/corvusHold/guard/sdk/go/client_sso.go:465.50,467.3 1 1
github.com/corvusHold/guard/sdk/go/client_sso.go:468.2,468.50 1 5
github.com/corvusHold/guard/sdk/go/client_sso.go:468.50,470.3 1 1
github.com/corvusHold/guard/sdk/go/client_sso.go:471.2,471.56 1 5
github.com/corvusHold/guard/sdk/go/client_sso.go:471.56,473.3 1 1
github.com/corvusHold/guard/sdk/go/client_sso.go:474.2,474.54 1 5
github.com/corvusHold/guard/sdk/go/client_sso.go:474.54,476.3 1 1
github.com/corvusHold/guard/sdk/go/client_sso.go:477.2,477.47 1 5
github.com/corvusHold/guard/sdk/go/client_sso.go:477.47,479.3 1 1
github.com/corvusHold/guard/sdk/go/client_sso.go:480.2,480.45 1 5
github.com/corvusHold/guard/sdk/go/client_sso.go:480.45,482.3 1 1
github.com/corvusHold/guard/sdk/go/client_sso.go:484.2,484.46 1 5
github.com/corvusHold/guard/sdk/go/client_sso.go:484.46,486.3 1 1
github.com/corvusHold/guard/sdk/go/client_sso.go:487.2,487.46 1 5
github.com/corvusHold/guard/sdk/go/client_sso.go:487.46,489.3 1 1
github.com/corvusHold/guard/sdk/go/client_sso.go:491.2,491.17 1 5
github.com/corvusHold/guard/sdk/go/client_tenant.go:23.107,26.16 3 1
github.com/corvusHold/guard/sdk/go/client_tenant.go:26.16,28.3 1 0
github.com/corvusHold/guard/sdk/go/client_tenant.go:29.2,29.25 1 1
github.com/corvusHold/guard/sdk/go/client_tenant.go:29.25,31.3 1 0
github.com/corvusHold/guard/sdk/go/client_tenant.go:33.2,35.22 3 1
github.com/corvusHold/guard/sdk/go/client_tenant.go:35.22,37.3 1 1
github.com/corvusHold/guard/sdk/go/client_tenant.go:38.2,38.24 1 1
github.com/corvusHold/guard/sdk/go/client_tenant.go:38.24,40.3 1 1
github.com/corvusHold/guard/sdk/go/client_tenant.go:41.2,41.28 1 1
github.com/corvusHold/guard/sdk/go/client_tenant.go:41.28,43.3 1 1
github.com/corvusHold/guard/sdk/go/client_tenant.go:44.2,44.29 1 1
github.com/corvusHold/guard/sdk/go/client_tenant.go:44.29,46.3 1 0
github.com/corvusHold/guard/sdk/go/client_tenant.go:47.2,47.29 1 1
github.com/corvusHold/guard/sdk/go/client_tenant.go:47.29,49.3 1 0
github.com/corvusHold/guard/sdk/go/client_tenant.go:51.2,51.20 1 1
github.com/corvusHold/guard/sdk/go/client_tenant.go:55.96,56.20 1 1
github.com/corvusHold/guard/sdk/go/client_tenant.go:56.20,58.3 1 1
github.com/corvusHold/guard/sdk/go/client_tenant.go:59.2,59.20 1 1
github.com/corvusHold/guard/sdk/go/client_tenant.go:59.20,61.3 1 0
github.com/corvusHold/guard/sdk/go/client_tenant.go:63.2,64.16 2 1
github.com/corvusHold/guard/sdk/go/client_tenant.go:64.16,66.3 1 0
github.com/corvusHold/guard/sdk/go/client_tenant.go:67.2,67.25 1 1
github.com/corvusHold/guard/sdk/go/client_tenant.go:67.25,69.3 1 0
github.com/corvusHold/guard/sdk/go/client_tenant.go:71.2,72.28 2 1
github.com/corvusHold/guard/sdk/go/client_tenant.go:72.28,74.3 1 1
github.com/corvusHold/guard/sdk/go/client_tenant.go:75.2,75.30 1 1
github.com/corvusHold/guard/sdk/go/client_tenant.go:75.30,77.3 1 1
github.com/corvusHold/guard/sdk/go/client_tenant.go:78.2,78.34 1 1
github.com/corvusHold/guard/sdk/go/client_tenant.go:78.34,80.3 1 1
github.com/corvusHold/guard/sdk/go/client_tenant.go:81.2,81.35 1 1
github.com/corvusHold/guard/sdk/go/client_tenant.go:81.35,83.3 1 0
github.com/corvusHold/guard/sdk/go/client_tenant.go:84.2,84.35 1 1
github.com/corvusHold/guard/sdk/go/client_tenant.go:84.35,86.3 1 0
github.com/corvusHold/guard/sdk/go/client_tenant.go:88.2,88.20 1 1
github.com/corvusHold/guard/sdk/go/crypto_helpers.go:11.66,15.20 2 5
github.com/corvusHold/guard/sdk/go/crypto_helpers.go:15.20,19.3 3 3
github.com/corvusHold/guard/sdk/go/crypto_helpers.go:22.2,23.16 2 2
github.com/corvusHold/guard/sdk/go/crypto_helpers.go:23.16,25.3 1 1
github.com/corvusHold/guard/sdk/go/crypto_helpers.go:26.2,26.41 1 1
github.com/corvusHold/guard/sdk/go/crypto_helpers.go:30.51,35.2 4 2
github.com/corvusHold/guard/sdk/go/crypto_helpers.go:38.64,40.36 1 3
github.com/corvusHold/guard/sdk/go/crypto_helpers.go:40.36,42.3 1 2
github.com/corvusHold/guard/sdk/go/crypto_helpers.go:44.2,47.41 2 1
github.com/corvusHold/guard/sdk/go/crypto_helpers.go:47.41,49.3 1 0
github.com/corvusHold/guard/sdk/go/crypto_helpers.go:50.2,53.25 4 1
github.com/corvusHold/guard/sdk/go/crypto_helpers.go:53.25,55.3 1 0
github.com/corvusHold/guard/sdk/go/crypto_helpers.go:56.2,60.41 3 1
github.com/corvusHold/guard/sdk/go/crypto_helpers.go:60.41,62.3 1 0
github.com/corvusHold/guard/sdk/go/crypto_helpers.go:63.2,66.25 4 1
github.com/corvusHold/guard/sdk/go/crypto_helpers.go:66.25,68.3 1 0
github.com/corvusHold/guard/sdk/go/crypto_helpers.go:69.2,71.18 2 1
github.com/corvusHold/guard/sdk/go/token_validator.go:57.67,58.33 1 2
github.com/corvusHold/guard/sdk/go/token_validator.go:58.33,58.53 1 2
github.com/corvusHold/guard/sdk/go/token_validator.go:62.61,63.33 1 1
github.com/corvusHold/guard/sdk/go/token_validator.go:63.33,63.51 1 1
github.com/corvusHold/guard/sdk/go/token_validator.go:68.66,69.33 1 1
github.com/corvusHold/guard/sdk/go/token_validator.go:69.33,69.77 1 1
github.com/corvusHold/guard/sdk/go/token_validator.go:73.87,80.25 2 6
github.com/corvusHold/guard/sdk/go/token_validator.go:80.25,82.3 1 4
github.com/corvusHold/guard/sdk/go/token_validator.go:83.2,83.10 1 6
github.com/corvusHold/guard/sdk/go/token_validator.go:87.98,90.16 2 5
github.com/corvusHold/guard/sdk/go/token_validator.go:90.16,92.3 1 0
github.com/corvusHold/guard/sdk/go/token_validator.go:94.2,97.20 3 5
github.com/corvusHold/guard/sdk/go/token_validator.go:97.20,99.3 1 1
github.com/corvusHold/guard/sdk/go/token_validator.go:100.2,100.47 1 4
github.com/corvusHold/guard/sdk/go/token_validator.go:104.108,106.16 2 4
github.com/corvusHold/guard/sdk/go/token_validator.go:106.16,108.3 1 1
github.com/corvusHold/guard/sdk/go/token_validator.go:110.2,111.16 2 3
github.com/corvusHold/guard/sdk/go/token_validator.go:111.16,113.3 1 0
github.com/corvusHold/guard/sdk/go/token_validator.go:116.2,117.16 2 3
github.com/corvusHold/guard/sdk/go/token_validator.go:117.16,119.3 1 0
github.com/corvusHold/guard/sdk/go/token_validator.go:121.2,122.50 2 3
github.com/corvusHold/guard/sdk/go/token_validator.go:122.50,124.3 1 1
github.com/corvusHold/guard/sdk/go/token_validator.go:127.2,128.16 2 2
github.com/corvusHold/guard/sdk/go/token_validator.go:128.16,130.3 1 0
github.com/corvusHold/guard/sdk/go/token_validator.go:133.2,133.60 1 2
github.com/corvusHold/guard/sdk/go/token_validator.go:133.60,135.3 1 1
github.com/corvusHold/guard/sdk/go/token_validator.go:137.2,137.20 1 1
github.com/corvusHold/guard/sdk/go/token_validator.go:141.92,147.18 5 6
github.com/corvusHold/guard/sdk/go/token_validator.go:147.18,149.3 1 4
github.com/corvusHold/guard/sdk/go/token_validator.go:152.2,152.41 1 2
github.com/corvusHold/guard/sdk/go/token_validator.go:152.41,154.9 1 2
github.com/corvusHold/guard/sdk/go/token_validator.go:154.9,156.4 1 1
github.com/corvusHold/guard/sdk/go/token_validator.go:157.3,157.18 1 1
github.com/corvusHold/guard/sdk/go/token_validator.go:160.2,164.9 4 0
github.com/corvusHold/guard/sdk/go/token_validator.go:164.9,166.3 1 0
github.com/corvusHold/guard/sdk/go/token_validator.go:167.2,167.17 1 0
github.com/corvusHold/guard/sdk/go/token_validator.go:171.63,173.22 2 5
github.com/corvusHold/guard/sdk/go/token_validator.go:173.22,175.3 1 1
github.com/corvusHold/guard/sdk/go/token_validator.go:176.2,177.16 2 5
github.com/corvusHold/guard/sdk/go/token_validator.go:177.16,179.3 1 0
github.com/corvusHold/guard/sdk/go/token_validator.go:181.2,182.16 2 5
github.com/corvusHold/guard/sdk/go/token_validator.go:182.16,184.3 1 2
github.com/corvusHold/guard/sdk/go/token_validator.go:185.2,187.38 2 3
github.com/corvusHold/guard/sdk/go/token_validator.go:187.38,189.3 1 2
github.com/corvusHold/guard/sdk/go/token_validator.go:191.2,192.65 2 1
github.com/corvusHold/guard/sdk/go/token_validator.go:192.65,194.3 1 0
github.com/corvusHold/guard/sdk/go/token_validator.go:196.2,197.30 2 1
github.com/corvusHold/guard/sdk/go/token_validator.go:197.30,198.40 1 2
github.com/corvusHold/guard/sdk/go/token_validator.go:198.40,199.12 1 1
github.com/corvusHold/guard/sdk/go/token_validator.go:201.3,202.17 2 1
github.com/corvusHold/guard/sdk/go/token_validator.go:202.17,203.12 1 0
github.com/corvusHold/guard/sdk/go/token_validator.go:205.3,205.23 1 1
github.com/corvusHold/guard/sdk/go/token_validator.go:208.2,213.12 5 1
github.com/corvusHold/guard/sdk/go/token_validator.go:232.59,234.16 2 2
github.com/corvusHold/guard/sdk/go/token_validator.go:234.16,236.3 1 1
github.com/corvusHold/guard/sdk/go/token_validator.go:237.2,238.16 2 1
github.com/corvusHold/guard/sdk/go/token_validator.go:238.16,240.3 1 0
github.com/corvusHold/guard/sdk/go/token_validator.go:241.2,245.8 1 1
github.com/corvusHold/guard/sdk/go/token_validator.go:250.67,252.16 2 7
github.com/corvusHold/guard/sdk/go/token_validator.go:252.16,254.3 1 0
github.com/corvusHold/guard/sdk/go/token_validator.go:255.2,256.16 2 7
github.com/corvusHold/guard/sdk/go/token_validator.go:256.16,258.3 1 1
github.com/corvusHold/guard/sdk/go/token_validator.go:259.2,260.61 2 6
github.com/corvusHold/guard/sdk/go/token_validator.go:260.61,262.3 1 0
github.com/corvusHold/guard/sdk/go/token_validator.go:263.2,263.20 1 6
github.com/corvusHold/guard/sdk/go/token_validator.go:266.47,271.34 4 13
github.com/corvusHold/guard/sdk/go/token_validator.go:271.34,272.22 1 1778
github.com/corvusHold/guard/sdk/go/token_validator.go:272.22,276.4 3 25
github.com/corvusHold/guard/sdk/go/token_validator.go:278.2,279.21 2 13
github.com/corvusHold/guard/sdk/go/token_validator.go:279.21,281.3 1 1
github.com/corvusHold/guard/sdk/go/token_validator.go:282.2,282.19 1 12
github.com/corvusHold/guard/sdk/go/token_validator.go:285.58,287.16 2 4
github.com/corvusHold/guard/sdk/go/token_validator.go:287.16,289.3 1 1
github.com/corvusHold/guard/sdk/go/token_validator.go:292.2,293.59 2 3
github.com/corvusHold/guard/sdk/go/token_validator.go:293.59,295.3 1 0
github.com/corvusHold/guard/sdk/go/token_validator.go:297.2,298.38 2 3
github.com/corvusHold/guard/sdk/go/token_validator.go:298.38,300.3 1 3
github.com/corvusHold/guard/sdk/go/token_validator.go:301.2,301.38 1 3
github.com/corvusHold/guard/sdk/go/token_validator.go:301.38,303.3 1 3
github.com/corvusHold/guard/sdk/go/token_validator.go:304.2,304.40 1 3
github.com/corvusHold/guard/sdk/go/token_validator.go:304.40,306.3 1 2
github.com/corvusHold/guard/sdk/go/token_validator.go:307.2,307.39 1 3
github.com/corvusHold/guard/sdk/go/token_validator.go:307.39,309.3 1 2
github.com/corvusHold/guard/sdk/go/token_validator.go:310.2,310.38 1 3
github.com/corvusHold/guard/sdk/go/token_validator.go:310.38,312.3 1 2
github.com/corvusHold/guard/sdk/go/token_validator.go:313.2,313.38 1 3
github.com/corvusHold/guard/sdk/go/token_validator.go:313.38,315.3 1 2
github.com/corvusHold/guard/sdk/go/token_validator.go:316.2,316.39 1 3
github.com/corvusHold/guard/sdk/go/token_validator.go:316.39,318.3 1 2
github.com/corvusHold/guard/sdk/go/token_validator.go:319.2,319.39 1 3
github.com/corvusHold/guard/sdk/go/token_validator.go:319.39,321.3 1 3
github.com/corvusHold/guard/sdk/go/token_validator.go:322.2,322.49 1 3
github.com/corvusHold/guard/sdk/go/token_validator.go:322.49,323.25 1 2
github.com/corvusHold/guard/sdk/go/token_validator.go:323.25,324.31 1 5
github.com/corvusHold/guard/sdk/go/token_validator.go:324.31,326.5 1 4
github.com/corvusHold/guard/sdk/go/token_validator.go:330.2,330.20 1 3
